  -- BOUND ------ BOUND ------ BOUND ------ BOUND ------ BOUND ------ BOUND --
 |                                                                            |
 |          Bound states of interacting pairs of atoms and molecules          |
 |                                                                            |
 |              Copyright (C) 2025 J. M. Hutson & C. R. Le Sueur              |
 |                                                                            |
 |                               Version 2025.0                               |
 |                                                                            |
 |                       Run on 28 Feb 2026   at 15:48:11                     |
 |                                                                            |
  -- BOUND ------ BOUND ------ BOUND ------ BOUND ------ BOUND ------ BOUND --


  This program is free software: you can redistribute it and/or modify it under
  the terms of the GNU General Public License, version 3, as published by
  the Free Software Foundation.

  Publications resulting from the use of this program should cite both the
  version of the program used:

  J. M. Hutson & C. R. Le Sueur, BOUND: a program for bound states of
  interacting pairs of atoms and molecules,
  Version 2025.0, https//github.com/molscat/molscat

  and the published paper:

  J. M. Hutson & C. R. Le Sueur, Comput. Phys. Commun., 241, 1-8 (2019).


  USING CODATA 2022 RECOMMENDED VALUES OF FUNDAMENTAL PHYSICAL CONSTANTS

  PRINT LEVEL (IPRINT) =  5

  REDUCED MASS FOR INTERACTION =   3.668783067 ATOMIC MASS UNITS (DALTONS)

  ENERGY-INDEPENDENT MATRICES WILL BE SAVED TEMPORARILY ON UNIT 30

  ======================================================================================================================

  INTERACTION TYPE IS    LINEAR RIGID ROTOR  -  ATOM.  

  MOLECULAR QUANTUM NUMBERS OBTAINED FROM JMIN =  0,  JMAX = 34,  AND JSTEP = 1

  ENERGY LEVELS OBTAINED FROM B(E) =    0.390134

  QUANTUM NUMBERS FOR INTERACTING PAIR:
  EACH PAIR STATE IS LABELLED BY  1 QUANTUM NUMBER 
  EACH CHANNEL FUNCTION IS FORMED BY COMBINING A PAIR STATE WITH A VALUE OF L.
  THE RESULTING BASIS SET IS ASYMPTOTICALLY DIAGONAL.

  PAIR STATE     PAIR STATE QUANTUM NUMBERS    PAIR LEVEL     PAIR ENERGY (CM-1)
                ---------        J ---------
        1                        0                1             0.0000000
        2                        1                2             0.7802672
        3                        2                3             2.3408017
        4                        3                4             4.6816034
        5                        4                5             7.8026724
        6                        5                6            11.7040085
        7                        6                7            16.3856120
        8                        7                8            21.8474826
        9                        8                9            28.0896205
       10                        9               10            35.1120256
       11                       10               11            42.9146980
       12                       11               12            51.4976376
       13                       12               13            60.8608444
       14                       13               14            71.0043185
       15                       14               15            81.9280598
       16                       15               16            93.6320683
       17                       16               17           106.1163441
       18                       17               18           119.3808871
       19                       18               19           133.4256973
       20                       19               20           148.2507748
       21                       20               21           163.8561195
       22                       21               22           180.2417315
       23                       22               23           197.4076107
       24                       23               24           215.3537571
       25                       24               25           234.0801708
       26                       25               26           253.5868517
       27                       26               27           273.8737998
       28                       27               28           294.9410152
       29                       28               29           316.7884978
       30                       29               30           339.4162476
       31                       30               31           362.8242647
       32                       31               32           387.0125490
       33                       32               33           411.9811005
       34                       33               34           437.7299193
       35                       34               35           464.2590053

  ======================================================================================================================
  GENERAL-PURPOSE POTENL ROUTINE (MAY 18)

  UNEXPANDED POTENTIAL IS OBTAINED FROM VRTP ROUTINE.

  A SUITABLE VRTP ROUTINE MUST BE SUPPLIED.
 VRTP: loaded Veff0_grid.dat NR=         197  NT=          48
 VRTP: R range [bohr]=   1.5000000000000000        25.000000000000000     
 VRTP: theta range [rad]=   4.9583149999999999E-002   3.0920095000000001     
  IHOMO = 2 SPECIFIES HOMONUCLEAR SYMMETRY.
  USING  48-POINT QUADRATURE FOR THETA-1
  HOMONUCLEAR SYMMETRY: ONLY HALF OF THE THETA-1 POINTS WILL BE USED

  ANGULAR DEPENDENCE OF POTENTIAL EXPANDED IN TERMS OF
  LEGENDRE POLYNOMIALS, P(LAMBDA).
  POTENTIAL TERMS GENERATED FROM LMAX = 30 AND IHOMO = 2

  INTERACTION POTENTIAL FOR EXPANSION TERM NUMBER   1
  WHICH HAS LAMBDA =   0


  INTERACTION POTENTIAL FOR EXPANSION TERM NUMBER   2
  WHICH HAS LAMBDA =   2


  INTERACTION POTENTIAL FOR EXPANSION TERM NUMBER   3
  WHICH HAS LAMBDA =   4


  INTERACTION POTENTIAL FOR EXPANSION TERM NUMBER   4
  WHICH HAS LAMBDA =   6


  INTERACTION POTENTIAL FOR EXPANSION TERM NUMBER   5
  WHICH HAS LAMBDA =   8


  INTERACTION POTENTIAL FOR EXPANSION TERM NUMBER   6
  WHICH HAS LAMBDA =  10


  INTERACTION POTENTIAL FOR EXPANSION TERM NUMBER   7
  WHICH HAS LAMBDA =  12


  INTERACTION POTENTIAL FOR EXPANSION TERM NUMBER   8
  WHICH HAS LAMBDA =  14


  INTERACTION POTENTIAL FOR EXPANSION TERM NUMBER   9
  WHICH HAS LAMBDA =  16


  INTERACTION POTENTIAL FOR EXPANSION TERM NUMBER  10
  WHICH HAS LAMBDA =  18


  INTERACTION POTENTIAL FOR EXPANSION TERM NUMBER  11
  WHICH HAS LAMBDA =  20


  INTERACTION POTENTIAL FOR EXPANSION TERM NUMBER  12
  WHICH HAS LAMBDA =  22


  INTERACTION POTENTIAL FOR EXPANSION TERM NUMBER  13
  WHICH HAS LAMBDA =  24


  INTERACTION POTENTIAL FOR EXPANSION TERM NUMBER  14
  WHICH HAS LAMBDA =  26


  INTERACTION POTENTIAL FOR EXPANSION TERM NUMBER  15
  WHICH HAS LAMBDA =  28


  INTERACTION POTENTIAL FOR EXPANSION TERM NUMBER  16
  WHICH HAS LAMBDA =  30


  POTENL PROCESSING FINISHED.

  POTENTIAL RETURNED IN UNITS OF EPSIL  =  1.0000000     CM-1

  ALL LENGTHS ARE IN UNITS OF ANGSTROM UNLESS OTHERWISE STATED

  INTERACTION MATRIX USES  16 BLOCKS OF VL ARRAY FOR R-DEPENDENT TERMS IN POTENTIAL

  ======================================================================================================================

  PROPAGATION METHODS FOR COUPLED EQUATIONS SPECIFIED BY IPROPS =  5 AND IPROPL =  5

  COUPLED EQUATIONS WILL BE PROPAGATED TOWARDS RMATCH IN 2 SEGMENTS

  PROPAGATION RANGES ARE CONTROLLED BY VARIABLES RMIN, RMATCH AND RMAX, WITH INPUT VALUES
  RMIN =   1.500     RMATCH =   6.000     RMAX =   20.00    
  ++++++++++++++++++++++++++++++++++++++++++++++++++++++++++++++++++++++++++++++++++++++++++++++++++++++++++++++++++++++
  SEGMENT 1 WILL BE PROPAGATED OUTWARDS

  FROM RMIN =      1.50 TO RMATCH =      6.00

  COUPLED EQUATIONS SOLVED BY LOG-DERIVATIVE PROPAGATOR OF JOHNSON

  PROPAGATION STEP SIZE DETERMINED USING DR =  3.000E-02
  STEP SIZE CONSTANT THROUGHOUT RANGE
  STEP SIZE MAY BE ADJUSTED SLIGHTLY SO THAT RANGE IS A WHOLE NUMBER OF STEPS

  LOG-DERIVATIVE MATRIX INITIALISED IN THE LOCAL EIGENBASIS AT RMIN IN THE OUTWARD PROPAGATION PART
  LOCALLY CLOSED CHANNELS INITIALISED WITH A WKB BOUNDARY CONDITION
  ++++++++++++++++++++++++++++++++++++++++++++++++++++++++++++++++++++++++++++++++++++++++++++++++++++++++++++++++++++++
  SEGMENT 2 WILL BE PROPAGATED  INWARDS

  TO RMATCH =      6.00 FROM RMAX =     20.00

  COUPLED EQUATIONS SOLVED BY LOG-DERIVATIVE PROPAGATOR OF JOHNSON

  INITIAL STEP SIZE TAKEN FROM SIZE OF FINAL STEP OF SHORT-RANGE PROPAGATION
  STEP SIZE CONSTANT THROUGHOUT RANGE
  STEP SIZE MAY BE ADJUSTED SLIGHTLY SO THAT RANGE IS A WHOLE NUMBER OF STEPS

  LOG-DERIVATIVE MATRIX INITIALISED IN THE LOCAL EIGENBASIS AT RMAX IN THE INWARD PROPAGATION PART
  LOCALLY CLOSED CHANNELS INITIALISED WITH A WKB BOUNDARY CONDITION
  LOCALLY  OPEN  CHANNELS INITIALISED WITH THE VALUE  0.000E+00

  ======================================================================================================================

  PROGRAM WILL ATTEMPT TO CONVERGE ON BOUND STATES AS A FUNCTION OF ENERGY

  FOR EACH LEVEL, THE BISECTION METHOD WILL BE USED UNTIL THE VWDB METHOD OFFERS RELIABLE CONVERGENCE.

  VWDB CONVERGENCE WILL TERMINATE WHEN THE STEP SIZE IS LESS THAN 1.00000E-08 CM-1    

  INPUT ENERGIES IN UNITS OF CM-1 BY DEFAULT.

  PROGRAM WILL SEEK STATES WITH NODE COUNTS FROM    0 TO  99999
  LYING IN ENERGY RANGE  -50.000     TO -1.00000E-06 CM-1    

  ======================================================================================================================

  TOTAL ANGULAR MOMENTUM JTOT =   0

  EACH JTOT IS SPLIT INTO A MAXIMUM OF   2 SYMMETRY BLOCKS

  CALCULATIONS WILL BE FOR SYMMETRY BLOCK   2  ONLY

  INITIALIZATION DONE.  TIME WAS   0.02 CPU SECS.

  ============================================= He-CO2 from Cartesian PES ==============================================
  SCRATCH FILE OPENED ON UNIT           30

  *****************************  ANGULAR MOMENTUM JTOT  =   0   AND SYMMETRY BLOCK  =    2  ****************************

  CHANNEL FUNCTION LIST:

  EACH CHANNEL FUNCTION IS FORMED BY COMBINING A PAIR STATE WITH A VALUE OF L.

  CHANNEL  PAIR STATE    PAIR STATE QUANTUM NUMBERS            L        PAIR LEVEL   PAIR ENERGY (CM-1)
                         ---------      J   ---------
        1           1                   0                      0             1         0.0000000
        2           2                   1                      1             2         0.7802672
        3           3                   2                      2             3         2.3408017
        4           4                   3                      3             4         4.6816034
        5           5                   4                      4             5         7.8026724
        6           6                   5                      5             6        11.7040085
        7           7                   6                      6             7        16.3856120
        8           8                   7                      7             8        21.8474826
        9           9                   8                      8             9        28.0896205
       10          10                   9                      9            10        35.1120256
       11          11                  10                     10            11        42.9146980
       12          12                  11                     11            12        51.4976376
       13          13                  12                     12            13        60.8608444
       14          14                  13                     13            14        71.0043185
       15          15                  14                     14            15        81.9280598
       16          16                  15                     15            16        93.6320683
       17          17                  16                     16            17       106.1163441
       18          18                  17                     17            18       119.3808871
       19          19                  18                     18            19       133.4256973
       20          20                  19                     19            20       148.2507748
       21          21                  20                     20            21       163.8561195
       22          22                  21                     21            22       180.2417315
       23          23                  22                     22            23       197.4076107
       24          24                  23                     23            24       215.3537571
       25          25                  24                     24            25       234.0801708
       26          26                  25                     25            26       253.5868517
       27          27                  26                     26            27       273.8737998
       28          28                  27                     27            28       294.9410152
       29          29                  28                     28            29       316.7884978
       30          30                  29                     29            30       339.4162476
       31          31                  30                     30            31       362.8242647
       32          32                  31                     31            32       387.0125490
       33          33                  32                     32            33       411.9811005
       34          34                  33                     33            34       437.7299193
       35          35                  34                     34            35       464.2590053
  **** ERROR  :    9 LOCALLY OPEN CHANNELS DETECTED AT RMIN
       BCYOMN MUST BE SET WHEN THERE ARE LOCALLY OPEN CHANNELS
