  -- BOUND ------ BOUND ------ BOUND ------ BOUND ------ BOUND ------ BOUND --
 |                                                                            |
 |          Bound states of interacting pairs of atoms and molecules          |
 |                                                                            |
 |              Copyright (C) 2025 J. M. Hutson & C. R. Le Sueur              |
 |                                                                            |
 |                               Version 2025.0                               |
 |                                                                            |
 |                       Run on 27 Feb 2026   at 13:37:57                     |
 |                                                                            |
  -- BOUND ------ BOUND ------ BOUND ------ BOUND ------ BOUND ------ BOUND --


  This program is free software: you can redistribute it and/or modify it under
  the terms of the GNU General Public License, version 3, as published by
  the Free Software Foundation.

  Publications resulting from the use of this program should cite both the
  version of the program used:

  J. M. Hutson & C. R. Le Sueur, BOUND: a program for bound states of
  interacting pairs of atoms and molecules,
  Version 2025.0, https//github.com/molscat/molscat

  and the published paper:

  J. M. Hutson & C. R. Le Sueur, Comput. Phys. Commun., 241, 1-8 (2019).


  USING CODATA 2022 RECOMMENDED VALUES OF FUNDAMENTAL PHYSICAL CONSTANTS

  PRINT LEVEL (IPRINT) =  5

  REDUCED MASS FOR INTERACTION =   3.668783067 ATOMIC MASS UNITS (DALTONS)

  ENERGY-INDEPENDENT MATRICES WILL BE SAVED TEMPORARILY ON UNIT 30

  ======================================================================================================================

  INTERACTION TYPE IS    LINEAR RIGID ROTOR  -  ATOM.  

  MOLECULAR QUANTUM NUMBERS OBTAINED FROM JMIN =  0,  JMAX = 26,  AND JSTEP = 2

  ENERGY LEVELS OBTAINED FROM B(E) =    0.390134

  QUANTUM NUMBERS FOR INTERACTING PAIR:
  EACH PAIR STATE IS LABELLED BY  1 QUANTUM NUMBER 
  EACH CHANNEL FUNCTION IS FORMED BY COMBINING A PAIR STATE WITH A VALUE OF L.
  THE RESULTING BASIS SET IS ASYMPTOTICALLY DIAGONAL.

  PAIR STATE     PAIR STATE QUANTUM NUMBERS    PAIR LEVEL     PAIR ENERGY (CM-1)
                ---------        J ---------
        1                        0                1             0.0000000
        2                        2                2             2.3408017
        3                        4                3             7.8026724
        4                        6                4            16.3856120
        5                        8                5            28.0896205
        6                       10                6            42.9146980
        7                       12                7            60.8608444
        8                       14                8            81.9280598
        9                       16                9           106.1163441
       10                       18               10           133.4256973
       11                       20               11           163.8561195
       12                       22               12           197.4076107
       13                       24               13           234.0801708
       14                       26               14           273.8737998

  ======================================================================================================================
  GENERAL-PURPOSE POTENL ROUTINE (MAY 18)

  UNEXPANDED POTENTIAL IS OBTAINED FROM VRTP ROUTINE.

  A SUITABLE VRTP ROUTINE MUST BE SUPPLIED.
 VRTP: loaded Veff1_grid.dat NR=         197  NT=          48
 VRTP: R range [bohr]=   1.5000000000000000        25.000000000000000     
 VRTP: theta range [rad]=   4.9583149999999999E-002   3.0920095000000001     
  IHOMO = 2 SPECIFIES HOMONUCLEAR SYMMETRY.
  USING  30-POINT QUADRATURE FOR THETA-1
  HOMONUCLEAR SYMMETRY: ONLY HALF OF THE THETA-1 POINTS WILL BE USED

  ANGULAR DEPENDENCE OF POTENTIAL EXPANDED IN TERMS OF
  LEGENDRE POLYNOMIALS, P(LAMBDA).
  POTENTIAL TERMS GENERATED FROM LMAX = 22 AND IHOMO = 2

  INTERACTION POTENTIAL FOR EXPANSION TERM NUMBER   1
  WHICH HAS LAMBDA =   0


  INTERACTION POTENTIAL FOR EXPANSION TERM NUMBER   2
  WHICH HAS LAMBDA =   2


  INTERACTION POTENTIAL FOR EXPANSION TERM NUMBER   3
  WHICH HAS LAMBDA =   4


  INTERACTION POTENTIAL FOR EXPANSION TERM NUMBER   4
  WHICH HAS LAMBDA =   6


  INTERACTION POTENTIAL FOR EXPANSION TERM NUMBER   5
  WHICH HAS LAMBDA =   8


  INTERACTION POTENTIAL FOR EXPANSION TERM NUMBER   6
  WHICH HAS LAMBDA =  10


  INTERACTION POTENTIAL FOR EXPANSION TERM NUMBER   7
  WHICH HAS LAMBDA =  12


  INTERACTION POTENTIAL FOR EXPANSION TERM NUMBER   8
  WHICH HAS LAMBDA =  14


  INTERACTION POTENTIAL FOR EXPANSION TERM NUMBER   9
  WHICH HAS LAMBDA =  16


  INTERACTION POTENTIAL FOR EXPANSION TERM NUMBER  10
  WHICH HAS LAMBDA =  18


  INTERACTION POTENTIAL FOR EXPANSION TERM NUMBER  11
  WHICH HAS LAMBDA =  20


  INTERACTION POTENTIAL FOR EXPANSION TERM NUMBER  12
  WHICH HAS LAMBDA =  22


  POTENL PROCESSING FINISHED.

  POTENTIAL RETURNED IN UNITS OF EPSIL  =  1.0000000     CM-1

  ALL LENGTHS ARE IN UNITS OF ANGSTROM UNLESS OTHERWISE STATED

  INTERACTION MATRIX USES  12 BLOCKS OF VL ARRAY FOR R-DEPENDENT TERMS IN POTENTIAL

  ======================================================================================================================

  PROPAGATION METHODS FOR COUPLED EQUATIONS SPECIFIED BY IPROPS =  5 AND IPROPL =  5

  COUPLED EQUATIONS WILL BE PROPAGATED TOWARDS RMATCH IN 2 SEGMENTS

  PROPAGATION RANGES ARE CONTROLLED BY VARIABLES RMIN, RMATCH AND RMAX, WITH INPUT VALUES
  RMIN =   2.400     RMATCH =   6.000     RMAX =   20.00    
  ++++++++++++++++++++++++++++++++++++++++++++++++++++++++++++++++++++++++++++++++++++++++++++++++++++++++++++++++++++++
  SEGMENT 1 WILL BE PROPAGATED OUTWARDS

  FROM RMIN =      2.40 TO RMATCH =      6.00

  COUPLED EQUATIONS SOLVED BY LOG-DERIVATIVE PROPAGATOR OF JOHNSON

  PROPAGATION STEP SIZE DETERMINED USING DR =  3.000E-02
  STEP SIZE CONSTANT THROUGHOUT RANGE
  STEP SIZE MAY BE ADJUSTED SLIGHTLY SO THAT RANGE IS A WHOLE NUMBER OF STEPS

  LOG-DERIVATIVE MATRIX INITIALISED IN THE LOCAL EIGENBASIS AT RMIN IN THE OUTWARD PROPAGATION PART
  LOCALLY CLOSED CHANNELS INITIALISED WITH A WKB BOUNDARY CONDITION
  ++++++++++++++++++++++++++++++++++++++++++++++++++++++++++++++++++++++++++++++++++++++++++++++++++++++++++++++++++++++
  SEGMENT 2 WILL BE PROPAGATED  INWARDS

  TO RMATCH =      6.00 FROM RMAX =     20.00

  COUPLED EQUATIONS SOLVED BY LOG-DERIVATIVE PROPAGATOR OF JOHNSON

  INITIAL STEP SIZE TAKEN FROM SIZE OF FINAL STEP OF SHORT-RANGE PROPAGATION
  STEP SIZE CONSTANT THROUGHOUT RANGE
  STEP SIZE MAY BE ADJUSTED SLIGHTLY SO THAT RANGE IS A WHOLE NUMBER OF STEPS

  LOG-DERIVATIVE MATRIX INITIALISED IN THE LOCAL EIGENBASIS AT RMAX IN THE INWARD PROPAGATION PART
  LOCALLY CLOSED CHANNELS INITIALISED WITH A WKB BOUNDARY CONDITION
  LOCALLY  OPEN  CHANNELS INITIALISED WITH THE VALUE  0.000E+00

  ======================================================================================================================

  PROGRAM WILL ATTEMPT TO CONVERGE ON BOUND STATES AS A FUNCTION OF ENERGY

  FOR EACH LEVEL, THE BISECTION METHOD WILL BE USED UNTIL THE VWDB METHOD OFFERS RELIABLE CONVERGENCE.

  VWDB CONVERGENCE WILL TERMINATE WHEN THE STEP SIZE IS LESS THAN 1.00000E-08 CM-1    

  INPUT ENERGIES IN UNITS OF CM-1 BY DEFAULT.

  PROGRAM WILL SEEK STATES WITH NODE COUNTS FROM    0 TO  99999
  LYING IN ENERGY RANGE  -50.000     TO -1.00000E-06 CM-1    

  ======================================================================================================================

  TOTAL ANGULAR MOMENTUM JTOT RUNS FROM   0  TO     3  IN STEPS OF   1

  EACH JTOT IS SPLIT INTO A MAXIMUM OF   2 SYMMETRY BLOCKS

  CALCULATIONS WILL BE FOR SYMMETRY BLOCK   2  ONLY

  INITIALIZATION DONE.  TIME WAS   0.02 CPU SECS.

  ============================================= He-CO2 from Cartesian PES ==============================================
  SCRATCH FILE OPENED ON UNIT           30

  *****************************  ANGULAR MOMENTUM JTOT  =   0   AND SYMMETRY BLOCK  =    2  ****************************

  CHANNEL FUNCTION LIST:

  EACH CHANNEL FUNCTION IS FORMED BY COMBINING A PAIR STATE WITH A VALUE OF L.

  CHANNEL  PAIR STATE    PAIR STATE QUANTUM NUMBERS            L        PAIR LEVEL   PAIR ENERGY (CM-1)
                         ---------      J   ---------
        1           1                   0                      0             1         0.0000000
        2           2                   2                      2             2         2.3408017
        3           3                   4                      4             3         7.8026724
        4           4                   6                      6             4        16.3856120
        5           5                   8                      8             5        28.0896205
        6           6                  10                     10             6        42.9146980
        7           7                  12                     12             7        60.8608444
        8           8                  14                     14             8        81.9280598
        9           9                  16                     16             9       106.1163441
       10          10                  18                     18            10       133.4256973
       11          11                  20                     20            11       163.8561195
       12          12                  22                     22            12       197.4076107
       13          13                  24                     24            13       234.0801708
       14          14                  26                     26            14       273.8737998

  NODE COUNT IMPLIES     0 STATES BELOW MINIMUM ENERGY =  -50.00000000     CM-1  
  NODE COUNT IMPLIES     3 STATES BELOW MAXIMUM ENERGY = -1.0000000000E-06 CM-1  

  - - - - - - - - - - - - - - - - - - - - - - - - - - - - - - - - - - - - - - - - - - - - - - - - - - - - - - - - - - - 

  SEARCHING FOR BOUND STATE NUMBER     1

  CONVERGED ON STATE NUMBER     1 AT                              ENERGY =  -16.02837970     CM-1  

  SMALLEST EIGENVALUE OF MATCHING MATRIX IS NUMBER  1 =  4.17386E-09

  WITH PRINCIPAL EIGENVECTOR COMPONENTS
  CHAN     VEC    VEC**2   L   QUANTUM NUMBERS

   1    0.9624    0.9263   0   0   1
   2   -0.2695    0.0726   2   2   2

  - - - - - - - - - - - - - - - - - - - - - - - - - - - - - - - - - - - - - - - - - - - - - - - - - - - - - - - - - - - 

  SEARCHING FOR BOUND STATE NUMBER     2

  CONVERGED ON STATE NUMBER     2 AT                              ENERGY =  -7.556274672     CM-1  

  SMALLEST EIGENVALUE OF MATCHING MATRIX IS NUMBER  1 =  5.65845E-09

  WITH PRINCIPAL EIGENVECTOR COMPONENTS
  CHAN     VEC    VEC**2   L   QUANTUM NUMBERS

   1    0.8024    0.6439   0   0   1
   2    0.5930    0.3516   2   2   2

  - - - - - - - - - - - - - - - - - - - - - - - - - - - - - - - - - - - - - - - - - - - - - - - - - - - - - - - - - - - 

  SEARCHING FOR BOUND STATE NUMBER     3

  CONVERGED ON STATE NUMBER     3 AT                              ENERGY =  -1.160337230     CM-1  

  SMALLEST EIGENVALUE OF MATCHING MATRIX IS NUMBER  1 = -7.16938E-12

  WITH PRINCIPAL EIGENVECTOR COMPONENTS
  CHAN     VEC    VEC**2   L   QUANTUM NUMBERS

   1    0.7385    0.5454   0   0   1
   2   -0.6466    0.4180   2   2   2
   3   -0.1907    0.0364   4   4   3

  ----------------------------------------------------------------------------------------------------------------------
  TESTING CONVERGENCE OF PROPAGATION PARAMETERS: DRS CHANGED TO   6.00000E-02

  ENERGY CONVERGED: E =  -16.02973966     CM-1 FOR DR =  6.000E-02

  FOR BOUND STATE   1, RICHARDSON EXTRAPOLATION BASED ON ERROR PROPORTIONAL TO DR**4 FOR IPROPS =  5
  GIVES EXTRAPOLATED ENERGY =                                               -16.02828904     CM-1
  THIS IS THE BEST AVAILABLE EXTRAPOLATED VALUE FROM THIS SET OF CALCULATIONS.

  - - - - - - - - - - - - - - - - - - - - - - - - - - - - - - - - - - - - - - - - - - - - - - - - - - - - - - - - - - - 

  ENERGY CONVERGED: E =  -7.557121185     CM-1 FOR DR =  6.000E-02

  FOR BOUND STATE   2, RICHARDSON EXTRAPOLATION BASED ON ERROR PROPORTIONAL TO DR**4 FOR IPROPS =  5
  GIVES EXTRAPOLATED ENERGY =                                               -7.556218238     CM-1
  THIS IS THE BEST AVAILABLE EXTRAPOLATED VALUE FROM THIS SET OF CALCULATIONS.

  - - - - - - - - - - - - - - - - - - - - - - - - - - - - - - - - - - - - - - - - - - - - - - - - - - - - - - - - - - - 

  ENERGY CONVERGED: E =  -1.160939772     CM-1 FOR DR =  6.000E-02

  FOR BOUND STATE   3, RICHARDSON EXTRAPOLATION BASED ON ERROR PROPORTIONAL TO DR**4 FOR IPROPS =  5
  GIVES EXTRAPOLATED ENERGY =                                               -1.160297061     CM-1
  THIS IS THE BEST AVAILABLE EXTRAPOLATED VALUE FROM THIS SET OF CALCULATIONS.

  - - - - - - - - - - - - - - - - - - - - - - - - - - - - - - - - - - - - - - - - - - - - - - - - - - - - - - - - - - - 

  ----------------------------------------------------------------------------------------------------------------------
  TESTING CONVERGENCE OF PROPAGATION PARAMETERS: DRS CHANGED TO   0.12000    

  ENERGY CONVERGED: E =  -16.02971743     CM-1 FOR DR =  0.120    

  FOR BOUND STATE   1, RICHARDSON EXTRAPOLATION BASED ON ERROR PROPORTIONAL TO DR**4 FOR IPROPS =  5
  GIVES EXTRAPOLATED ENERGY =                                               -16.02829052     CM-1
  THIS DIFFERS FROM FIRST EXTRAPOLATED VALUE BY  -1.4815E-06
  SUGGESTING THAT THE FIRST VALUE COULD BE UNCONVERGED BY UP TO THIS AMOUNT.

  - - - - - - - - - - - - - - - - - - - - - - - - - - - - - - - - - - - - - - - - - - - - - - - - - - - - - - - - - - - 

  ENERGY CONVERGED: E =  -7.557218571     CM-1 FOR DR =  0.120    

  FOR BOUND STATE   2, RICHARDSON EXTRAPOLATION BASED ON ERROR PROPORTIONAL TO DR**4 FOR IPROPS =  5
  GIVES EXTRAPOLATED ENERGY =                                               -7.556211746     CM-1
  THIS DIFFERS FROM FIRST EXTRAPOLATED VALUE BY   6.4924E-06
  SUGGESTING THAT THE FIRST VALUE COULD BE UNCONVERGED BY UP TO THIS AMOUNT.

  - - - - - - - - - - - - - - - - - - - - - - - - - - - - - - - - - - - - - - - - - - - - - - - - - - - - - - - - - - - 

  ENERGY CONVERGED: E =  -1.160976459     CM-1 FOR DR =  0.120    

  FOR BOUND STATE   3, RICHARDSON EXTRAPOLATION BASED ON ERROR PROPORTIONAL TO DR**4 FOR IPROPS =  5
  GIVES EXTRAPOLATED ENERGY =                                               -1.160294615     CM-1
  THIS DIFFERS FROM FIRST EXTRAPOLATED VALUE BY   2.4458E-06
  SUGGESTING THAT THE FIRST VALUE COULD BE UNCONVERGED BY UP TO THIS AMOUNT.

  - - - - - - - - - - - - - - - - - - - - - - - - - - - - - - - - - - - - - - - - - - - - - - - - - - - - - - - - - - - 
  SCRATCH FILE OPENED ON UNIT           30

  *****************************  ANGULAR MOMENTUM JTOT  =   1   AND SYMMETRY BLOCK  =    2  ****************************

  CHANNEL FUNCTION LIST:

  EACH CHANNEL FUNCTION IS FORMED BY COMBINING A PAIR STATE WITH A VALUE OF L.

  CHANNEL  PAIR STATE    PAIR STATE QUANTUM NUMBERS            L        PAIR LEVEL   PAIR ENERGY (CM-1)
                         ---------      J   ---------
        1           1                   0                      1             1         0.0000000
        2           2                   2                      1             2         2.3408017
        3           2                   2                      3             2         2.3408017
        4           3                   4                      3             3         7.8026724
        5           3                   4                      5             3         7.8026724
        6           4                   6                      5             4        16.3856120
        7           4                   6                      7             4        16.3856120
        8           5                   8                      7             5        28.0896205
        9           5                   8                      9             5        28.0896205
       10           6                  10                      9             6        42.9146980
       11           6                  10                     11             6        42.9146980
       12           7                  12                     11             7        60.8608444
       13           7                  12                     13             7        60.8608444
       14           8                  14                     13             8        81.9280598
       15           8                  14                     15             8        81.9280598
       16           9                  16                     15             9       106.1163441
       17           9                  16                     17             9       106.1163441
       18          10                  18                     17            10       133.4256973
       19          10                  18                     19            10       133.4256973
       20          11                  20                     19            11       163.8561195
       21          11                  20                     21            11       163.8561195
       22          12                  22                     21            12       197.4076107
       23          12                  22                     23            12       197.4076107
       24          13                  24                     23            13       234.0801708
       25          13                  24                     25            13       234.0801708
       26          14                  26                     25            14       273.8737998
       27          14                  26                     27            14       273.8737998

  NODE COUNT IMPLIES     0 STATES BELOW MINIMUM ENERGY =  -50.00000000     CM-1  
  NODE COUNT IMPLIES     4 STATES BELOW MAXIMUM ENERGY = -1.0000000000E-06 CM-1  

  - - - - - - - - - - - - - - - - - - - - - - - - - - - - - - - - - - - - - - - - - - - - - - - - - - - - - - - - - - - 

  SEARCHING FOR BOUND STATE NUMBER     1

  CONVERGED ON STATE NUMBER     1 AT                              ENERGY =  -15.44821713     CM-1  

  SMALLEST EIGENVALUE OF MATCHING MATRIX IS NUMBER  1 = -8.60506E-09

  WITH PRINCIPAL EIGENVECTOR COMPONENTS
  CHAN     VEC    VEC**2   L   QUANTUM NUMBERS

   1    0.9474    0.8977   1   0   1
   2    0.2843    0.0809   1   2   2
   3   -0.1413    0.0200   3   2   2

  - - - - - - - - - - - - - - - - - - - - - - - - - - - - - - - - - - - - - - - - - - - - - - - - - - - - - - - - - - - 

  SEARCHING FOR BOUND STATE NUMBER     2

  CONVERGED ON STATE NUMBER     2 AT                              ENERGY =  -7.699723998     CM-1  

  SMALLEST EIGENVALUE OF MATCHING MATRIX IS NUMBER  1 =  3.36655E-11

  WITH PRINCIPAL EIGENVECTOR COMPONENTS
  CHAN     VEC    VEC**2   L   QUANTUM NUMBERS

   1    0.7314    0.5349   1   0   1
   2   -0.6477    0.4195   1   2   2
   3    0.2023    0.0409   3   2   2

  - - - - - - - - - - - - - - - - - - - - - - - - - - - - - - - - - - - - - - - - - - - - - - - - - - - - - - - - - - - 

  SEARCHING FOR BOUND STATE NUMBER     3

  CONVERGED ON STATE NUMBER     3 AT                              ENERGY =  -5.627905844     CM-1  

  SMALLEST EIGENVALUE OF MATCHING MATRIX IS NUMBER  1 = -4.85174E-08

  WITH PRINCIPAL EIGENVECTOR COMPONENTS
  CHAN     VEC    VEC**2   L   QUANTUM NUMBERS

   1    0.6317    0.3990   1   0   1
   2    0.2695    0.0726   1   2   2
   3    0.7242    0.5245   3   2   2

  - - - - - - - - - - - - - - - - - - - - - - - - - - - - - - - - - - - - - - - - - - - - - - - - - - - - - - - - - - - 

  SEARCHING FOR BOUND STATE NUMBER     4

  CONVERGED ON STATE NUMBER     4 AT                              ENERGY =  -1.664296049     CM-1  

  SMALLEST EIGENVALUE OF MATCHING MATRIX IS NUMBER  1 = -1.76215E-11

  WITH PRINCIPAL EIGENVECTOR COMPONENTS
  CHAN     VEC    VEC**2   L   QUANTUM NUMBERS

   1    0.5387    0.2902   1   0   1
   2    0.7116    0.5064   1   2   2
   3   -0.2804    0.0786   3   2   2
   4    0.3493    0.1220   3   4   3

  ----------------------------------------------------------------------------------------------------------------------
  TESTING CONVERGENCE OF PROPAGATION PARAMETERS: DRS CHANGED TO   6.00000E-02

  ENERGY CONVERGED: E =  -15.44955984     CM-1 FOR DR =  6.000E-02

  FOR BOUND STATE   1, RICHARDSON EXTRAPOLATION BASED ON ERROR PROPORTIONAL TO DR**4 FOR IPROPS =  5
  GIVES EXTRAPOLATED ENERGY =                                               -15.44812762     CM-1
  THIS IS THE BEST AVAILABLE EXTRAPOLATED VALUE FROM THIS SET OF CALCULATIONS.

  - - - - - - - - - - - - - - - - - - - - - - - - - - - - - - - - - - - - - - - - - - - - - - - - - - - - - - - - - - - 

  ENERGY CONVERGED: E =  -7.700560034     CM-1 FOR DR =  6.000E-02

  FOR BOUND STATE   2, RICHARDSON EXTRAPOLATION BASED ON ERROR PROPORTIONAL TO DR**4 FOR IPROPS =  5
  GIVES EXTRAPOLATED ENERGY =                                               -7.699668263     CM-1
  THIS IS THE BEST AVAILABLE EXTRAPOLATED VALUE FROM THIS SET OF CALCULATIONS.

  - - - - - - - - - - - - - - - - - - - - - - - - - - - - - - - - - - - - - - - - - - - - - - - - - - - - - - - - - - - 

  ENERGY CONVERGED: E =  -5.628681950     CM-1 FOR DR =  6.000E-02

  FOR BOUND STATE   3, RICHARDSON EXTRAPOLATION BASED ON ERROR PROPORTIONAL TO DR**4 FOR IPROPS =  5
  GIVES EXTRAPOLATED ENERGY =                                               -5.627854104     CM-1
  THIS IS THE BEST AVAILABLE EXTRAPOLATED VALUE FROM THIS SET OF CALCULATIONS.

  - - - - - - - - - - - - - - - - - - - - - - - - - - - - - - - - - - - - - - - - - - - - - - - - - - - - - - - - - - - 

  ENERGY CONVERGED: E =  -1.665051242     CM-1 FOR DR =  6.000E-02

  FOR BOUND STATE   4, RICHARDSON EXTRAPOLATION BASED ON ERROR PROPORTIONAL TO DR**4 FOR IPROPS =  5
  GIVES EXTRAPOLATED ENERGY =                                               -1.664245702     CM-1
  THIS IS THE BEST AVAILABLE EXTRAPOLATED VALUE FROM THIS SET OF CALCULATIONS.

  - - - - - - - - - - - - - - - - - - - - - - - - - - - - - - - - - - - - - - - - - - - - - - - - - - - - - - - - - - - 

  ----------------------------------------------------------------------------------------------------------------------
  TESTING CONVERGENCE OF PROPAGATION PARAMETERS: DRS CHANGED TO   0.12000    

  ENERGY CONVERGED: E =  -15.44953771     CM-1 FOR DR =  0.120    

  FOR BOUND STATE   1, RICHARDSON EXTRAPOLATION BASED ON ERROR PROPORTIONAL TO DR**4 FOR IPROPS =  5
  GIVES EXTRAPOLATED ENERGY =                                               -15.44812909     CM-1
  THIS DIFFERS FROM FIRST EXTRAPOLATED VALUE BY  -1.4757E-06
  SUGGESTING THAT THE FIRST VALUE COULD BE UNCONVERGED BY UP TO THIS AMOUNT.

  - - - - - - - - - - - - - - - - - - - - - - - - - - - - - - - - - - - - - - - - - - - - - - - - - - - - - - - - - - - 

  ENERGY CONVERGED: E =  -7.700644452     CM-1 FOR DR =  0.120    

  FOR BOUND STATE   2, RICHARDSON EXTRAPOLATION BASED ON ERROR PROPORTIONAL TO DR**4 FOR IPROPS =  5
  GIVES EXTRAPOLATED ENERGY =                                               -7.699662635     CM-1
  THIS DIFFERS FROM FIRST EXTRAPOLATED VALUE BY   5.6279E-06
  SUGGESTING THAT THE FIRST VALUE COULD BE UNCONVERGED BY UP TO THIS AMOUNT.

  - - - - - - - - - - - - - - - - - - - - - - - - - - - - - - - - - - - - - - - - - - - - - - - - - - - - - - - - - - - 

  ENERGY CONVERGED: E =  -5.628737680     CM-1 FOR DR =  0.120    

  FOR BOUND STATE   3, RICHARDSON EXTRAPOLATION BASED ON ERROR PROPORTIONAL TO DR**4 FOR IPROPS =  5
  GIVES EXTRAPOLATED ENERGY =                                               -5.627850389     CM-1
  THIS DIFFERS FROM FIRST EXTRAPOLATED VALUE BY   3.7153E-06
  SUGGESTING THAT THE FIRST VALUE COULD BE UNCONVERGED BY UP TO THIS AMOUNT.

  - - - - - - - - - - - - - - - - - - - - - - - - - - - - - - - - - - - - - - - - - - - - - - - - - - - - - - - - - - - 

  ENERGY CONVERGED: E =  -1.665109264     CM-1 FOR DR =  0.120    

  FOR BOUND STATE   4, RICHARDSON EXTRAPOLATION BASED ON ERROR PROPORTIONAL TO DR**4 FOR IPROPS =  5
  GIVES EXTRAPOLATED ENERGY =                                               -1.664241834     CM-1
  THIS DIFFERS FROM FIRST EXTRAPOLATED VALUE BY   3.8682E-06
  SUGGESTING THAT THE FIRST VALUE COULD BE UNCONVERGED BY UP TO THIS AMOUNT.

  - - - - - - - - - - - - - - - - - - - - - - - - - - - - - - - - - - - - - - - - - - - - - - - - - - - - - - - - - - - 
  SCRATCH FILE OPENED ON UNIT           30

  *****************************  ANGULAR MOMENTUM JTOT  =   2   AND SYMMETRY BLOCK  =    2  ****************************

  CHANNEL FUNCTION LIST:

  EACH CHANNEL FUNCTION IS FORMED BY COMBINING A PAIR STATE WITH A VALUE OF L.

  CHANNEL  PAIR STATE    PAIR STATE QUANTUM NUMBERS            L        PAIR LEVEL   PAIR ENERGY (CM-1)
                         ---------      J   ---------
        1           2                   2                      0             2         2.3408017
        2           1                   0                      2             1         0.0000000
        3           2                   2                      2             2         2.3408017
        4           3                   4                      2             3         7.8026724
        5           2                   2                      4             2         2.3408017
        6           3                   4                      4             3         7.8026724
        7           4                   6                      4             4        16.3856120
        8           3                   4                      6             3         7.8026724
        9           4                   6                      6             4        16.3856120
       10           5                   8                      6             5        28.0896205
       11           4                   6                      8             4        16.3856120
       12           5                   8                      8             5        28.0896205
       13           6                  10                      8             6        42.9146980
       14           5                   8                     10             5        28.0896205
       15           6                  10                     10             6        42.9146980
       16           7                  12                     10             7        60.8608444
       17           6                  10                     12             6        42.9146980
       18           7                  12                     12             7        60.8608444
       19           8                  14                     12             8        81.9280598
       20           7                  12                     14             7        60.8608444
       21           8                  14                     14             8        81.9280598
       22           9                  16                     14             9       106.1163441
       23           8                  14                     16             8        81.9280598
       24           9                  16                     16             9       106.1163441
       25          10                  18                     16            10       133.4256973
       26           9                  16                     18             9       106.1163441
       27          10                  18                     18            10       133.4256973
       28          11                  20                     18            11       163.8561195
       29          10                  18                     20            10       133.4256973
       30          11                  20                     20            11       163.8561195
       31          12                  22                     20            12       197.4076107
       32          11                  20                     22            11       163.8561195
       33          12                  22                     22            12       197.4076107
       34          13                  24                     22            13       234.0801708
       35          12                  22                     24            12       197.4076107
       36          13                  24                     24            13       234.0801708
       37          14                  26                     24            14       273.8737998
       38          13                  24                     26            13       234.0801708
       39          14                  26                     26            14       273.8737998
       40          14                  26                     28            14       273.8737998

  NODE COUNT IMPLIES     0 STATES BELOW MINIMUM ENERGY =  -50.00000000     CM-1  
  NODE COUNT IMPLIES     6 STATES BELOW MAXIMUM ENERGY = -1.0000000000E-06 CM-1  

  - - - - - - - - - - - - - - - - - - - - - - - - - - - - - - - - - - - - - - - - - - - - - - - - - - - - - - - - - - - 

  SEARCHING FOR BOUND STATE NUMBER     1

  CONVERGED ON STATE NUMBER     1 AT                              ENERGY =  -14.46261178     CM-1  

  SMALLEST EIGENVALUE OF MATCHING MATRIX IS NUMBER  1 =  1.34516E-07

  WITH PRINCIPAL EIGENVECTOR COMPONENTS
  CHAN     VEC    VEC**2   L   QUANTUM NUMBERS

   1   -0.5714    0.3265   0   2   2
   2    0.8129    0.6608   2   0   1

  - - - - - - - - - - - - - - - - - - - - - - - - - - - - - - - - - - - - - - - - - - - - - - - - - - - - - - - - - - - 

  SEARCHING FOR BOUND STATE NUMBER     2

  CONVERGED ON STATE NUMBER     2 AT                              ENERGY =  -13.59929695     CM-1  

  SMALLEST EIGENVALUE OF MATCHING MATRIX IS NUMBER  1 =  1.08451E-09

  WITH PRINCIPAL EIGENVECTOR COMPONENTS
  CHAN     VEC    VEC**2   L   QUANTUM NUMBERS

   1    0.5416    0.2934   0   2   2
   2    0.5544    0.3074   2   0   1
   3    0.6301    0.3970   2   2   2

  - - - - - - - - - - - - - - - - - - - - - - - - - - - - - - - - - - - - - - - - - - - - - - - - - - - - - - - - - - - 

  SEARCHING FOR BOUND STATE NUMBER     3

  CONVERGED ON STATE NUMBER     3 AT                              ENERGY =  -7.264291237     CM-1  

  SMALLEST EIGENVALUE OF MATCHING MATRIX IS NUMBER  1 =  1.69668E-08

  WITH PRINCIPAL EIGENVECTOR COMPONENTS
  CHAN     VEC    VEC**2   L   QUANTUM NUMBERS

   1    0.5195    0.2699   0   2   2
   2    0.7058    0.4982   2   0   1
   3   -0.4572    0.2091   2   2   2
   5    0.1313    0.0172   4   2   2

  - - - - - - - - - - - - - - - - - - - - - - - - - - - - - - - - - - - - - - - - - - - - - - - - - - - - - - - - - - - 

  SEARCHING FOR BOUND STATE NUMBER     4

  CONVERGED ON STATE NUMBER     4 AT                              ENERGY =  -3.893784403     CM-1  

  SMALLEST EIGENVALUE OF MATCHING MATRIX IS NUMBER  1 =  1.65521E-11

  WITH PRINCIPAL EIGENVECTOR COMPONENTS
  CHAN     VEC    VEC**2   L   QUANTUM NUMBERS

   1   -0.3259    0.1062   0   2   2
   2    0.6877    0.4729   2   0   1
   5    0.6448    0.4158   4   2   2

  - - - - - - - - - - - - - - - - - - - - - - - - - - - - - - - - - - - - - - - - - - - - - - - - - - - - - - - - - - - 

  SEARCHING FOR BOUND STATE NUMBER     5

  CONVERGED ON STATE NUMBER     5 AT                              ENERGY =  -2.521761414     CM-1  

  SMALLEST EIGENVALUE OF MATCHING MATRIX IS NUMBER  1 = -1.44778E-09

  WITH PRINCIPAL EIGENVECTOR COMPONENTS
  CHAN     VEC    VEC**2   L   QUANTUM NUMBERS

   1    0.8019    0.6430   0   2   2
   2   -0.2178    0.0474   2   0   1
   4    0.4919    0.2420   2   4   3
   5    0.2328    0.0542   4   2   2

  - - - - - - - - - - - - - - - - - - - - - - - - - - - - - - - - - - - - - - - - - - - - - - - - - - - - - - - - - - - 

  SEARCHING FOR BOUND STATE NUMBER     6

  CONVERGED ON STATE NUMBER     6 AT                              ENERGY = -0.2181238596     CM-1  

  SMALLEST EIGENVALUE OF MATCHING MATRIX IS NUMBER  1 =  2.76340E-09

  WITH PRINCIPAL EIGENVECTOR COMPONENTS
  CHAN     VEC    VEC**2   L   QUANTUM NUMBERS

   1    0.2363    0.0558   0   2   2
   2    0.4982    0.2482   2   0   1
   3    0.7916    0.6266   2   2   2
   5   -0.1367    0.0187   4   2   2
   6    0.2228    0.0497   4   4   3

  ----------------------------------------------------------------------------------------------------------------------
  TESTING CONVERGENCE OF PROPAGATION PARAMETERS: DRS CHANGED TO   6.00000E-02

  ENERGY CONVERGED: E =  -14.46394289     CM-1 FOR DR =  6.000E-02

  FOR BOUND STATE   1, RICHARDSON EXTRAPOLATION BASED ON ERROR PROPORTIONAL TO DR**4 FOR IPROPS =  5
  GIVES EXTRAPOLATED ENERGY =                                               -14.46252304     CM-1
  THIS IS THE BEST AVAILABLE EXTRAPOLATED VALUE FROM THIS SET OF CALCULATIONS.

  - - - - - - - - - - - - - - - - - - - - - - - - - - - - - - - - - - - - - - - - - - - - - - - - - - - - - - - - - - - 

  ENERGY CONVERGED: E =  -13.60062452     CM-1 FOR DR =  6.000E-02

  FOR BOUND STATE   2, RICHARDSON EXTRAPOLATION BASED ON ERROR PROPORTIONAL TO DR**4 FOR IPROPS =  5
  GIVES EXTRAPOLATED ENERGY =                                               -13.59920845     CM-1
  THIS IS THE BEST AVAILABLE EXTRAPOLATED VALUE FROM THIS SET OF CALCULATIONS.

  - - - - - - - - - - - - - - - - - - - - - - - - - - - - - - - - - - - - - - - - - - - - - - - - - - - - - - - - - - - 

  ENERGY CONVERGED: E =  -7.265110482     CM-1 FOR DR =  6.000E-02

  FOR BOUND STATE   3, RICHARDSON EXTRAPOLATION BASED ON ERROR PROPORTIONAL TO DR**4 FOR IPROPS =  5
  GIVES EXTRAPOLATED ENERGY =                                               -7.264236621     CM-1
  THIS IS THE BEST AVAILABLE EXTRAPOLATED VALUE FROM THIS SET OF CALCULATIONS.

  - - - - - - - - - - - - - - - - - - - - - - - - - - - - - - - - - - - - - - - - - - - - - - - - - - - - - - - - - - - 

  ENERGY CONVERGED: E =  -3.894504554     CM-1 FOR DR =  6.000E-02

  FOR BOUND STATE   4, RICHARDSON EXTRAPOLATION BASED ON ERROR PROPORTIONAL TO DR**4 FOR IPROPS =  5
  GIVES EXTRAPOLATED ENERGY =                                               -3.893736393     CM-1
  THIS IS THE BEST AVAILABLE EXTRAPOLATED VALUE FROM THIS SET OF CALCULATIONS.

  - - - - - - - - - - - - - - - - - - - - - - - - - - - - - - - - - - - - - - - - - - - - - - - - - - - - - - - - - - - 

  ENERGY CONVERGED: E =  -2.522585377     CM-1 FOR DR =  6.000E-02

  FOR BOUND STATE   5, RICHARDSON EXTRAPOLATION BASED ON ERROR PROPORTIONAL TO DR**4 FOR IPROPS =  5
  GIVES EXTRAPOLATED ENERGY =                                               -2.521706483     CM-1
  THIS IS THE BEST AVAILABLE EXTRAPOLATED VALUE FROM THIS SET OF CALCULATIONS.

  - - - - - - - - - - - - - - - - - - - - - - - - - - - - - - - - - - - - - - - - - - - - - - - - - - - - - - - - - - - 

  ENERGY CONVERGED: E = -0.2187268476     CM-1 FOR DR =  6.000E-02

  FOR BOUND STATE   6, RICHARDSON EXTRAPOLATION BASED ON ERROR PROPORTIONAL TO DR**4 FOR IPROPS =  5
  GIVES EXTRAPOLATED ENERGY =                                              -0.2180836604     CM-1
  THIS IS THE BEST AVAILABLE EXTRAPOLATED VALUE FROM THIS SET OF CALCULATIONS.

  - - - - - - - - - - - - - - - - - - - - - - - - - - - - - - - - - - - - - - - - - - - - - - - - - - - - - - - - - - - 

  ----------------------------------------------------------------------------------------------------------------------
  TESTING CONVERGENCE OF PROPAGATION PARAMETERS: DRS CHANGED TO   0.12000    

  ENERGY CONVERGED: E =  -14.46392056     CM-1 FOR DR =  0.120    

  FOR BOUND STATE   1, RICHARDSON EXTRAPOLATION BASED ON ERROR PROPORTIONAL TO DR**4 FOR IPROPS =  5
  GIVES EXTRAPOLATED ENERGY =                                               -14.46252452     CM-1
  THIS DIFFERS FROM FIRST EXTRAPOLATED VALUE BY  -1.4885E-06
  SUGGESTING THAT THE FIRST VALUE COULD BE UNCONVERGED BY UP TO THIS AMOUNT.

  - - - - - - - - - - - - - - - - - - - - - - - - - - - - - - - - - - - - - - - - - - - - - - - - - - - - - - - - - - - 

  ENERGY CONVERGED: E =  -13.60060164     CM-1 FOR DR =  0.120    

  FOR BOUND STATE   2, RICHARDSON EXTRAPOLATION BASED ON ERROR PROPORTIONAL TO DR**4 FOR IPROPS =  5
  GIVES EXTRAPOLATED ENERGY =                                               -13.59920997     CM-1
  THIS DIFFERS FROM FIRST EXTRAPOLATED VALUE BY  -1.5249E-06
  SUGGESTING THAT THE FIRST VALUE COULD BE UNCONVERGED BY UP TO THIS AMOUNT.

  - - - - - - - - - - - - - - - - - - - - - - - - - - - - - - - - - - - - - - - - - - - - - - - - - - - - - - - - - - - 

  ENERGY CONVERGED: E =  -7.265193500     CM-1 FOR DR =  0.120    

  FOR BOUND STATE   3, RICHARDSON EXTRAPOLATION BASED ON ERROR PROPORTIONAL TO DR**4 FOR IPROPS =  5
  GIVES EXTRAPOLATED ENERGY =                                               -7.264231087     CM-1
  THIS DIFFERS FROM FIRST EXTRAPOLATED VALUE BY   5.5345E-06
  SUGGESTING THAT THE FIRST VALUE COULD BE UNCONVERGED BY UP TO THIS AMOUNT.

  - - - - - - - - - - - - - - - - - - - - - - - - - - - - - - - - - - - - - - - - - - - - - - - - - - - - - - - - - - - 

  ENERGY CONVERGED: E =  -3.894551695     CM-1 FOR DR =  0.120    

  FOR BOUND STATE   4, RICHARDSON EXTRAPOLATION BASED ON ERROR PROPORTIONAL TO DR**4 FOR IPROPS =  5
  GIVES EXTRAPOLATED ENERGY =                                               -3.893733250     CM-1
  THIS DIFFERS FROM FIRST EXTRAPOLATED VALUE BY   3.1428E-06
  SUGGESTING THAT THE FIRST VALUE COULD BE UNCONVERGED BY UP TO THIS AMOUNT.

  - - - - - - - - - - - - - - - - - - - - - - - - - - - - - - - - - - - - - - - - - - - - - - - - - - - - - - - - - - - 

  ENERGY CONVERGED: E =  -2.522648482     CM-1 FOR DR =  0.120    

  FOR BOUND STATE   5, RICHARDSON EXTRAPOLATION BASED ON ERROR PROPORTIONAL TO DR**4 FOR IPROPS =  5
  GIVES EXTRAPOLATED ENERGY =                                               -2.521702276     CM-1
  THIS DIFFERS FROM FIRST EXTRAPOLATED VALUE BY   4.2070E-06
  SUGGESTING THAT THE FIRST VALUE COULD BE UNCONVERGED BY UP TO THIS AMOUNT.

  - - - - - - - - - - - - - - - - - - - - - - - - - - - - - - - - - - - - - - - - - - - - - - - - - - - - - - - - - - - 

  ENERGY CONVERGED: E = -0.2187442419     CM-1 FOR DR =  0.120    

  FOR BOUND STATE   6, RICHARDSON EXTRAPOLATION BASED ON ERROR PROPORTIONAL TO DR**4 FOR IPROPS =  5
  GIVES EXTRAPOLATED ENERGY =                                              -0.2180825008     CM-1
  THIS DIFFERS FROM FIRST EXTRAPOLATED VALUE BY   1.1596E-06
  SUGGESTING THAT THE FIRST VALUE COULD BE UNCONVERGED BY UP TO THIS AMOUNT.

  - - - - - - - - - - - - - - - - - - - - - - - - - - - - - - - - - - - - - - - - - - - - - - - - - - - - - - - - - - - 
  SCRATCH FILE OPENED ON UNIT           30

  *****************************  ANGULAR MOMENTUM JTOT  =   3   AND SYMMETRY BLOCK  =    2  ****************************

  CHANNEL FUNCTION LIST:

  EACH CHANNEL FUNCTION IS FORMED BY COMBINING A PAIR STATE WITH A VALUE OF L.

  CHANNEL  PAIR STATE    PAIR STATE QUANTUM NUMBERS            L        PAIR LEVEL   PAIR ENERGY (CM-1)
                         ---------      J   ---------
        1           2                   2                      1             2         2.3408017
        2           3                   4                      1             3         7.8026724
        3           1                   0                      3             1         0.0000000
        4           2                   2                      3             2         2.3408017
        5           3                   4                      3             3         7.8026724
        6           4                   6                      3             4        16.3856120
        7           2                   2                      5             2         2.3408017
        8           3                   4                      5             3         7.8026724
        9           4                   6                      5             4        16.3856120
       10           5                   8                      5             5        28.0896205
       11           3                   4                      7             3         7.8026724
       12           4                   6                      7             4        16.3856120
       13           5                   8                      7             5        28.0896205
       14           6                  10                      7             6        42.9146980
       15           4                   6                      9             4        16.3856120
       16           5                   8                      9             5        28.0896205
       17           6                  10                      9             6        42.9146980
       18           7                  12                      9             7        60.8608444
       19           5                   8                     11             5        28.0896205
       20           6                  10                     11             6        42.9146980
       21           7                  12                     11             7        60.8608444
       22           8                  14                     11             8        81.9280598
       23           6                  10                     13             6        42.9146980
       24           7                  12                     13             7        60.8608444
       25           8                  14                     13             8        81.9280598
       26           9                  16                     13             9       106.1163441
       27           7                  12                     15             7        60.8608444
       28           8                  14                     15             8        81.9280598
       29           9                  16                     15             9       106.1163441
       30          10                  18                     15            10       133.4256973
       31           8                  14                     17             8        81.9280598
       32           9                  16                     17             9       106.1163441
       33          10                  18                     17            10       133.4256973
       34          11                  20                     17            11       163.8561195
       35           9                  16                     19             9       106.1163441
       36          10                  18                     19            10       133.4256973
       37          11                  20                     19            11       163.8561195
       38          12                  22                     19            12       197.4076107
       39          10                  18                     21            10       133.4256973
       40          11                  20                     21            11       163.8561195
       41          12                  22                     21            12       197.4076107
       42          13                  24                     21            13       234.0801708
       43          11                  20                     23            11       163.8561195
       44          12                  22                     23            12       197.4076107
       45          13                  24                     23            13       234.0801708
       46          14                  26                     23            14       273.8737998
       47          12                  22                     25            12       197.4076107
       48          13                  24                     25            13       234.0801708
       49          14                  26                     25            14       273.8737998
       50          13                  24                     27            13       234.0801708
       51          14                  26                     27            14       273.8737998
       52          14                  26                     29            14       273.8737998

  NODE COUNT IMPLIES     0 STATES BELOW MINIMUM ENERGY =  -50.00000000     CM-1  
  NODE COUNT IMPLIES     6 STATES BELOW MAXIMUM ENERGY = -1.0000000000E-06 CM-1  

  - - - - - - - - - - - - - - - - - - - - - - - - - - - - - - - - - - - - - - - - - - - - - - - - - - - - - - - - - - - 

  SEARCHING FOR BOUND STATE NUMBER     1

  CONVERGED ON STATE NUMBER     1 AT                              ENERGY =  -13.13264334     CM-1  

  SMALLEST EIGENVALUE OF MATCHING MATRIX IS NUMBER  1 =  3.32125E-08

  WITH PRINCIPAL EIGENVECTOR COMPONENTS
  CHAN     VEC    VEC**2   L   QUANTUM NUMBERS

   1    0.7700    0.5929   1   2   2
   2    0.1068    0.0114   1   4   3
   3   -0.6218    0.3867   3   0   1

  - - - - - - - - - - - - - - - - - - - - - - - - - - - - - - - - - - - - - - - - - - - - - - - - - - - - - - - - - - - 

  SEARCHING FOR BOUND STATE NUMBER     2

  CONVERGED ON STATE NUMBER     2 AT                              ENERGY =  -11.54485166     CM-1  

  SMALLEST EIGENVALUE OF MATCHING MATRIX IS NUMBER  1 =  8.25908E-07

  WITH PRINCIPAL EIGENVECTOR COMPONENTS
  CHAN     VEC    VEC**2   L   QUANTUM NUMBERS

   1    0.3696    0.1366   1   2   2
   3    0.7173    0.5145   3   0   1
   4    0.5873    0.3449   3   2   2

  - - - - - - - - - - - - - - - - - - - - - - - - - - - - - - - - - - - - - - - - - - - - - - - - - - - - - - - - - - - 

  SEARCHING FOR BOUND STATE NUMBER     3

  CONVERGED ON STATE NUMBER     3 AT                              ENERGY =  -6.273272572     CM-1  

  SMALLEST EIGENVALUE OF MATCHING MATRIX IS NUMBER  1 =  1.88602E-08

  WITH PRINCIPAL EIGENVECTOR COMPONENTS
  CHAN     VEC    VEC**2   L   QUANTUM NUMBERS

   1    0.5995    0.3594   1   2   2
   3    0.6775    0.4590   3   0   1
   4   -0.4013    0.1611   3   2   2
   7    0.1057    0.0112   5   2   2

  - - - - - - - - - - - - - - - - - - - - - - - - - - - - - - - - - - - - - - - - - - - - - - - - - - - - - - - - - - - 

  SEARCHING FOR BOUND STATE NUMBER     4

  CONVERGED ON STATE NUMBER     4 AT                              ENERGY =  -3.104557345     CM-1  

  SMALLEST EIGENVALUE OF MATCHING MATRIX IS NUMBER  1 =  5.76473E-09

  WITH PRINCIPAL EIGENVECTOR COMPONENTS
  CHAN     VEC    VEC**2   L   QUANTUM NUMBERS

   1    0.7375    0.5439   1   2   2
   2   -0.4986    0.2486   1   4   3
   3   -0.4289    0.1840   3   0   1

  - - - - - - - - - - - - - - - - - - - - - - - - - - - - - - - - - - - - - - - - - - - - - - - - - - - - - - - - - - - 

  SEARCHING FOR BOUND STATE NUMBER     5

  CONVERGED ON STATE NUMBER     5 AT                              ENERGY =  -1.597371067     CM-1  

  SMALLEST EIGENVALUE OF MATCHING MATRIX IS NUMBER  1 =  3.71299E-09

  WITH PRINCIPAL EIGENVECTOR COMPONENTS
  CHAN     VEC    VEC**2   L   QUANTUM NUMBERS

   1   -0.1731    0.0299   1   2   2
   2   -0.1451    0.0211   1   4   3
   3    0.7254    0.5261   3   0   1
   7    0.6469    0.4184   5   2   2

  - - - - - - - - - - - - - - - - - - - - - - - - - - - - - - - - - - - - - - - - - - - - - - - - - - - - - - - - - - - 

  SEARCHING FOR BOUND STATE NUMBER     6

  CONVERGED ON STATE NUMBER     6 AT                              ENERGY = -0.5937270412     CM-1  

  SMALLEST EIGENVALUE OF MATCHING MATRIX IS NUMBER  1 =  9.10205E-12

  WITH PRINCIPAL EIGENVECTOR COMPONENTS
  CHAN     VEC    VEC**2   L   QUANTUM NUMBERS

   1   -0.3292    0.1084   1   2   2
   3    0.3485    0.1215   3   0   1
   4    0.6307    0.3977   3   2   2
   5   -0.5805    0.3370   3   4   3
   7   -0.1631    0.0266   5   2   2

  ----------------------------------------------------------------------------------------------------------------------
  TESTING CONVERGENCE OF PROPAGATION PARAMETERS: DRS CHANGED TO   6.00000E-02

  ENERGY CONVERGED: E =  -13.13395124     CM-1 FOR DR =  6.000E-02

  FOR BOUND STATE   1, RICHARDSON EXTRAPOLATION BASED ON ERROR PROPORTIONAL TO DR**4 FOR IPROPS =  5
  GIVES EXTRAPOLATED ENERGY =                                               -13.13255615     CM-1
  THIS IS THE BEST AVAILABLE EXTRAPOLATED VALUE FROM THIS SET OF CALCULATIONS.

  - - - - - - - - - - - - - - - - - - - - - - - - - - - - - - - - - - - - - - - - - - - - - - - - - - - - - - - - - - - 

  ENERGY CONVERGED: E =  -11.54609133     CM-1 FOR DR =  6.000E-02

  FOR BOUND STATE   2, RICHARDSON EXTRAPOLATION BASED ON ERROR PROPORTIONAL TO DR**4 FOR IPROPS =  5
  GIVES EXTRAPOLATED ENERGY =                                               -11.54476902     CM-1
  THIS IS THE BEST AVAILABLE EXTRAPOLATED VALUE FROM THIS SET OF CALCULATIONS.

  - - - - - - - - - - - - - - - - - - - - - - - - - - - - - - - - - - - - - - - - - - - - - - - - - - - - - - - - - - - 

  ENERGY CONVERGED: E =  -6.274066115     CM-1 FOR DR =  6.000E-02

  FOR BOUND STATE   3, RICHARDSON EXTRAPOLATION BASED ON ERROR PROPORTIONAL TO DR**4 FOR IPROPS =  5
  GIVES EXTRAPOLATED ENERGY =                                               -6.273219669     CM-1
  THIS IS THE BEST AVAILABLE EXTRAPOLATED VALUE FROM THIS SET OF CALCULATIONS.

  - - - - - - - - - - - - - - - - - - - - - - - - - - - - - - - - - - - - - - - - - - - - - - - - - - - - - - - - - - - 

  ENERGY CONVERGED: E =  -3.105370827     CM-1 FOR DR =  6.000E-02

  FOR BOUND STATE   4, RICHARDSON EXTRAPOLATION BASED ON ERROR PROPORTIONAL TO DR**4 FOR IPROPS =  5
  GIVES EXTRAPOLATED ENERGY =                                               -3.104503113     CM-1
  THIS IS THE BEST AVAILABLE EXTRAPOLATED VALUE FROM THIS SET OF CALCULATIONS.

  - - - - - - - - - - - - - - - - - - - - - - - - - - - - - - - - - - - - - - - - - - - - - - - - - - - - - - - - - - - 

  ENERGY CONVERGED: E =  -1.598036589     CM-1 FOR DR =  6.000E-02

  FOR BOUND STATE   5, RICHARDSON EXTRAPOLATION BASED ON ERROR PROPORTIONAL TO DR**4 FOR IPROPS =  5
  GIVES EXTRAPOLATED ENERGY =                                               -1.597326699     CM-1
  THIS IS THE BEST AVAILABLE EXTRAPOLATED VALUE FROM THIS SET OF CALCULATIONS.

  - - - - - - - - - - - - - - - - - - - - - - - - - - - - - - - - - - - - - - - - - - - - - - - - - - - - - - - - - - - 

  ENERGY CONVERGED: E = -0.5945025091     CM-1 FOR DR =  6.000E-02

  FOR BOUND STATE   6, RICHARDSON EXTRAPOLATION BASED ON ERROR PROPORTIONAL TO DR**4 FOR IPROPS =  5
  GIVES EXTRAPOLATED ENERGY =                                              -0.5936753434     CM-1
  THIS IS THE BEST AVAILABLE EXTRAPOLATED VALUE FROM THIS SET OF CALCULATIONS.

  - - - - - - - - - - - - - - - - - - - - - - - - - - - - - - - - - - - - - - - - - - - - - - - - - - - - - - - - - - - 

  ----------------------------------------------------------------------------------------------------------------------
  TESTING CONVERGENCE OF PROPAGATION PARAMETERS: DRS CHANGED TO   0.12000    

  ENERGY CONVERGED: E =  -13.13392944     CM-1 FOR DR =  0.120    

  FOR BOUND STATE   1, RICHARDSON EXTRAPOLATION BASED ON ERROR PROPORTIONAL TO DR**4 FOR IPROPS =  5
  GIVES EXTRAPOLATED ENERGY =                                               -13.13255760     CM-1
  THIS DIFFERS FROM FIRST EXTRAPOLATED VALUE BY  -1.4533E-06
  SUGGESTING THAT THE FIRST VALUE COULD BE UNCONVERGED BY UP TO THIS AMOUNT.

  - - - - - - - - - - - - - - - - - - - - - - - - - - - - - - - - - - - - - - - - - - - - - - - - - - - - - - - - - - - 

  ENERGY CONVERGED: E =  -11.54607050     CM-1 FOR DR =  0.120    

  FOR BOUND STATE   2, RICHARDSON EXTRAPOLATION BASED ON ERROR PROPORTIONAL TO DR**4 FOR IPROPS =  5
  GIVES EXTRAPOLATED ENERGY =                                               -11.54477041     CM-1
  THIS DIFFERS FROM FIRST EXTRAPOLATED VALUE BY  -1.3886E-06
  SUGGESTING THAT THE FIRST VALUE COULD BE UNCONVERGED BY UP TO THIS AMOUNT.

  - - - - - - - - - - - - - - - - - - - - - - - - - - - - - - - - - - - - - - - - - - - - - - - - - - - - - - - - - - - 

  ENERGY CONVERGED: E =  -6.274148872     CM-1 FOR DR =  0.120    

  FOR BOUND STATE   3, RICHARDSON EXTRAPOLATION BASED ON ERROR PROPORTIONAL TO DR**4 FOR IPROPS =  5
  GIVES EXTRAPOLATED ENERGY =                                               -6.273214152     CM-1
  THIS DIFFERS FROM FIRST EXTRAPOLATED VALUE BY   5.5171E-06
  SUGGESTING THAT THE FIRST VALUE COULD BE UNCONVERGED BY UP TO THIS AMOUNT.

  - - - - - - - - - - - - - - - - - - - - - - - - - - - - - - - - - - - - - - - - - - - - - - - - - - - - - - - - - - - 

  ENERGY CONVERGED: E =  -3.105417906     CM-1 FOR DR =  0.120    

  FOR BOUND STATE   4, RICHARDSON EXTRAPOLATION BASED ON ERROR PROPORTIONAL TO DR**4 FOR IPROPS =  5
  GIVES EXTRAPOLATED ENERGY =                                               -3.104499974     CM-1
  THIS DIFFERS FROM FIRST EXTRAPOLATED VALUE BY   3.1386E-06
  SUGGESTING THAT THE FIRST VALUE COULD BE UNCONVERGED BY UP TO THIS AMOUNT.

  - - - - - - - - - - - - - - - - - - - - - - - - - - - - - - - - - - - - - - - - - - - - - - - - - - - - - - - - - - - 

  ENERGY CONVERGED: E =  -1.598086197     CM-1 FOR DR =  0.120    

  FOR BOUND STATE   5, RICHARDSON EXTRAPOLATION BASED ON ERROR PROPORTIONAL TO DR**4 FOR IPROPS =  5
  GIVES EXTRAPOLATED ENERGY =                                               -1.597323391     CM-1
  THIS DIFFERS FROM FIRST EXTRAPOLATED VALUE BY   3.3072E-06
  SUGGESTING THAT THE FIRST VALUE COULD BE UNCONVERGED BY UP TO THIS AMOUNT.

  - - - - - - - - - - - - - - - - - - - - - - - - - - - - - - - - - - - - - - - - - - - - - - - - - - - - - - - - - - - 

  ENERGY CONVERGED: E = -0.5945489465     CM-1 FOR DR =  0.120    

  FOR BOUND STATE   6, RICHARDSON EXTRAPOLATION BASED ON ERROR PROPORTIONAL TO DR**4 FOR IPROPS =  5
  GIVES EXTRAPOLATED ENERGY =                                              -0.5936722476     CM-1
  THIS DIFFERS FROM FIRST EXTRAPOLATED VALUE BY   3.0958E-06
  SUGGESTING THAT THE FIRST VALUE COULD BE UNCONVERGED BY UP TO THIS AMOUNT.

  - - - - - - - - - - - - - - - - - - - - - - - - - - - - - - - - - - - - - - - - - - - - - - - - - - - - - - - - - - - 


  -- BOUND ------ BOUND ------ BOUND ------ BOUND ------ BOUND ------ BOUND --
 |                                                                            |
 |          Bound states of interacting pairs of atoms and molecules          |
 |                                                                            |
 |              Copyright (C) 2025 J. M. Hutson & C. R. Le Sueur              |
 |                                                                            |
 |                               Version 2025.0                               |
 |                                                                            |
 |                      This run used      11.90 cpu secs                     |
 |                                                                            |
  -- BOUND ------ BOUND ------ BOUND ------ BOUND ------ BOUND ------ BOUND --
