  -- BOUND ------ BOUND ------ BOUND ------ BOUND ------ BOUND ------ BOUND --
 |                                                                            |
 |          Bound states of interacting pairs of atoms and molecules          |
 |                                                                            |
 |              Copyright (C) 2025 J. M. Hutson & C. R. Le Sueur              |
 |                                                                            |
 |                               Version 2025.0                               |
 |                                                                            |
 |                       Run on 27 Feb 2026   at 15:36:03                     |
 |                                                                            |
  -- BOUND ------ BOUND ------ BOUND ------ BOUND ------ BOUND ------ BOUND --


  This program is free software: you can redistribute it and/or modify it under
  the terms of the GNU General Public License, version 3, as published by
  the Free Software Foundation.

  Publications resulting from the use of this program should cite both the
  version of the program used:

  J. M. Hutson & C. R. Le Sueur, BOUND: a program for bound states of
  interacting pairs of atoms and molecules,
  Version 2025.0, https//github.com/molscat/molscat

  and the published paper:

  J. M. Hutson & C. R. Le Sueur, Comput. Phys. Commun., 241, 1-8 (2019).


  USING CODATA 2022 RECOMMENDED VALUES OF FUNDAMENTAL PHYSICAL CONSTANTS

  PRINT LEVEL (IPRINT) =  5

  REDUCED MASS FOR INTERACTION =   3.675619163 ATOMIC MASS UNITS (DALTONS)

  ENERGY-INDEPENDENT MATRICES WILL BE SAVED TEMPORARILY ON UNIT 30

  ======================================================================================================================

  INTERACTION TYPE IS    LINEAR RIGID ROTOR  -  ATOM.  

  MOLECULAR QUANTUM NUMBERS OBTAINED FROM JMIN =  0,  JMAX = 26,  AND JSTEP = 2

  ENERGY LEVELS OBTAINED FROM B(E) =    0.390134

  QUANTUM NUMBERS FOR INTERACTING PAIR:
  EACH PAIR STATE IS LABELLED BY  1 QUANTUM NUMBER 
  EACH CHANNEL FUNCTION IS FORMED BY COMBINING A PAIR STATE WITH A VALUE OF L.
  THE RESULTING BASIS SET IS ASYMPTOTICALLY DIAGONAL.

  PAIR STATE     PAIR STATE QUANTUM NUMBERS    PAIR LEVEL     PAIR ENERGY (CM-1)
                ---------        J ---------
        1                        0                1             0.0000000
        2                        2                2             2.3408017
        3                        4                3             7.8026724
        4                        6                4            16.3856120
        5                        8                5            28.0896205
        6                       10                6            42.9146980
        7                       12                7            60.8608444
        8                       14                8            81.9280598
        9                       16                9           106.1163441
       10                       18               10           133.4256973
       11                       20               11           163.8561195
       12                       22               12           197.4076107
       13                       24               13           234.0801708
       14                       26               14           273.8737998

  ======================================================================================================================
  GENERAL-PURPOSE POTENL ROUTINE (MAY 18)

  UNEXPANDED POTENTIAL IS OBTAINED FROM VRTP ROUTINE.

  A SUITABLE VRTP ROUTINE MUST BE SUPPLIED.
 VRTP: loaded Veff0_grid.dat NR=         197  NT=          48
 VRTP: R range [bohr]=   1.5000000000000000        25.000000000000000     
 VRTP: theta range [rad]=   4.9583149999999999E-002   3.0920095000000001     
  IHOMO = 2 SPECIFIES HOMONUCLEAR SYMMETRY.
  USING  30-POINT QUADRATURE FOR THETA-1
  HOMONUCLEAR SYMMETRY: ONLY HALF OF THE THETA-1 POINTS WILL BE USED

  ANGULAR DEPENDENCE OF POTENTIAL EXPANDED IN TERMS OF
  LEGENDRE POLYNOMIALS, P(LAMBDA).
  POTENTIAL TERMS GENERATED FROM LMAX = 22 AND IHOMO = 2

  INTERACTION POTENTIAL FOR EXPANSION TERM NUMBER   1
  WHICH HAS LAMBDA =   0


  INTERACTION POTENTIAL FOR EXPANSION TERM NUMBER   2
  WHICH HAS LAMBDA =   2


  INTERACTION POTENTIAL FOR EXPANSION TERM NUMBER   3
  WHICH HAS LAMBDA =   4


  INTERACTION POTENTIAL FOR EXPANSION TERM NUMBER   4
  WHICH HAS LAMBDA =   6


  INTERACTION POTENTIAL FOR EXPANSION TERM NUMBER   5
  WHICH HAS LAMBDA =   8


  INTERACTION POTENTIAL FOR EXPANSION TERM NUMBER   6
  WHICH HAS LAMBDA =  10


  INTERACTION POTENTIAL FOR EXPANSION TERM NUMBER   7
  WHICH HAS LAMBDA =  12


  INTERACTION POTENTIAL FOR EXPANSION TERM NUMBER   8
  WHICH HAS LAMBDA =  14


  INTERACTION POTENTIAL FOR EXPANSION TERM NUMBER   9
  WHICH HAS LAMBDA =  16


  INTERACTION POTENTIAL FOR EXPANSION TERM NUMBER  10
  WHICH HAS LAMBDA =  18


  INTERACTION POTENTIAL FOR EXPANSION TERM NUMBER  11
  WHICH HAS LAMBDA =  20


  INTERACTION POTENTIAL FOR EXPANSION TERM NUMBER  12
  WHICH HAS LAMBDA =  22


  POTENL PROCESSING FINISHED.

  POTENTIAL RETURNED IN UNITS OF EPSIL  =  1.0000000     CM-1

  ALL LENGTHS ARE IN UNITS OF ANGSTROM UNLESS OTHERWISE STATED

  INTERACTION MATRIX USES  12 BLOCKS OF VL ARRAY FOR R-DEPENDENT TERMS IN POTENTIAL

  ======================================================================================================================

  PROPAGATION METHODS FOR COUPLED EQUATIONS SPECIFIED BY IPROPS =  5 AND IPROPL =  5

  COUPLED EQUATIONS WILL BE PROPAGATED TOWARDS RMATCH IN 2 SEGMENTS

  PROPAGATION RANGES ARE CONTROLLED BY VARIABLES RMIN, RMATCH AND RMAX, WITH INPUT VALUES
  RMIN =   2.400     RMATCH =   6.000     RMAX =   20.00    
  ++++++++++++++++++++++++++++++++++++++++++++++++++++++++++++++++++++++++++++++++++++++++++++++++++++++++++++++++++++++
  SEGMENT 1 WILL BE PROPAGATED OUTWARDS

  FROM RMIN =      2.40 TO RMATCH =      6.00

  COUPLED EQUATIONS SOLVED BY LOG-DERIVATIVE PROPAGATOR OF JOHNSON

  PROPAGATION STEP SIZE DETERMINED USING DR =  3.000E-02
  STEP SIZE CONSTANT THROUGHOUT RANGE
  STEP SIZE MAY BE ADJUSTED SLIGHTLY SO THAT RANGE IS A WHOLE NUMBER OF STEPS

  LOG-DERIVATIVE MATRIX INITIALISED IN THE LOCAL EIGENBASIS AT RMIN IN THE OUTWARD PROPAGATION PART
  LOCALLY CLOSED CHANNELS INITIALISED WITH A WKB BOUNDARY CONDITION
  ++++++++++++++++++++++++++++++++++++++++++++++++++++++++++++++++++++++++++++++++++++++++++++++++++++++++++++++++++++++
  SEGMENT 2 WILL BE PROPAGATED  INWARDS

  TO RMATCH =      6.00 FROM RMAX =     20.00

  COUPLED EQUATIONS SOLVED BY LOG-DERIVATIVE PROPAGATOR OF JOHNSON

  INITIAL STEP SIZE TAKEN FROM SIZE OF FINAL STEP OF SHORT-RANGE PROPAGATION
  STEP SIZE CONSTANT THROUGHOUT RANGE
  STEP SIZE MAY BE ADJUSTED SLIGHTLY SO THAT RANGE IS A WHOLE NUMBER OF STEPS

  LOG-DERIVATIVE MATRIX INITIALISED IN THE LOCAL EIGENBASIS AT RMAX IN THE INWARD PROPAGATION PART
  LOCALLY CLOSED CHANNELS INITIALISED WITH A WKB BOUNDARY CONDITION
  LOCALLY  OPEN  CHANNELS INITIALISED WITH THE VALUE  0.000E+00

  ======================================================================================================================

  PROGRAM WILL ATTEMPT TO CONVERGE ON BOUND STATES AS A FUNCTION OF ENERGY

  FOR EACH LEVEL, THE BISECTION METHOD WILL BE USED UNTIL THE VWDB METHOD OFFERS RELIABLE CONVERGENCE.

  VWDB CONVERGENCE WILL TERMINATE WHEN THE STEP SIZE IS LESS THAN 1.00000E-08 CM-1    

  INPUT ENERGIES IN UNITS OF CM-1 BY DEFAULT.

  PROGRAM WILL SEEK STATES WITH NODE COUNTS FROM    0 TO  99999
  LYING IN ENERGY RANGE  -50.000     TO -1.00000E-06 CM-1    

  ======================================================================================================================

  TOTAL ANGULAR MOMENTUM JTOT RUNS FROM   0  TO     3  IN STEPS OF   1

  EACH JTOT IS SPLIT INTO A MAXIMUM OF   2 SYMMETRY BLOCKS

  CALCULATIONS WILL BE FOR SYMMETRY BLOCK   2  ONLY

  INITIALIZATION DONE.  TIME WAS   0.02 CPU SECS.

  ============================================= He-CO2 from Cartesian PES ==============================================
  SCRATCH FILE OPENED ON UNIT           30

  *****************************  ANGULAR MOMENTUM JTOT  =   0   AND SYMMETRY BLOCK  =    2  ****************************

  CHANNEL FUNCTION LIST:

  EACH CHANNEL FUNCTION IS FORMED BY COMBINING A PAIR STATE WITH A VALUE OF L.

  CHANNEL  PAIR STATE    PAIR STATE QUANTUM NUMBERS            L        PAIR LEVEL   PAIR ENERGY (CM-1)
                         ---------      J   ---------
        1           1                   0                      0             1         0.0000000
        2           2                   2                      2             2         2.3408017
        3           3                   4                      4             3         7.8026724
        4           4                   6                      6             4        16.3856120
        5           5                   8                      8             5        28.0896205
        6           6                  10                     10             6        42.9146980
        7           7                  12                     12             7        60.8608444
        8           8                  14                     14             8        81.9280598
        9           9                  16                     16             9       106.1163441
       10          10                  18                     18            10       133.4256973
       11          11                  20                     20            11       163.8561195
       12          12                  22                     22            12       197.4076107
       13          13                  24                     24            13       234.0801708
       14          14                  26                     26            14       273.8737998

  NODE COUNT IMPLIES     0 STATES BELOW MINIMUM ENERGY =  -50.00000000     CM-1  
  NODE COUNT IMPLIES     3 STATES BELOW MAXIMUM ENERGY = -1.0000000000E-06 CM-1  

  - - - - - - - - - - - - - - - - - - - - - - - - - - - - - - - - - - - - - - - - - - - - - - - - - - - - - - - - - - - 

  SEARCHING FOR BOUND STATE NUMBER     1

  CONVERGED ON STATE NUMBER     1 AT                              ENERGY =  -16.05169488     CM-1  

  SMALLEST EIGENVALUE OF MATCHING MATRIX IS NUMBER  1 =  2.13469E-09

  WITH PRINCIPAL EIGENVECTOR COMPONENTS
  CHAN     VEC    VEC**2   L   QUANTUM NUMBERS

   1    0.9616    0.9246   0   0   1
   2   -0.2726    0.0743   2   2   2

  - - - - - - - - - - - - - - - - - - - - - - - - - - - - - - - - - - - - - - - - - - - - - - - - - - - - - - - - - - - 

  SEARCHING FOR BOUND STATE NUMBER     2

  CONVERGED ON STATE NUMBER     2 AT                              ENERGY =  -7.467793884     CM-1  

  SMALLEST EIGENVALUE OF MATCHING MATRIX IS NUMBER  1 =  1.27294E-11

  WITH PRINCIPAL EIGENVECTOR COMPONENTS
  CHAN     VEC    VEC**2   L   QUANTUM NUMBERS

   1    0.8040    0.6463   0   0   1
   2    0.5909    0.3492   2   2   2

  - - - - - - - - - - - - - - - - - - - - - - - - - - - - - - - - - - - - - - - - - - - - - - - - - - - - - - - - - - - 

  SEARCHING FOR BOUND STATE NUMBER     3

  CONVERGED ON STATE NUMBER     3 AT                              ENERGY =  -1.099463269     CM-1  

  SMALLEST EIGENVALUE OF MATCHING MATRIX IS NUMBER  1 = -7.92255E-12

  WITH PRINCIPAL EIGENVECTOR COMPONENTS
  CHAN     VEC    VEC**2   L   QUANTUM NUMBERS

   1    0.7359    0.5415   0   0   1
   2   -0.6496    0.4219   2   2   2
   3   -0.1906    0.0363   4   4   3

  ----------------------------------------------------------------------------------------------------------------------
  TESTING CONVERGENCE OF PROPAGATION PARAMETERS: DRS CHANGED TO   6.00000E-02

  ENERGY CONVERGED: E =  -16.05307013     CM-1 FOR DR =  6.000E-02

  FOR BOUND STATE   1, RICHARDSON EXTRAPOLATION BASED ON ERROR PROPORTIONAL TO DR**4 FOR IPROPS =  5
  GIVES EXTRAPOLATED ENERGY =                                               -16.05160320     CM-1
  THIS IS THE BEST AVAILABLE EXTRAPOLATED VALUE FROM THIS SET OF CALCULATIONS.

  - - - - - - - - - - - - - - - - - - - - - - - - - - - - - - - - - - - - - - - - - - - - - - - - - - - - - - - - - - - 

  ENERGY CONVERGED: E =  -7.468638493     CM-1 FOR DR =  6.000E-02

  FOR BOUND STATE   2, RICHARDSON EXTRAPOLATION BASED ON ERROR PROPORTIONAL TO DR**4 FOR IPROPS =  5
  GIVES EXTRAPOLATED ENERGY =                                               -7.467737577     CM-1
  THIS IS THE BEST AVAILABLE EXTRAPOLATED VALUE FROM THIS SET OF CALCULATIONS.

  - - - - - - - - - - - - - - - - - - - - - - - - - - - - - - - - - - - - - - - - - - - - - - - - - - - - - - - - - - - 

  ENERGY CONVERGED: E =  -1.100066572     CM-1 FOR DR =  6.000E-02

  FOR BOUND STATE   3, RICHARDSON EXTRAPOLATION BASED ON ERROR PROPORTIONAL TO DR**4 FOR IPROPS =  5
  GIVES EXTRAPOLATED ENERGY =                                               -1.099423049     CM-1
  THIS IS THE BEST AVAILABLE EXTRAPOLATED VALUE FROM THIS SET OF CALCULATIONS.

  - - - - - - - - - - - - - - - - - - - - - - - - - - - - - - - - - - - - - - - - - - - - - - - - - - - - - - - - - - - 

  ----------------------------------------------------------------------------------------------------------------------
  TESTING CONVERGENCE OF PROPAGATION PARAMETERS: DRS CHANGED TO   0.12000    

  ENERGY CONVERGED: E =  -16.05304724     CM-1 FOR DR =  0.120    

  FOR BOUND STATE   1, RICHARDSON EXTRAPOLATION BASED ON ERROR PROPORTIONAL TO DR**4 FOR IPROPS =  5
  GIVES EXTRAPOLATED ENERGY =                                               -16.05160472     CM-1
  THIS DIFFERS FROM FIRST EXTRAPOLATED VALUE BY  -1.5261E-06
  SUGGESTING THAT THE FIRST VALUE COULD BE UNCONVERGED BY UP TO THIS AMOUNT.

  - - - - - - - - - - - - - - - - - - - - - - - - - - - - - - - - - - - - - - - - - - - - - - - - - - - - - - - - - - - 

  ENERGY CONVERGED: E =  -7.468735351     CM-1 FOR DR =  0.120    

  FOR BOUND STATE   2, RICHARDSON EXTRAPOLATION BASED ON ERROR PROPORTIONAL TO DR**4 FOR IPROPS =  5
  GIVES EXTRAPOLATED ENERGY =                                               -7.467731120     CM-1
  THIS DIFFERS FROM FIRST EXTRAPOLATED VALUE BY   6.4572E-06
  SUGGESTING THAT THE FIRST VALUE COULD BE UNCONVERGED BY UP TO THIS AMOUNT.

  - - - - - - - - - - - - - - - - - - - - - - - - - - - - - - - - - - - - - - - - - - - - - - - - - - - - - - - - - - - 

  ENERGY CONVERGED: E =  -1.100103691     CM-1 FOR DR =  0.120    

  FOR BOUND STATE   3, RICHARDSON EXTRAPOLATION BASED ON ERROR PROPORTIONAL TO DR**4 FOR IPROPS =  5
  GIVES EXTRAPOLATED ENERGY =                                               -1.099420575     CM-1
  THIS DIFFERS FROM FIRST EXTRAPOLATED VALUE BY   2.4746E-06
  SUGGESTING THAT THE FIRST VALUE COULD BE UNCONVERGED BY UP TO THIS AMOUNT.

  - - - - - - - - - - - - - - - - - - - - - - - - - - - - - - - - - - - - - - - - - - - - - - - - - - - - - - - - - - - 
  SCRATCH FILE OPENED ON UNIT           30

  *****************************  ANGULAR MOMENTUM JTOT  =   1   AND SYMMETRY BLOCK  =    2  ****************************

  CHANNEL FUNCTION LIST:

  EACH CHANNEL FUNCTION IS FORMED BY COMBINING A PAIR STATE WITH A VALUE OF L.

  CHANNEL  PAIR STATE    PAIR STATE QUANTUM NUMBERS            L        PAIR LEVEL   PAIR ENERGY (CM-1)
                         ---------      J   ---------
        1           1                   0                      1             1         0.0000000
        2           2                   2                      1             2         2.3408017
        3           2                   2                      3             2         2.3408017
        4           3                   4                      3             3         7.8026724
        5           3                   4                      5             3         7.8026724
        6           4                   6                      5             4        16.3856120
        7           4                   6                      7             4        16.3856120
        8           5                   8                      7             5        28.0896205
        9           5                   8                      9             5        28.0896205
       10           6                  10                      9             6        42.9146980
       11           6                  10                     11             6        42.9146980
       12           7                  12                     11             7        60.8608444
       13           7                  12                     13             7        60.8608444
       14           8                  14                     13             8        81.9280598
       15           8                  14                     15             8        81.9280598
       16           9                  16                     15             9       106.1163441
       17           9                  16                     17             9       106.1163441
       18          10                  18                     17            10       133.4256973
       19          10                  18                     19            10       133.4256973
       20          11                  20                     19            11       163.8561195
       21          11                  20                     21            11       163.8561195
       22          12                  22                     21            12       197.4076107
       23          12                  22                     23            12       197.4076107
       24          13                  24                     23            13       234.0801708
       25          13                  24                     25            13       234.0801708
       26          14                  26                     25            14       273.8737998
       27          14                  26                     27            14       273.8737998

  NODE COUNT IMPLIES     0 STATES BELOW MINIMUM ENERGY =  -50.00000000     CM-1  
  NODE COUNT IMPLIES     4 STATES BELOW MAXIMUM ENERGY = -1.0000000000E-06 CM-1  

  - - - - - - - - - - - - - - - - - - - - - - - - - - - - - - - - - - - - - - - - - - - - - - - - - - - - - - - - - - - 

  SEARCHING FOR BOUND STATE NUMBER     1

  CONVERGED ON STATE NUMBER     1 AT                              ENERGY =  -15.47142660     CM-1  

  SMALLEST EIGENVALUE OF MATCHING MATRIX IS NUMBER  1 = -1.83972E-08

  WITH PRINCIPAL EIGENVECTOR COMPONENTS
  CHAN     VEC    VEC**2   L   QUANTUM NUMBERS

   1    0.9466    0.8960   1   0   1
   2    0.2862    0.0819   1   2   2
   3   -0.1435    0.0206   3   2   2

  - - - - - - - - - - - - - - - - - - - - - - - - - - - - - - - - - - - - - - - - - - - - - - - - - - - - - - - - - - - 

  SEARCHING FOR BOUND STATE NUMBER     2

  CONVERGED ON STATE NUMBER     2 AT                              ENERGY =  -7.612485913     CM-1  

  SMALLEST EIGENVALUE OF MATCHING MATRIX IS NUMBER  1 = -3.86667E-08

  WITH PRINCIPAL EIGENVECTOR COMPONENTS
  CHAN     VEC    VEC**2   L   QUANTUM NUMBERS

   1    0.7326    0.5367   1   0   1
   2   -0.6467    0.4183   1   2   2
   3    0.2010    0.0404   3   2   2

  - - - - - - - - - - - - - - - - - - - - - - - - - - - - - - - - - - - - - - - - - - - - - - - - - - - - - - - - - - - 

  SEARCHING FOR BOUND STATE NUMBER     3

  CONVERGED ON STATE NUMBER     3 AT                              ENERGY =  -5.553484634     CM-1  

  SMALLEST EIGENVALUE OF MATCHING MATRIX IS NUMBER  1 =  7.99361E-12

  WITH PRINCIPAL EIGENVECTOR COMPONENTS
  CHAN     VEC    VEC**2   L   QUANTUM NUMBERS

   1    0.6359    0.4044   1   0   1
   2    0.2659    0.0707   1   2   2
   3    0.7219    0.5211   3   2   2

  - - - - - - - - - - - - - - - - - - - - - - - - - - - - - - - - - - - - - - - - - - - - - - - - - - - - - - - - - - - 

  SEARCHING FOR BOUND STATE NUMBER     4

  CONVERGED ON STATE NUMBER     4 AT                              ENERGY =  -1.601278797     CM-1  

  SMALLEST EIGENVALUE OF MATCHING MATRIX IS NUMBER  1 = -1.14078E-11

  WITH PRINCIPAL EIGENVECTOR COMPONENTS
  CHAN     VEC    VEC**2   L   QUANTUM NUMBERS

   1    0.5351    0.2864   1   0   1
   2    0.7150    0.5112   1   2   2
   3   -0.2807    0.0788   3   2   2
   4    0.3475    0.1208   3   4   3

  ----------------------------------------------------------------------------------------------------------------------
  TESTING CONVERGENCE OF PROPAGATION PARAMETERS: DRS CHANGED TO   6.00000E-02

  ENERGY CONVERGED: E =  -15.47278458     CM-1 FOR DR =  6.000E-02

  FOR BOUND STATE   1, RICHARDSON EXTRAPOLATION BASED ON ERROR PROPORTIONAL TO DR**4 FOR IPROPS =  5
  GIVES EXTRAPOLATED ENERGY =                                               -15.47133607     CM-1
  THIS IS THE BEST AVAILABLE EXTRAPOLATED VALUE FROM THIS SET OF CALCULATIONS.

  - - - - - - - - - - - - - - - - - - - - - - - - - - - - - - - - - - - - - - - - - - - - - - - - - - - - - - - - - - - 

  ENERGY CONVERGED: E =  -7.613321476     CM-1 FOR DR =  6.000E-02

  FOR BOUND STATE   2, RICHARDSON EXTRAPOLATION BASED ON ERROR PROPORTIONAL TO DR**4 FOR IPROPS =  5
  GIVES EXTRAPOLATED ENERGY =                                               -7.612430209     CM-1
  THIS IS THE BEST AVAILABLE EXTRAPOLATED VALUE FROM THIS SET OF CALCULATIONS.

  - - - - - - - - - - - - - - - - - - - - - - - - - - - - - - - - - - - - - - - - - - - - - - - - - - - - - - - - - - - 

  ENERGY CONVERGED: E =  -5.554262674     CM-1 FOR DR =  6.000E-02

  FOR BOUND STATE   3, RICHARDSON EXTRAPOLATION BASED ON ERROR PROPORTIONAL TO DR**4 FOR IPROPS =  5
  GIVES EXTRAPOLATED ENERGY =                                               -5.553432765     CM-1
  THIS IS THE BEST AVAILABLE EXTRAPOLATED VALUE FROM THIS SET OF CALCULATIONS.

  - - - - - - - - - - - - - - - - - - - - - - - - - - - - - - - - - - - - - - - - - - - - - - - - - - - - - - - - - - - 

  ENERGY CONVERGED: E =  -1.602035177     CM-1 FOR DR =  6.000E-02

  FOR BOUND STATE   4, RICHARDSON EXTRAPOLATION BASED ON ERROR PROPORTIONAL TO DR**4 FOR IPROPS =  5
  GIVES EXTRAPOLATED ENERGY =                                               -1.601228371     CM-1
  THIS IS THE BEST AVAILABLE EXTRAPOLATED VALUE FROM THIS SET OF CALCULATIONS.

  - - - - - - - - - - - - - - - - - - - - - - - - - - - - - - - - - - - - - - - - - - - - - - - - - - - - - - - - - - - 

  ----------------------------------------------------------------------------------------------------------------------
  TESTING CONVERGENCE OF PROPAGATION PARAMETERS: DRS CHANGED TO   0.12000    

  ENERGY CONVERGED: E =  -15.47276178     CM-1 FOR DR =  0.120    

  FOR BOUND STATE   1, RICHARDSON EXTRAPOLATION BASED ON ERROR PROPORTIONAL TO DR**4 FOR IPROPS =  5
  GIVES EXTRAPOLATED ENERGY =                                               -15.47133759     CM-1
  THIS DIFFERS FROM FIRST EXTRAPOLATED VALUE BY  -1.5205E-06
  SUGGESTING THAT THE FIRST VALUE COULD BE UNCONVERGED BY UP TO THIS AMOUNT.

  - - - - - - - - - - - - - - - - - - - - - - - - - - - - - - - - - - - - - - - - - - - - - - - - - - - - - - - - - - - 

  ENERGY CONVERGED: E =  -7.613405427     CM-1 FOR DR =  0.120    

  FOR BOUND STATE   2, RICHARDSON EXTRAPOLATION BASED ON ERROR PROPORTIONAL TO DR**4 FOR IPROPS =  5
  GIVES EXTRAPOLATED ENERGY =                                               -7.612424612     CM-1
  THIS DIFFERS FROM FIRST EXTRAPOLATED VALUE BY   5.5967E-06
  SUGGESTING THAT THE FIRST VALUE COULD BE UNCONVERGED BY UP TO THIS AMOUNT.

  - - - - - - - - - - - - - - - - - - - - - - - - - - - - - - - - - - - - - - - - - - - - - - - - - - - - - - - - - - - 

  ENERGY CONVERGED: E =  -5.554318527     CM-1 FOR DR =  0.120    

  FOR BOUND STATE   3, RICHARDSON EXTRAPOLATION BASED ON ERROR PROPORTIONAL TO DR**4 FOR IPROPS =  5
  GIVES EXTRAPOLATED ENERGY =                                               -5.553429041     CM-1
  THIS DIFFERS FROM FIRST EXTRAPOLATED VALUE BY   3.7236E-06
  SUGGESTING THAT THE FIRST VALUE COULD BE UNCONVERGED BY UP TO THIS AMOUNT.

  - - - - - - - - - - - - - - - - - - - - - - - - - - - - - - - - - - - - - - - - - - - - - - - - - - - - - - - - - - - 

  ENERGY CONVERGED: E =  -1.602093368     CM-1 FOR DR =  0.120    

  FOR BOUND STATE   4, RICHARDSON EXTRAPOLATION BASED ON ERROR PROPORTIONAL TO DR**4 FOR IPROPS =  5
  GIVES EXTRAPOLATED ENERGY =                                               -1.601224492     CM-1
  THIS DIFFERS FROM FIRST EXTRAPOLATED VALUE BY   3.8794E-06
  SUGGESTING THAT THE FIRST VALUE COULD BE UNCONVERGED BY UP TO THIS AMOUNT.

  - - - - - - - - - - - - - - - - - - - - - - - - - - - - - - - - - - - - - - - - - - - - - - - - - - - - - - - - - - - 
  SCRATCH FILE OPENED ON UNIT           30

  *****************************  ANGULAR MOMENTUM JTOT  =   2   AND SYMMETRY BLOCK  =    2  ****************************

  CHANNEL FUNCTION LIST:

  EACH CHANNEL FUNCTION IS FORMED BY COMBINING A PAIR STATE WITH A VALUE OF L.

  CHANNEL  PAIR STATE    PAIR STATE QUANTUM NUMBERS            L        PAIR LEVEL   PAIR ENERGY (CM-1)
                         ---------      J   ---------
        1           2                   2                      0             2         2.3408017
        2           1                   0                      2             1         0.0000000
        3           2                   2                      2             2         2.3408017
        4           3                   4                      2             3         7.8026724
        5           2                   2                      4             2         2.3408017
        6           3                   4                      4             3         7.8026724
        7           4                   6                      4             4        16.3856120
        8           3                   4                      6             3         7.8026724
        9           4                   6                      6             4        16.3856120
       10           5                   8                      6             5        28.0896205
       11           4                   6                      8             4        16.3856120
       12           5                   8                      8             5        28.0896205
       13           6                  10                      8             6        42.9146980
       14           5                   8                     10             5        28.0896205
       15           6                  10                     10             6        42.9146980
       16           7                  12                     10             7        60.8608444
       17           6                  10                     12             6        42.9146980
       18           7                  12                     12             7        60.8608444
       19           8                  14                     12             8        81.9280598
       20           7                  12                     14             7        60.8608444
       21           8                  14                     14             8        81.9280598
       22           9                  16                     14             9       106.1163441
       23           8                  14                     16             8        81.9280598
       24           9                  16                     16             9       106.1163441
       25          10                  18                     16            10       133.4256973
       26           9                  16                     18             9       106.1163441
       27          10                  18                     18            10       133.4256973
       28          11                  20                     18            11       163.8561195
       29          10                  18                     20            10       133.4256973
       30          11                  20                     20            11       163.8561195
       31          12                  22                     20            12       197.4076107
       32          11                  20                     22            11       163.8561195
       33          12                  22                     22            12       197.4076107
       34          13                  24                     22            13       234.0801708
       35          12                  22                     24            12       197.4076107
       36          13                  24                     24            13       234.0801708
       37          14                  26                     24            14       273.8737998
       38          13                  24                     26            13       234.0801708
       39          14                  26                     26            14       273.8737998
       40          14                  26                     28            14       273.8737998

  NODE COUNT IMPLIES     0 STATES BELOW MINIMUM ENERGY =  -50.00000000     CM-1  
  NODE COUNT IMPLIES     6 STATES BELOW MAXIMUM ENERGY = -1.0000000000E-06 CM-1  

  - - - - - - - - - - - - - - - - - - - - - - - - - - - - - - - - - - - - - - - - - - - - - - - - - - - - - - - - - - - 

  SEARCHING FOR BOUND STATE NUMBER     1

  CONVERGED ON STATE NUMBER     1 AT                              ENERGY =  -14.48607378     CM-1  

  SMALLEST EIGENVALUE OF MATCHING MATRIX IS NUMBER  1 =  5.48277E-07

  WITH PRINCIPAL EIGENVECTOR COMPONENTS
  CHAN     VEC    VEC**2   L   QUANTUM NUMBERS

   1   -0.5724    0.3276   0   2   2
   2    0.8119    0.6593   2   0   1

  - - - - - - - - - - - - - - - - - - - - - - - - - - - - - - - - - - - - - - - - - - - - - - - - - - - - - - - - - - - 

  SEARCHING FOR BOUND STATE NUMBER     2

  CONVERGED ON STATE NUMBER     2 AT                              ENERGY =  -13.62341690     CM-1  

  SMALLEST EIGENVALUE OF MATCHING MATRIX IS NUMBER  1 =  1.24525E-08

  WITH PRINCIPAL EIGENVECTOR COMPONENTS
  CHAN     VEC    VEC**2   L   QUANTUM NUMBERS

   1    0.5395    0.2911   0   2   2
   2    0.5535    0.3063   2   0   1
   3    0.6327    0.4003   2   2   2

  - - - - - - - - - - - - - - - - - - - - - - - - - - - - - - - - - - - - - - - - - - - - - - - - - - - - - - - - - - - 

  SEARCHING FOR BOUND STATE NUMBER     3

  CONVERGED ON STATE NUMBER     3 AT                              ENERGY =  -7.177082809     CM-1  

  SMALLEST EIGENVALUE OF MATCHING MATRIX IS NUMBER  1 = -8.07511E-10

  WITH PRINCIPAL EIGENVECTOR COMPONENTS
  CHAN     VEC    VEC**2   L   QUANTUM NUMBERS

   1    0.5192    0.2696   0   2   2
   2    0.7070    0.4999   2   0   1
   3   -0.4559    0.2078   2   2   2
   5    0.1308    0.0171   4   2   2

  - - - - - - - - - - - - - - - - - - - - - - - - - - - - - - - - - - - - - - - - - - - - - - - - - - - - - - - - - - - 

  SEARCHING FOR BOUND STATE NUMBER     4

  CONVERGED ON STATE NUMBER     4 AT                              ENERGY =  -3.823146346     CM-1  

  SMALLEST EIGENVALUE OF MATCHING MATRIX IS NUMBER  1 =  4.04991E-08

  WITH PRINCIPAL EIGENVECTOR COMPONENTS
  CHAN     VEC    VEC**2   L   QUANTUM NUMBERS

   1   -0.3235    0.1046   0   2   2
   2    0.6911    0.4777   2   0   1
   5    0.6425    0.4128   4   2   2

  - - - - - - - - - - - - - - - - - - - - - - - - - - - - - - - - - - - - - - - - - - - - - - - - - - - - - - - - - - - 

  SEARCHING FOR BOUND STATE NUMBER     5

  CONVERGED ON STATE NUMBER     5 AT                              ENERGY =  -2.454557407     CM-1  

  SMALLEST EIGENVALUE OF MATCHING MATRIX IS NUMBER  1 = -1.14717E-11

  WITH PRINCIPAL EIGENVECTOR COMPONENTS
  CHAN     VEC    VEC**2   L   QUANTUM NUMBERS

   1    0.8048    0.6478   0   2   2
   2   -0.2156    0.0465   2   0   1
   4    0.4884    0.2385   2   4   3
   5    0.2309    0.0533   4   2   2

  - - - - - - - - - - - - - - - - - - - - - - - - - - - - - - - - - - - - - - - - - - - - - - - - - - - - - - - - - - - 

  SEARCHING FOR BOUND STATE NUMBER     6

  CONVERGED ON STATE NUMBER     6 AT                              ENERGY = -0.1597943542     CM-1  

  SMALLEST EIGENVALUE OF MATCHING MATRIX IS NUMBER  1 =  1.91594E-10

  WITH PRINCIPAL EIGENVECTOR COMPONENTS
  CHAN     VEC    VEC**2   L   QUANTUM NUMBERS

   1    0.2353    0.0554   0   2   2
   2    0.4981    0.2481   2   0   1
   3    0.7923    0.6277   2   2   2
   5   -0.1374    0.0189   4   2   2
   6    0.2215    0.0491   4   4   3

  ----------------------------------------------------------------------------------------------------------------------
  TESTING CONVERGENCE OF PROPAGATION PARAMETERS: DRS CHANGED TO   6.00000E-02

  ENERGY CONVERGED: E =  -14.48742016     CM-1 FOR DR =  6.000E-02

  FOR BOUND STATE   1, RICHARDSON EXTRAPOLATION BASED ON ERROR PROPORTIONAL TO DR**4 FOR IPROPS =  5
  GIVES EXTRAPOLATED ENERGY =                                               -14.48598402     CM-1
  THIS IS THE BEST AVAILABLE EXTRAPOLATED VALUE FROM THIS SET OF CALCULATIONS.

  - - - - - - - - - - - - - - - - - - - - - - - - - - - - - - - - - - - - - - - - - - - - - - - - - - - - - - - - - - - 

  ENERGY CONVERGED: E =  -13.62475962     CM-1 FOR DR =  6.000E-02

  FOR BOUND STATE   2, RICHARDSON EXTRAPOLATION BASED ON ERROR PROPORTIONAL TO DR**4 FOR IPROPS =  5
  GIVES EXTRAPOLATED ENERGY =                                               -13.62332738     CM-1
  THIS IS THE BEST AVAILABLE EXTRAPOLATED VALUE FROM THIS SET OF CALCULATIONS.

  - - - - - - - - - - - - - - - - - - - - - - - - - - - - - - - - - - - - - - - - - - - - - - - - - - - - - - - - - - - 

  ENERGY CONVERGED: E =  -7.177901599     CM-1 FOR DR =  6.000E-02

  FOR BOUND STATE   3, RICHARDSON EXTRAPOLATION BASED ON ERROR PROPORTIONAL TO DR**4 FOR IPROPS =  5
  GIVES EXTRAPOLATED ENERGY =                                               -7.177028223     CM-1
  THIS IS THE BEST AVAILABLE EXTRAPOLATED VALUE FROM THIS SET OF CALCULATIONS.

  - - - - - - - - - - - - - - - - - - - - - - - - - - - - - - - - - - - - - - - - - - - - - - - - - - - - - - - - - - - 

  ENERGY CONVERGED: E =  -3.823867852     CM-1 FOR DR =  6.000E-02

  FOR BOUND STATE   4, RICHARDSON EXTRAPOLATION BASED ON ERROR PROPORTIONAL TO DR**4 FOR IPROPS =  5
  GIVES EXTRAPOLATED ENERGY =                                               -3.823098245     CM-1
  THIS IS THE BEST AVAILABLE EXTRAPOLATED VALUE FROM THIS SET OF CALCULATIONS.

  - - - - - - - - - - - - - - - - - - - - - - - - - - - - - - - - - - - - - - - - - - - - - - - - - - - - - - - - - - - 

  ENERGY CONVERGED: E =  -2.455383127     CM-1 FOR DR =  6.000E-02

  FOR BOUND STATE   5, RICHARDSON EXTRAPOLATION BASED ON ERROR PROPORTIONAL TO DR**4 FOR IPROPS =  5
  GIVES EXTRAPOLATED ENERGY =                                               -2.454502359     CM-1
  THIS IS THE BEST AVAILABLE EXTRAPOLATED VALUE FROM THIS SET OF CALCULATIONS.

  - - - - - - - - - - - - - - - - - - - - - - - - - - - - - - - - - - - - - - - - - - - - - - - - - - - - - - - - - - - 

  ENERGY CONVERGED: E = -0.1603964992     CM-1 FOR DR =  6.000E-02

  FOR BOUND STATE   6, RICHARDSON EXTRAPOLATION BASED ON ERROR PROPORTIONAL TO DR**4 FOR IPROPS =  5
  GIVES EXTRAPOLATED ENERGY =                                              -0.1597542112     CM-1
  THIS IS THE BEST AVAILABLE EXTRAPOLATED VALUE FROM THIS SET OF CALCULATIONS.

  - - - - - - - - - - - - - - - - - - - - - - - - - - - - - - - - - - - - - - - - - - - - - - - - - - - - - - - - - - - 

  ----------------------------------------------------------------------------------------------------------------------
  TESTING CONVERGENCE OF PROPAGATION PARAMETERS: DRS CHANGED TO   0.12000    

  ENERGY CONVERGED: E =  -14.48739717     CM-1 FOR DR =  0.120    

  FOR BOUND STATE   1, RICHARDSON EXTRAPOLATION BASED ON ERROR PROPORTIONAL TO DR**4 FOR IPROPS =  5
  GIVES EXTRAPOLATED ENERGY =                                               -14.48598555     CM-1
  THIS DIFFERS FROM FIRST EXTRAPOLATED VALUE BY  -1.5326E-06
  SUGGESTING THAT THE FIRST VALUE COULD BE UNCONVERGED BY UP TO THIS AMOUNT.

  - - - - - - - - - - - - - - - - - - - - - - - - - - - - - - - - - - - - - - - - - - - - - - - - - - - - - - - - - - - 

  ENERGY CONVERGED: E =  -13.62473607     CM-1 FOR DR =  0.120    

  FOR BOUND STATE   2, RICHARDSON EXTRAPOLATION BASED ON ERROR PROPORTIONAL TO DR**4 FOR IPROPS =  5
  GIVES EXTRAPOLATED ENERGY =                                               -13.62332895     CM-1
  THIS DIFFERS FROM FIRST EXTRAPOLATED VALUE BY  -1.5695E-06
  SUGGESTING THAT THE FIRST VALUE COULD BE UNCONVERGED BY UP TO THIS AMOUNT.

  - - - - - - - - - - - - - - - - - - - - - - - - - - - - - - - - - - - - - - - - - - - - - - - - - - - - - - - - - - - 

  ENERGY CONVERGED: E =  -7.177984189     CM-1 FOR DR =  0.120    

  FOR BOUND STATE   3, RICHARDSON EXTRAPOLATION BASED ON ERROR PROPORTIONAL TO DR**4 FOR IPROPS =  5
  GIVES EXTRAPOLATED ENERGY =                                               -7.177022717     CM-1
  THIS DIFFERS FROM FIRST EXTRAPOLATED VALUE BY   5.5060E-06
  SUGGESTING THAT THE FIRST VALUE COULD BE UNCONVERGED BY UP TO THIS AMOUNT.

  - - - - - - - - - - - - - - - - - - - - - - - - - - - - - - - - - - - - - - - - - - - - - - - - - - - - - - - - - - - 

  ENERGY CONVERGED: E =  -3.823915122     CM-1 FOR DR =  0.120    

  FOR BOUND STATE   4, RICHARDSON EXTRAPOLATION BASED ON ERROR PROPORTIONAL TO DR**4 FOR IPROPS =  5
  GIVES EXTRAPOLATED ENERGY =                                               -3.823095094     CM-1
  THIS DIFFERS FROM FIRST EXTRAPOLATED VALUE BY   3.1514E-06
  SUGGESTING THAT THE FIRST VALUE COULD BE UNCONVERGED BY UP TO THIS AMOUNT.

  - - - - - - - - - - - - - - - - - - - - - - - - - - - - - - - - - - - - - - - - - - - - - - - - - - - - - - - - - - - 

  ENERGY CONVERGED: E =  -2.455446266     CM-1 FOR DR =  0.120    

  FOR BOUND STATE   5, RICHARDSON EXTRAPOLATION BASED ON ERROR PROPORTIONAL TO DR**4 FOR IPROPS =  5
  GIVES EXTRAPOLATED ENERGY =                                               -2.454498150     CM-1
  THIS DIFFERS FROM FIRST EXTRAPOLATED VALUE BY   4.2093E-06
  SUGGESTING THAT THE FIRST VALUE COULD BE UNCONVERGED BY UP TO THIS AMOUNT.

  - - - - - - - - - - - - - - - - - - - - - - - - - - - - - - - - - - - - - - - - - - - - - - - - - - - - - - - - - - - 

  ENERGY CONVERGED: E = -0.1604142459     CM-1 FOR DR =  0.120    

  FOR BOUND STATE   6, RICHARDSON EXTRAPOLATION BASED ON ERROR PROPORTIONAL TO DR**4 FOR IPROPS =  5
  GIVES EXTRAPOLATED ENERGY =                                              -0.1597530281     CM-1
  THIS DIFFERS FROM FIRST EXTRAPOLATED VALUE BY   1.1831E-06
  SUGGESTING THAT THE FIRST VALUE COULD BE UNCONVERGED BY UP TO THIS AMOUNT.

  - - - - - - - - - - - - - - - - - - - - - - - - - - - - - - - - - - - - - - - - - - - - - - - - - - - - - - - - - - - 
  SCRATCH FILE OPENED ON UNIT           30

  *****************************  ANGULAR MOMENTUM JTOT  =   3   AND SYMMETRY BLOCK  =    2  ****************************

  CHANNEL FUNCTION LIST:

  EACH CHANNEL FUNCTION IS FORMED BY COMBINING A PAIR STATE WITH A VALUE OF L.

  CHANNEL  PAIR STATE    PAIR STATE QUANTUM NUMBERS            L        PAIR LEVEL   PAIR ENERGY (CM-1)
                         ---------      J   ---------
        1           2                   2                      1             2         2.3408017
        2           3                   4                      1             3         7.8026724
        3           1                   0                      3             1         0.0000000
        4           2                   2                      3             2         2.3408017
        5           3                   4                      3             3         7.8026724
        6           4                   6                      3             4        16.3856120
        7           2                   2                      5             2         2.3408017
        8           3                   4                      5             3         7.8026724
        9           4                   6                      5             4        16.3856120
       10           5                   8                      5             5        28.0896205
       11           3                   4                      7             3         7.8026724
       12           4                   6                      7             4        16.3856120
       13           5                   8                      7             5        28.0896205
       14           6                  10                      7             6        42.9146980
       15           4                   6                      9             4        16.3856120
       16           5                   8                      9             5        28.0896205
       17           6                  10                      9             6        42.9146980
       18           7                  12                      9             7        60.8608444
       19           5                   8                     11             5        28.0896205
       20           6                  10                     11             6        42.9146980
       21           7                  12                     11             7        60.8608444
       22           8                  14                     11             8        81.9280598
       23           6                  10                     13             6        42.9146980
       24           7                  12                     13             7        60.8608444
       25           8                  14                     13             8        81.9280598
       26           9                  16                     13             9       106.1163441
       27           7                  12                     15             7        60.8608444
       28           8                  14                     15             8        81.9280598
       29           9                  16                     15             9       106.1163441
       30          10                  18                     15            10       133.4256973
       31           8                  14                     17             8        81.9280598
       32           9                  16                     17             9       106.1163441
       33          10                  18                     17            10       133.4256973
       34          11                  20                     17            11       163.8561195
       35           9                  16                     19             9       106.1163441
       36          10                  18                     19            10       133.4256973
       37          11                  20                     19            11       163.8561195
       38          12                  22                     19            12       197.4076107
       39          10                  18                     21            10       133.4256973
       40          11                  20                     21            11       163.8561195
       41          12                  22                     21            12       197.4076107
       42          13                  24                     21            13       234.0801708
       43          11                  20                     23            11       163.8561195
       44          12                  22                     23            12       197.4076107
       45          13                  24                     23            13       234.0801708
       46          14                  26                     23            14       273.8737998
       47          12                  22                     25            12       197.4076107
       48          13                  24                     25            13       234.0801708
       49          14                  26                     25            14       273.8737998
       50          13                  24                     27            13       234.0801708
       51          14                  26                     27            14       273.8737998
       52          14                  26                     29            14       273.8737998

  NODE COUNT IMPLIES     0 STATES BELOW MINIMUM ENERGY =  -50.00000000     CM-1  
  NODE COUNT IMPLIES     6 STATES BELOW MAXIMUM ENERGY = -1.0000000000E-06 CM-1  

  - - - - - - - - - - - - - - - - - - - - - - - - - - - - - - - - - - - - - - - - - - - - - - - - - - - - - - - - - - - 

  SEARCHING FOR BOUND STATE NUMBER     1

  CONVERGED ON STATE NUMBER     1 AT                              ENERGY =  -13.15550582     CM-1  

  SMALLEST EIGENVALUE OF MATCHING MATRIX IS NUMBER  1 =  2.37471E-07

  WITH PRINCIPAL EIGENVECTOR COMPONENTS
  CHAN     VEC    VEC**2   L   QUANTUM NUMBERS

   1    0.7691    0.5916   1   2   2
   2    0.1082    0.0117   1   4   3
   3   -0.6224    0.3874   3   0   1

  - - - - - - - - - - - - - - - - - - - - - - - - - - - - - - - - - - - - - - - - - - - - - - - - - - - - - - - - - - - 

  SEARCHING FOR BOUND STATE NUMBER     2

  CONVERGED ON STATE NUMBER     2 AT                              ENERGY =  -11.56645286     CM-1  

  SMALLEST EIGENVALUE OF MATCHING MATRIX IS NUMBER  1 = -6.09010E-10

  WITH PRINCIPAL EIGENVECTOR COMPONENTS
  CHAN     VEC    VEC**2   L   QUANTUM NUMBERS

   1    0.3670    0.1347   1   2   2
   3    0.7152    0.5115   3   0   1
   4    0.5914    0.3497   3   2   2

  - - - - - - - - - - - - - - - - - - - - - - - - - - - - - - - - - - - - - - - - - - - - - - - - - - - - - - - - - - - 

  SEARCHING FOR BOUND STATE NUMBER     3

  CONVERGED ON STATE NUMBER     3 AT                              ENERGY =  -6.187426431     CM-1  

  SMALLEST EIGENVALUE OF MATCHING MATRIX IS NUMBER  1 =  4.31638E-08

  WITH PRINCIPAL EIGENVECTOR COMPONENTS
  CHAN     VEC    VEC**2   L   QUANTUM NUMBERS

   1    0.5995    0.3594   1   2   2
   3    0.6786    0.4605   3   0   1
   4   -0.3996    0.1597   3   2   2
   7    0.1055    0.0111   5   2   2

  - - - - - - - - - - - - - - - - - - - - - - - - - - - - - - - - - - - - - - - - - - - - - - - - - - - - - - - - - - - 

  SEARCHING FOR BOUND STATE NUMBER     4

  CONVERGED ON STATE NUMBER     4 AT                              ENERGY =  -3.032188878     CM-1  

  SMALLEST EIGENVALUE OF MATCHING MATRIX IS NUMBER  1 =  3.45679E-11

  WITH PRINCIPAL EIGENVECTOR COMPONENTS
  CHAN     VEC    VEC**2   L   QUANTUM NUMBERS

   1    0.7406    0.5485   1   2   2
   2   -0.4961    0.2461   1   4   3
   3   -0.4272    0.1825   3   0   1

  - - - - - - - - - - - - - - - - - - - - - - - - - - - - - - - - - - - - - - - - - - - - - - - - - - - - - - - - - - - 

  SEARCHING FOR BOUND STATE NUMBER     5

  CONVERGED ON STATE NUMBER     5 AT                              ENERGY =  -1.534272592     CM-1  

  SMALLEST EIGENVALUE OF MATCHING MATRIX IS NUMBER  1 =  1.75959E-10

  WITH PRINCIPAL EIGENVECTOR COMPONENTS
  CHAN     VEC    VEC**2   L   QUANTUM NUMBERS

   1   -0.1715    0.0294   1   2   2
   2   -0.1440    0.0207   1   4   3
   3    0.7294    0.5321   3   0   1
   7    0.6429    0.4134   5   2   2

  - - - - - - - - - - - - - - - - - - - - - - - - - - - - - - - - - - - - - - - - - - - - - - - - - - - - - - - - - - - 

  SEARCHING FOR BOUND STATE NUMBER     6

  CONVERGED ON STATE NUMBER     6 AT                              ENERGY = -0.5327961030     CM-1  

  SMALLEST EIGENVALUE OF MATCHING MATRIX IS NUMBER  1 =  1.61908E-08

  WITH PRINCIPAL EIGENVECTOR COMPONENTS
  CHAN     VEC    VEC**2   L   QUANTUM NUMBERS

   1   -0.3334    0.1112   1   2   2
   3    0.3460    0.1197   3   0   1
   4    0.6328    0.4005   3   2   2
   5   -0.5772    0.3331   3   4   3
   7   -0.1634    0.0267   5   2   2

  ----------------------------------------------------------------------------------------------------------------------
  TESTING CONVERGENCE OF PROPAGATION PARAMETERS: DRS CHANGED TO   6.00000E-02

  ENERGY CONVERGED: E =  -13.15682891     CM-1 FOR DR =  6.000E-02

  FOR BOUND STATE   1, RICHARDSON EXTRAPOLATION BASED ON ERROR PROPORTIONAL TO DR**4 FOR IPROPS =  5
  GIVES EXTRAPOLATED ENERGY =                                               -13.15541761     CM-1
  THIS IS THE BEST AVAILABLE EXTRAPOLATED VALUE FROM THIS SET OF CALCULATIONS.

  - - - - - - - - - - - - - - - - - - - - - - - - - - - - - - - - - - - - - - - - - - - - - - - - - - - - - - - - - - - 

  ENERGY CONVERGED: E =  -11.56770775     CM-1 FOR DR =  6.000E-02

  FOR BOUND STATE   2, RICHARDSON EXTRAPOLATION BASED ON ERROR PROPORTIONAL TO DR**4 FOR IPROPS =  5
  GIVES EXTRAPOLATED ENERGY =                                               -11.56636920     CM-1
  THIS IS THE BEST AVAILABLE EXTRAPOLATED VALUE FROM THIS SET OF CALCULATIONS.

  - - - - - - - - - - - - - - - - - - - - - - - - - - - - - - - - - - - - - - - - - - - - - - - - - - - - - - - - - - - 

  ENERGY CONVERGED: E =  -6.188219134     CM-1 FOR DR =  6.000E-02

  FOR BOUND STATE   3, RICHARDSON EXTRAPOLATION BASED ON ERROR PROPORTIONAL TO DR**4 FOR IPROPS =  5
  GIVES EXTRAPOLATED ENERGY =                                               -6.187373584     CM-1
  THIS IS THE BEST AVAILABLE EXTRAPOLATED VALUE FROM THIS SET OF CALCULATIONS.

  - - - - - - - - - - - - - - - - - - - - - - - - - - - - - - - - - - - - - - - - - - - - - - - - - - - - - - - - - - - 

  ENERGY CONVERGED: E =  -3.033003870     CM-1 FOR DR =  6.000E-02

  FOR BOUND STATE   4, RICHARDSON EXTRAPOLATION BASED ON ERROR PROPORTIONAL TO DR**4 FOR IPROPS =  5
  GIVES EXTRAPOLATED ENERGY =                                               -3.032134545     CM-1
  THIS IS THE BEST AVAILABLE EXTRAPOLATED VALUE FROM THIS SET OF CALCULATIONS.

  - - - - - - - - - - - - - - - - - - - - - - - - - - - - - - - - - - - - - - - - - - - - - - - - - - - - - - - - - - - 

  ENERGY CONVERGED: E =  -1.534940132     CM-1 FOR DR =  6.000E-02

  FOR BOUND STATE   5, RICHARDSON EXTRAPOLATION BASED ON ERROR PROPORTIONAL TO DR**4 FOR IPROPS =  5
  GIVES EXTRAPOLATED ENERGY =                                               -1.534228089     CM-1
  THIS IS THE BEST AVAILABLE EXTRAPOLATED VALUE FROM THIS SET OF CALCULATIONS.

  - - - - - - - - - - - - - - - - - - - - - - - - - - - - - - - - - - - - - - - - - - - - - - - - - - - - - - - - - - - 

  ENERGY CONVERGED: E = -0.5335753246     CM-1 FOR DR =  6.000E-02

  FOR BOUND STATE   6, RICHARDSON EXTRAPOLATION BASED ON ERROR PROPORTIONAL TO DR**4 FOR IPROPS =  5
  GIVES EXTRAPOLATED ENERGY =                                              -0.5327441549     CM-1
  THIS IS THE BEST AVAILABLE EXTRAPOLATED VALUE FROM THIS SET OF CALCULATIONS.

  - - - - - - - - - - - - - - - - - - - - - - - - - - - - - - - - - - - - - - - - - - - - - - - - - - - - - - - - - - - 

  ----------------------------------------------------------------------------------------------------------------------
  TESTING CONVERGENCE OF PROPAGATION PARAMETERS: DRS CHANGED TO   0.12000    

  ENERGY CONVERGED: E =  -13.15680644     CM-1 FOR DR =  0.120    

  FOR BOUND STATE   1, RICHARDSON EXTRAPOLATION BASED ON ERROR PROPORTIONAL TO DR**4 FOR IPROPS =  5
  GIVES EXTRAPOLATED ENERGY =                                               -13.15541911     CM-1
  THIS DIFFERS FROM FIRST EXTRAPOLATED VALUE BY  -1.4982E-06
  SUGGESTING THAT THE FIRST VALUE COULD BE UNCONVERGED BY UP TO THIS AMOUNT.

  - - - - - - - - - - - - - - - - - - - - - - - - - - - - - - - - - - - - - - - - - - - - - - - - - - - - - - - - - - - 

  ENERGY CONVERGED: E =  -11.56768618     CM-1 FOR DR =  0.120    

  FOR BOUND STATE   2, RICHARDSON EXTRAPOLATION BASED ON ERROR PROPORTIONAL TO DR**4 FOR IPROPS =  5
  GIVES EXTRAPOLATED ENERGY =                                               -11.56637063     CM-1
  THIS DIFFERS FROM FIRST EXTRAPOLATED VALUE BY  -1.4379E-06
  SUGGESTING THAT THE FIRST VALUE COULD BE UNCONVERGED BY UP TO THIS AMOUNT.

  - - - - - - - - - - - - - - - - - - - - - - - - - - - - - - - - - - - - - - - - - - - - - - - - - - - - - - - - - - - 

  ENERGY CONVERGED: E =  -6.188301485     CM-1 FOR DR =  0.120    

  FOR BOUND STATE   3, RICHARDSON EXTRAPOLATION BASED ON ERROR PROPORTIONAL TO DR**4 FOR IPROPS =  5
  GIVES EXTRAPOLATED ENERGY =                                               -6.187368094     CM-1
  THIS DIFFERS FROM FIRST EXTRAPOLATED VALUE BY   5.4900E-06
  SUGGESTING THAT THE FIRST VALUE COULD BE UNCONVERGED BY UP TO THIS AMOUNT.

  - - - - - - - - - - - - - - - - - - - - - - - - - - - - - - - - - - - - - - - - - - - - - - - - - - - - - - - - - - - 

  ENERGY CONVERGED: E =  -3.033051049     CM-1 FOR DR =  0.120    

  FOR BOUND STATE   4, RICHARDSON EXTRAPOLATION BASED ON ERROR PROPORTIONAL TO DR**4 FOR IPROPS =  5
  GIVES EXTRAPOLATED ENERGY =                                               -3.032131400     CM-1
  THIS DIFFERS FROM FIRST EXTRAPOLATED VALUE BY   3.1453E-06
  SUGGESTING THAT THE FIRST VALUE COULD BE UNCONVERGED BY UP TO THIS AMOUNT.

  - - - - - - - - - - - - - - - - - - - - - - - - - - - - - - - - - - - - - - - - - - - - - - - - - - - - - - - - - - - 

  ENERGY CONVERGED: E =  -1.534989815     CM-1 FOR DR =  0.120    

  FOR BOUND STATE   5, RICHARDSON EXTRAPOLATION BASED ON ERROR PROPORTIONAL TO DR**4 FOR IPROPS =  5
  GIVES EXTRAPOLATED ENERGY =                                               -1.534224777     CM-1
  THIS DIFFERS FROM FIRST EXTRAPOLATED VALUE BY   3.3122E-06
  SUGGESTING THAT THE FIRST VALUE COULD BE UNCONVERGED BY UP TO THIS AMOUNT.

  - - - - - - - - - - - - - - - - - - - - - - - - - - - - - - - - - - - - - - - - - - - - - - - - - - - - - - - - - - - 

  ENERGY CONVERGED: E = -0.5336220455     CM-1 FOR DR =  0.120    

  FOR BOUND STATE   6, RICHARDSON EXTRAPOLATION BASED ON ERROR PROPORTIONAL TO DR**4 FOR IPROPS =  5
  GIVES EXTRAPOLATED ENERGY =                                              -0.5327410402     CM-1
  THIS DIFFERS FROM FIRST EXTRAPOLATED VALUE BY   3.1147E-06
  SUGGESTING THAT THE FIRST VALUE COULD BE UNCONVERGED BY UP TO THIS AMOUNT.

  - - - - - - - - - - - - - - - - - - - - - - - - - - - - - - - - - - - - - - - - - - - - - - - - - - - - - - - - - - - 


  -- BOUND ------ BOUND ------ BOUND ------ BOUND ------ BOUND ------ BOUND --
 |                                                                            |
 |          Bound states of interacting pairs of atoms and molecules          |
 |                                                                            |
 |              Copyright (C) 2025 J. M. Hutson & C. R. Le Sueur              |
 |                                                                            |
 |                               Version 2025.0                               |
 |                                                                            |
 |                      This run used      12.07 cpu secs                     |
 |                                                                            |
  -- BOUND ------ BOUND ------ BOUND ------ BOUND ------ BOUND ------ BOUND --
