  -- BOUND ------ BOUND ------ BOUND ------ BOUND ------ BOUND ------ BOUND --
 |                                                                            |
 |          Bound states of interacting pairs of atoms and molecules          |
 |                                                                            |
 |              Copyright (C) 2025 J. M. Hutson & C. R. Le Sueur              |
 |                                                                            |
 |                               Version 2025.0                               |
 |                                                                            |
 |                       Run on 27 Feb 2026   at 15:35:18                     |
 |                                                                            |
  -- BOUND ------ BOUND ------ BOUND ------ BOUND ------ BOUND ------ BOUND --


  This program is free software: you can redistribute it and/or modify it under
  the terms of the GNU General Public License, version 3, as published by
  the Free Software Foundation.

  Publications resulting from the use of this program should cite both the
  version of the program used:

  J. M. Hutson & C. R. Le Sueur, BOUND: a program for bound states of
  interacting pairs of atoms and molecules,
  Version 2025.0, https//github.com/molscat/molscat

  and the published paper:

  J. M. Hutson & C. R. Le Sueur, Comput. Phys. Commun., 241, 1-8 (2019).


  USING CODATA 2022 RECOMMENDED VALUES OF FUNDAMENTAL PHYSICAL CONSTANTS

  PRINT LEVEL (IPRINT) =  5

  REDUCED MASS FOR INTERACTION =   3.675619163 ATOMIC MASS UNITS (DALTONS)

  ENERGY-INDEPENDENT MATRICES WILL BE SAVED TEMPORARILY ON UNIT 30

  ======================================================================================================================

  INTERACTION TYPE IS    LINEAR RIGID ROTOR  -  ATOM.  

  MOLECULAR QUANTUM NUMBERS OBTAINED FROM JMIN =  0,  JMAX = 26,  AND JSTEP = 2

  ENERGY LEVELS OBTAINED FROM B(E) =    0.390134

  QUANTUM NUMBERS FOR INTERACTING PAIR:
  EACH PAIR STATE IS LABELLED BY  1 QUANTUM NUMBER 
  EACH CHANNEL FUNCTION IS FORMED BY COMBINING A PAIR STATE WITH A VALUE OF L.
  THE RESULTING BASIS SET IS ASYMPTOTICALLY DIAGONAL.

  PAIR STATE     PAIR STATE QUANTUM NUMBERS    PAIR LEVEL     PAIR ENERGY (CM-1)
                ---------        J ---------
        1                        0                1             0.0000000
        2                        2                2             2.3408017
        3                        4                3             7.8026724
        4                        6                4            16.3856120
        5                        8                5            28.0896205
        6                       10                6            42.9146980
        7                       12                7            60.8608444
        8                       14                8            81.9280598
        9                       16                9           106.1163441
       10                       18               10           133.4256973
       11                       20               11           163.8561195
       12                       22               12           197.4076107
       13                       24               13           234.0801708
       14                       26               14           273.8737998

  ======================================================================================================================
  GENERAL-PURPOSE POTENL ROUTINE (MAY 18)

  UNEXPANDED POTENTIAL IS OBTAINED FROM VRTP ROUTINE.

  A SUITABLE VRTP ROUTINE MUST BE SUPPLIED.
 VRTP: loaded Veff1_grid.dat NR=         197  NT=          48
 VRTP: R range [bohr]=   1.5000000000000000        25.000000000000000     
 VRTP: theta range [rad]=   4.9583149999999999E-002   3.0920095000000001     
  IHOMO = 2 SPECIFIES HOMONUCLEAR SYMMETRY.
  USING  30-POINT QUADRATURE FOR THETA-1
  HOMONUCLEAR SYMMETRY: ONLY HALF OF THE THETA-1 POINTS WILL BE USED

  ANGULAR DEPENDENCE OF POTENTIAL EXPANDED IN TERMS OF
  LEGENDRE POLYNOMIALS, P(LAMBDA).
  POTENTIAL TERMS GENERATED FROM LMAX = 22 AND IHOMO = 2

  INTERACTION POTENTIAL FOR EXPANSION TERM NUMBER   1
  WHICH HAS LAMBDA =   0


  INTERACTION POTENTIAL FOR EXPANSION TERM NUMBER   2
  WHICH HAS LAMBDA =   2


  INTERACTION POTENTIAL FOR EXPANSION TERM NUMBER   3
  WHICH HAS LAMBDA =   4


  INTERACTION POTENTIAL FOR EXPANSION TERM NUMBER   4
  WHICH HAS LAMBDA =   6


  INTERACTION POTENTIAL FOR EXPANSION TERM NUMBER   5
  WHICH HAS LAMBDA =   8


  INTERACTION POTENTIAL FOR EXPANSION TERM NUMBER   6
  WHICH HAS LAMBDA =  10


  INTERACTION POTENTIAL FOR EXPANSION TERM NUMBER   7
  WHICH HAS LAMBDA =  12


  INTERACTION POTENTIAL FOR EXPANSION TERM NUMBER   8
  WHICH HAS LAMBDA =  14


  INTERACTION POTENTIAL FOR EXPANSION TERM NUMBER   9
  WHICH HAS LAMBDA =  16


  INTERACTION POTENTIAL FOR EXPANSION TERM NUMBER  10
  WHICH HAS LAMBDA =  18


  INTERACTION POTENTIAL FOR EXPANSION TERM NUMBER  11
  WHICH HAS LAMBDA =  20


  INTERACTION POTENTIAL FOR EXPANSION TERM NUMBER  12
  WHICH HAS LAMBDA =  22


  POTENL PROCESSING FINISHED.

  POTENTIAL RETURNED IN UNITS OF EPSIL  =  1.0000000     CM-1

  ALL LENGTHS ARE IN UNITS OF ANGSTROM UNLESS OTHERWISE STATED

  INTERACTION MATRIX USES  12 BLOCKS OF VL ARRAY FOR R-DEPENDENT TERMS IN POTENTIAL

  ======================================================================================================================

  PROPAGATION METHODS FOR COUPLED EQUATIONS SPECIFIED BY IPROPS =  5 AND IPROPL =  5

  COUPLED EQUATIONS WILL BE PROPAGATED TOWARDS RMATCH IN 2 SEGMENTS

  PROPAGATION RANGES ARE CONTROLLED BY VARIABLES RMIN, RMATCH AND RMAX, WITH INPUT VALUES
  RMIN =   2.400     RMATCH =   6.000     RMAX =   20.00    
  ++++++++++++++++++++++++++++++++++++++++++++++++++++++++++++++++++++++++++++++++++++++++++++++++++++++++++++++++++++++
  SEGMENT 1 WILL BE PROPAGATED OUTWARDS

  FROM RMIN =      2.40 TO RMATCH =      6.00

  COUPLED EQUATIONS SOLVED BY LOG-DERIVATIVE PROPAGATOR OF JOHNSON

  PROPAGATION STEP SIZE DETERMINED USING DR =  3.000E-02
  STEP SIZE CONSTANT THROUGHOUT RANGE
  STEP SIZE MAY BE ADJUSTED SLIGHTLY SO THAT RANGE IS A WHOLE NUMBER OF STEPS

  LOG-DERIVATIVE MATRIX INITIALISED IN THE LOCAL EIGENBASIS AT RMIN IN THE OUTWARD PROPAGATION PART
  LOCALLY CLOSED CHANNELS INITIALISED WITH A WKB BOUNDARY CONDITION
  ++++++++++++++++++++++++++++++++++++++++++++++++++++++++++++++++++++++++++++++++++++++++++++++++++++++++++++++++++++++
  SEGMENT 2 WILL BE PROPAGATED  INWARDS

  TO RMATCH =      6.00 FROM RMAX =     20.00

  COUPLED EQUATIONS SOLVED BY LOG-DERIVATIVE PROPAGATOR OF JOHNSON

  INITIAL STEP SIZE TAKEN FROM SIZE OF FINAL STEP OF SHORT-RANGE PROPAGATION
  STEP SIZE CONSTANT THROUGHOUT RANGE
  STEP SIZE MAY BE ADJUSTED SLIGHTLY SO THAT RANGE IS A WHOLE NUMBER OF STEPS

  LOG-DERIVATIVE MATRIX INITIALISED IN THE LOCAL EIGENBASIS AT RMAX IN THE INWARD PROPAGATION PART
  LOCALLY CLOSED CHANNELS INITIALISED WITH A WKB BOUNDARY CONDITION
  LOCALLY  OPEN  CHANNELS INITIALISED WITH THE VALUE  0.000E+00

  ======================================================================================================================

  PROGRAM WILL ATTEMPT TO CONVERGE ON BOUND STATES AS A FUNCTION OF ENERGY

  FOR EACH LEVEL, THE BISECTION METHOD WILL BE USED UNTIL THE VWDB METHOD OFFERS RELIABLE CONVERGENCE.

  VWDB CONVERGENCE WILL TERMINATE WHEN THE STEP SIZE IS LESS THAN 1.00000E-08 CM-1    

  INPUT ENERGIES IN UNITS OF CM-1 BY DEFAULT.

  PROGRAM WILL SEEK STATES WITH NODE COUNTS FROM    0 TO  99999
  LYING IN ENERGY RANGE  -50.000     TO -1.00000E-06 CM-1    

  ======================================================================================================================

  TOTAL ANGULAR MOMENTUM JTOT RUNS FROM   0  TO     3  IN STEPS OF   1

  EACH JTOT IS SPLIT INTO A MAXIMUM OF   2 SYMMETRY BLOCKS

  CALCULATIONS WILL BE FOR SYMMETRY BLOCK   2  ONLY

  INITIALIZATION DONE.  TIME WAS   0.02 CPU SECS.

  ============================================= He-CO2 from Cartesian PES ==============================================
  SCRATCH FILE OPENED ON UNIT           30

  *****************************  ANGULAR MOMENTUM JTOT  =   0   AND SYMMETRY BLOCK  =    2  ****************************

  CHANNEL FUNCTION LIST:

  EACH CHANNEL FUNCTION IS FORMED BY COMBINING A PAIR STATE WITH A VALUE OF L.

  CHANNEL  PAIR STATE    PAIR STATE QUANTUM NUMBERS            L        PAIR LEVEL   PAIR ENERGY (CM-1)
                         ---------      J   ---------
        1           1                   0                      0             1         0.0000000
        2           2                   2                      2             2         2.3408017
        3           3                   4                      4             3         7.8026724
        4           4                   6                      6             4        16.3856120
        5           5                   8                      8             5        28.0896205
        6           6                  10                     10             6        42.9146980
        7           7                  12                     12             7        60.8608444
        8           8                  14                     14             8        81.9280598
        9           9                  16                     16             9       106.1163441
       10          10                  18                     18            10       133.4256973
       11          11                  20                     20            11       163.8561195
       12          12                  22                     22            12       197.4076107
       13          13                  24                     24            13       234.0801708
       14          14                  26                     26            14       273.8737998

  NODE COUNT IMPLIES     0 STATES BELOW MINIMUM ENERGY =  -50.00000000     CM-1  
  NODE COUNT IMPLIES     3 STATES BELOW MAXIMUM ENERGY = -1.0000000000E-06 CM-1  

  - - - - - - - - - - - - - - - - - - - - - - - - - - - - - - - - - - - - - - - - - - - - - - - - - - - - - - - - - - - 

  SEARCHING FOR BOUND STATE NUMBER     1

  CONVERGED ON STATE NUMBER     1 AT                              ENERGY =  -16.04560582     CM-1  

  SMALLEST EIGENVALUE OF MATCHING MATRIX IS NUMBER  1 = -3.11839E-10

  WITH PRINCIPAL EIGENVECTOR COMPONENTS
  CHAN     VEC    VEC**2   L   QUANTUM NUMBERS

   1    0.9624    0.9261   0   0   1
   2   -0.2698    0.0728   2   2   2

  - - - - - - - - - - - - - - - - - - - - - - - - - - - - - - - - - - - - - - - - - - - - - - - - - - - - - - - - - - - 

  SEARCHING FOR BOUND STATE NUMBER     2

  CONVERGED ON STATE NUMBER     2 AT                              ENERGY =  -7.564692476     CM-1  

  SMALLEST EIGENVALUE OF MATCHING MATRIX IS NUMBER  1 = -1.10632E-10

  WITH PRINCIPAL EIGENVECTOR COMPONENTS
  CHAN     VEC    VEC**2   L   QUANTUM NUMBERS

   1    0.8026    0.6441   0   0   1
   2    0.5928    0.3514   2   2   2

  - - - - - - - - - - - - - - - - - - - - - - - - - - - - - - - - - - - - - - - - - - - - - - - - - - - - - - - - - - - 

  SEARCHING FOR BOUND STATE NUMBER     3

  CONVERGED ON STATE NUMBER     3 AT                              ENERGY =  -1.172030024     CM-1  

  SMALLEST EIGENVALUE OF MATCHING MATRIX IS NUMBER  1 = -1.36815E-11

  WITH PRINCIPAL EIGENVECTOR COMPONENTS
  CHAN     VEC    VEC**2   L   QUANTUM NUMBERS

   1    0.7372    0.5434   0   0   1
   2   -0.6479    0.4197   2   2   2
   3   -0.1913    0.0366   4   4   3

  ----------------------------------------------------------------------------------------------------------------------
  TESTING CONVERGENCE OF PROPAGATION PARAMETERS: DRS CHANGED TO   6.00000E-02

  ENERGY CONVERGED: E =  -16.04696734     CM-1 FOR DR =  6.000E-02

  FOR BOUND STATE   1, RICHARDSON EXTRAPOLATION BASED ON ERROR PROPORTIONAL TO DR**4 FOR IPROPS =  5
  GIVES EXTRAPOLATED ENERGY =                                               -16.04551505     CM-1
  THIS IS THE BEST AVAILABLE EXTRAPOLATED VALUE FROM THIS SET OF CALCULATIONS.

  - - - - - - - - - - - - - - - - - - - - - - - - - - - - - - - - - - - - - - - - - - - - - - - - - - - - - - - - - - - 

  ENERGY CONVERGED: E =  -7.565539442     CM-1 FOR DR =  6.000E-02

  FOR BOUND STATE   2, RICHARDSON EXTRAPOLATION BASED ON ERROR PROPORTIONAL TO DR**4 FOR IPROPS =  5
  GIVES EXTRAPOLATED ENERGY =                                               -7.564636012     CM-1
  THIS IS THE BEST AVAILABLE EXTRAPOLATED VALUE FROM THIS SET OF CALCULATIONS.

  - - - - - - - - - - - - - - - - - - - - - - - - - - - - - - - - - - - - - - - - - - - - - - - - - - - - - - - - - - - 

  ENERGY CONVERGED: E =  -1.172634859     CM-1 FOR DR =  6.000E-02

  FOR BOUND STATE   3, RICHARDSON EXTRAPOLATION BASED ON ERROR PROPORTIONAL TO DR**4 FOR IPROPS =  5
  GIVES EXTRAPOLATED ENERGY =                                               -1.171989702     CM-1
  THIS IS THE BEST AVAILABLE EXTRAPOLATED VALUE FROM THIS SET OF CALCULATIONS.

  - - - - - - - - - - - - - - - - - - - - - - - - - - - - - - - - - - - - - - - - - - - - - - - - - - - - - - - - - - - 

  ----------------------------------------------------------------------------------------------------------------------
  TESTING CONVERGENCE OF PROPAGATION PARAMETERS: DRS CHANGED TO   0.12000    

  ENERGY CONVERGED: E =  -16.04694492     CM-1 FOR DR =  0.120    

  FOR BOUND STATE   1, RICHARDSON EXTRAPOLATION BASED ON ERROR PROPORTIONAL TO DR**4 FOR IPROPS =  5
  GIVES EXTRAPOLATED ENERGY =                                               -16.04551655     CM-1
  THIS DIFFERS FROM FIRST EXTRAPOLATED VALUE BY  -1.4947E-06
  SUGGESTING THAT THE FIRST VALUE COULD BE UNCONVERGED BY UP TO THIS AMOUNT.

  - - - - - - - - - - - - - - - - - - - - - - - - - - - - - - - - - - - - - - - - - - - - - - - - - - - - - - - - - - - 

  ENERGY CONVERGED: E =  -7.565636995     CM-1 FOR DR =  0.120    

  FOR BOUND STATE   2, RICHARDSON EXTRAPOLATION BASED ON ERROR PROPORTIONAL TO DR**4 FOR IPROPS =  5
  GIVES EXTRAPOLATED ENERGY =                                               -7.564629508     CM-1
  THIS DIFFERS FROM FIRST EXTRAPOLATED VALUE BY   6.5035E-06
  SUGGESTING THAT THE FIRST VALUE COULD BE UNCONVERGED BY UP TO THIS AMOUNT.

  - - - - - - - - - - - - - - - - - - - - - - - - - - - - - - - - - - - - - - - - - - - - - - - - - - - - - - - - - - - 

  ENERGY CONVERGED: E =  -1.172671618     CM-1 FOR DR =  0.120    

  FOR BOUND STATE   3, RICHARDSON EXTRAPOLATION BASED ON ERROR PROPORTIONAL TO DR**4 FOR IPROPS =  5
  GIVES EXTRAPOLATED ENERGY =                                               -1.171987252     CM-1
  THIS DIFFERS FROM FIRST EXTRAPOLATED VALUE BY   2.4506E-06
  SUGGESTING THAT THE FIRST VALUE COULD BE UNCONVERGED BY UP TO THIS AMOUNT.

  - - - - - - - - - - - - - - - - - - - - - - - - - - - - - - - - - - - - - - - - - - - - - - - - - - - - - - - - - - - 
  SCRATCH FILE OPENED ON UNIT           30

  *****************************  ANGULAR MOMENTUM JTOT  =   1   AND SYMMETRY BLOCK  =    2  ****************************

  CHANNEL FUNCTION LIST:

  EACH CHANNEL FUNCTION IS FORMED BY COMBINING A PAIR STATE WITH A VALUE OF L.

  CHANNEL  PAIR STATE    PAIR STATE QUANTUM NUMBERS            L        PAIR LEVEL   PAIR ENERGY (CM-1)
                         ---------      J   ---------
        1           1                   0                      1             1         0.0000000
        2           2                   2                      1             2         2.3408017
        3           2                   2                      3             2         2.3408017
        4           3                   4                      3             3         7.8026724
        5           3                   4                      5             3         7.8026724
        6           4                   6                      5             4        16.3856120
        7           4                   6                      7             4        16.3856120
        8           5                   8                      7             5        28.0896205
        9           5                   8                      9             5        28.0896205
       10           6                  10                      9             6        42.9146980
       11           6                  10                     11             6        42.9146980
       12           7                  12                     11             7        60.8608444
       13           7                  12                     13             7        60.8608444
       14           8                  14                     13             8        81.9280598
       15           8                  14                     15             8        81.9280598
       16           9                  16                     15             9       106.1163441
       17           9                  16                     17             9       106.1163441
       18          10                  18                     17            10       133.4256973
       19          10                  18                     19            10       133.4256973
       20          11                  20                     19            11       163.8561195
       21          11                  20                     21            11       163.8561195
       22          12                  22                     21            12       197.4076107
       23          12                  22                     23            12       197.4076107
       24          13                  24                     23            13       234.0801708
       25          13                  24                     25            13       234.0801708
       26          14                  26                     25            14       273.8737998
       27          14                  26                     27            14       273.8737998

  NODE COUNT IMPLIES     0 STATES BELOW MINIMUM ENERGY =  -50.00000000     CM-1  
  NODE COUNT IMPLIES     4 STATES BELOW MAXIMUM ENERGY = -1.0000000000E-06 CM-1  

  - - - - - - - - - - - - - - - - - - - - - - - - - - - - - - - - - - - - - - - - - - - - - - - - - - - - - - - - - - - 

  SEARCHING FOR BOUND STATE NUMBER     1

  CONVERGED ON STATE NUMBER     1 AT                              ENERGY =  -15.46621669     CM-1  

  SMALLEST EIGENVALUE OF MATCHING MATRIX IS NUMBER  1 =  3.40659E-08

  WITH PRINCIPAL EIGENVECTOR COMPONENTS
  CHAN     VEC    VEC**2   L   QUANTUM NUMBERS

   1    0.9474    0.8976   1   0   1
   2    0.2844    0.0809   1   2   2
   3   -0.1416    0.0200   3   2   2

  - - - - - - - - - - - - - - - - - - - - - - - - - - - - - - - - - - - - - - - - - - - - - - - - - - - - - - - - - - - 

  SEARCHING FOR BOUND STATE NUMBER     2

  CONVERGED ON STATE NUMBER     2 AT                              ENERGY =  -7.707501751     CM-1  

  SMALLEST EIGENVALUE OF MATCHING MATRIX IS NUMBER  1 =  4.19504E-11

  WITH PRINCIPAL EIGENVECTOR COMPONENTS
  CHAN     VEC    VEC**2   L   QUANTUM NUMBERS

   1    0.7316    0.5353   1   0   1
   2   -0.6474    0.4191   1   2   2
   3    0.2025    0.0410   3   2   2

  - - - - - - - - - - - - - - - - - - - - - - - - - - - - - - - - - - - - - - - - - - - - - - - - - - - - - - - - - - - 

  SEARCHING FOR BOUND STATE NUMBER     3

  CONVERGED ON STATE NUMBER     3 AT                              ENERGY =  -5.639437639     CM-1  

  SMALLEST EIGENVALUE OF MATCHING MATRIX IS NUMBER  1 = -3.15367E-10

  WITH PRINCIPAL EIGENVECTOR COMPONENTS
  CHAN     VEC    VEC**2   L   QUANTUM NUMBERS

   1    0.6319    0.3994   1   0   1
   2    0.2692    0.0725   1   2   2
   3    0.7241    0.5243   3   2   2

  - - - - - - - - - - - - - - - - - - - - - - - - - - - - - - - - - - - - - - - - - - - - - - - - - - - - - - - - - - - 

  SEARCHING FOR BOUND STATE NUMBER     4

  CONVERGED ON STATE NUMBER     4 AT                              ENERGY =  -1.676869487     CM-1  

  SMALLEST EIGENVALUE OF MATCHING MATRIX IS NUMBER  1 = -3.51008E-11

  WITH PRINCIPAL EIGENVECTOR COMPONENTS
  CHAN     VEC    VEC**2   L   QUANTUM NUMBERS

   1    0.5376    0.2891   1   0   1
   2    0.7124    0.5075   1   2   2
   3   -0.2803    0.0785   3   2   2
   4    0.3494    0.1221   3   4   3

  ----------------------------------------------------------------------------------------------------------------------
  TESTING CONVERGENCE OF PROPAGATION PARAMETERS: DRS CHANGED TO   6.00000E-02

  ENERGY CONVERGED: E =  -15.46756098     CM-1 FOR DR =  6.000E-02

  FOR BOUND STATE   1, RICHARDSON EXTRAPOLATION BASED ON ERROR PROPORTIONAL TO DR**4 FOR IPROPS =  5
  GIVES EXTRAPOLATED ENERGY =                                               -15.46612707     CM-1
  THIS IS THE BEST AVAILABLE EXTRAPOLATED VALUE FROM THIS SET OF CALCULATIONS.

  - - - - - - - - - - - - - - - - - - - - - - - - - - - - - - - - - - - - - - - - - - - - - - - - - - - - - - - - - - - 

  ENERGY CONVERGED: E =  -7.708338318     CM-1 FOR DR =  6.000E-02

  FOR BOUND STATE   2, RICHARDSON EXTRAPOLATION BASED ON ERROR PROPORTIONAL TO DR**4 FOR IPROPS =  5
  GIVES EXTRAPOLATED ENERGY =                                               -7.707445980     CM-1
  THIS IS THE BEST AVAILABLE EXTRAPOLATED VALUE FROM THIS SET OF CALCULATIONS.

  - - - - - - - - - - - - - - - - - - - - - - - - - - - - - - - - - - - - - - - - - - - - - - - - - - - - - - - - - - - 

  ENERGY CONVERGED: E =  -5.640214502     CM-1 FOR DR =  6.000E-02

  FOR BOUND STATE   3, RICHARDSON EXTRAPOLATION BASED ON ERROR PROPORTIONAL TO DR**4 FOR IPROPS =  5
  GIVES EXTRAPOLATED ENERGY =                                               -5.639385848     CM-1
  THIS IS THE BEST AVAILABLE EXTRAPOLATED VALUE FROM THIS SET OF CALCULATIONS.

  - - - - - - - - - - - - - - - - - - - - - - - - - - - - - - - - - - - - - - - - - - - - - - - - - - - - - - - - - - - 

  ENERGY CONVERGED: E =  -1.677625836     CM-1 FOR DR =  6.000E-02

  FOR BOUND STATE   4, RICHARDSON EXTRAPOLATION BASED ON ERROR PROPORTIONAL TO DR**4 FOR IPROPS =  5
  GIVES EXTRAPOLATED ENERGY =                                               -1.676819064     CM-1
  THIS IS THE BEST AVAILABLE EXTRAPOLATED VALUE FROM THIS SET OF CALCULATIONS.

  - - - - - - - - - - - - - - - - - - - - - - - - - - - - - - - - - - - - - - - - - - - - - - - - - - - - - - - - - - - 

  ----------------------------------------------------------------------------------------------------------------------
  TESTING CONVERGENCE OF PROPAGATION PARAMETERS: DRS CHANGED TO   0.12000    

  ENERGY CONVERGED: E =  -15.46753865     CM-1 FOR DR =  0.120    

  FOR BOUND STATE   1, RICHARDSON EXTRAPOLATION BASED ON ERROR PROPORTIONAL TO DR**4 FOR IPROPS =  5
  GIVES EXTRAPOLATED ENERGY =                                               -15.46612855     CM-1
  THIS DIFFERS FROM FIRST EXTRAPOLATED VALUE BY  -1.4888E-06
  SUGGESTING THAT THE FIRST VALUE COULD BE UNCONVERGED BY UP TO THIS AMOUNT.

  - - - - - - - - - - - - - - - - - - - - - - - - - - - - - - - - - - - - - - - - - - - - - - - - - - - - - - - - - - - 

  ENERGY CONVERGED: E =  -7.708422888     CM-1 FOR DR =  0.120    

  FOR BOUND STATE   2, RICHARDSON EXTRAPOLATION BASED ON ERROR PROPORTIONAL TO DR**4 FOR IPROPS =  5
  GIVES EXTRAPOLATED ENERGY =                                               -7.707440342     CM-1
  THIS DIFFERS FROM FIRST EXTRAPOLATED VALUE BY   5.6380E-06
  SUGGESTING THAT THE FIRST VALUE COULD BE UNCONVERGED BY UP TO THIS AMOUNT.

  - - - - - - - - - - - - - - - - - - - - - - - - - - - - - - - - - - - - - - - - - - - - - - - - - - - - - - - - - - - 

  ENERGY CONVERGED: E =  -5.640270356     CM-1 FOR DR =  0.120    

  FOR BOUND STATE   3, RICHARDSON EXTRAPOLATION BASED ON ERROR PROPORTIONAL TO DR**4 FOR IPROPS =  5
  GIVES EXTRAPOLATED ENERGY =                                               -5.639382124     CM-1
  THIS DIFFERS FROM FIRST EXTRAPOLATED VALUE BY   3.7236E-06
  SUGGESTING THAT THE FIRST VALUE COULD BE UNCONVERGED BY UP TO THIS AMOUNT.

  - - - - - - - - - - - - - - - - - - - - - - - - - - - - - - - - - - - - - - - - - - - - - - - - - - - - - - - - - - - 

  ENERGY CONVERGED: E =  -1.677683960     CM-1 FOR DR =  0.120    

  FOR BOUND STATE   4, RICHARDSON EXTRAPOLATION BASED ON ERROR PROPORTIONAL TO DR**4 FOR IPROPS =  5
  GIVES EXTRAPOLATED ENERGY =                                               -1.676815189     CM-1
  THIS DIFFERS FROM FIRST EXTRAPOLATED VALUE BY   3.8749E-06
  SUGGESTING THAT THE FIRST VALUE COULD BE UNCONVERGED BY UP TO THIS AMOUNT.

  - - - - - - - - - - - - - - - - - - - - - - - - - - - - - - - - - - - - - - - - - - - - - - - - - - - - - - - - - - - 
  SCRATCH FILE OPENED ON UNIT           30

  *****************************  ANGULAR MOMENTUM JTOT  =   2   AND SYMMETRY BLOCK  =    2  ****************************

  CHANNEL FUNCTION LIST:

  EACH CHANNEL FUNCTION IS FORMED BY COMBINING A PAIR STATE WITH A VALUE OF L.

  CHANNEL  PAIR STATE    PAIR STATE QUANTUM NUMBERS            L        PAIR LEVEL   PAIR ENERGY (CM-1)
                         ---------      J   ---------
        1           2                   2                      0             2         2.3408017
        2           1                   0                      2             1         0.0000000
        3           2                   2                      2             2         2.3408017
        4           3                   4                      2             3         7.8026724
        5           2                   2                      4             2         2.3408017
        6           3                   4                      4             3         7.8026724
        7           4                   6                      4             4        16.3856120
        8           3                   4                      6             3         7.8026724
        9           4                   6                      6             4        16.3856120
       10           5                   8                      6             5        28.0896205
       11           4                   6                      8             4        16.3856120
       12           5                   8                      8             5        28.0896205
       13           6                  10                      8             6        42.9146980
       14           5                   8                     10             5        28.0896205
       15           6                  10                     10             6        42.9146980
       16           7                  12                     10             7        60.8608444
       17           6                  10                     12             6        42.9146980
       18           7                  12                     12             7        60.8608444
       19           8                  14                     12             8        81.9280598
       20           7                  12                     14             7        60.8608444
       21           8                  14                     14             8        81.9280598
       22           9                  16                     14             9       106.1163441
       23           8                  14                     16             8        81.9280598
       24           9                  16                     16             9       106.1163441
       25          10                  18                     16            10       133.4256973
       26           9                  16                     18             9       106.1163441
       27          10                  18                     18            10       133.4256973
       28          11                  20                     18            11       163.8561195
       29          10                  18                     20            10       133.4256973
       30          11                  20                     20            11       163.8561195
       31          12                  22                     20            12       197.4076107
       32          11                  20                     22            11       163.8561195
       33          12                  22                     22            12       197.4076107
       34          13                  24                     22            13       234.0801708
       35          12                  22                     24            12       197.4076107
       36          13                  24                     24            13       234.0801708
       37          14                  26                     24            14       273.8737998
       38          13                  24                     26            13       234.0801708
       39          14                  26                     26            14       273.8737998
       40          14                  26                     28            14       273.8737998

  NODE COUNT IMPLIES     0 STATES BELOW MINIMUM ENERGY =  -50.00000000     CM-1  
  NODE COUNT IMPLIES     6 STATES BELOW MAXIMUM ENERGY = -1.0000000000E-06 CM-1  

  - - - - - - - - - - - - - - - - - - - - - - - - - - - - - - - - - - - - - - - - - - - - - - - - - - - - - - - - - - - 

  SEARCHING FOR BOUND STATE NUMBER     1

  CONVERGED ON STATE NUMBER     1 AT                              ENERGY =  -14.48124070     CM-1  

  SMALLEST EIGENVALUE OF MATCHING MATRIX IS NUMBER  1 =  2.43180E-10

  WITH PRINCIPAL EIGENVECTOR COMPONENTS
  CHAN     VEC    VEC**2   L   QUANTUM NUMBERS

   1   -0.5705    0.3255   0   2   2
   2    0.8135    0.6618   2   0   1

  - - - - - - - - - - - - - - - - - - - - - - - - - - - - - - - - - - - - - - - - - - - - - - - - - - - - - - - - - - - 

  SEARCHING FOR BOUND STATE NUMBER     2

  CONVERGED ON STATE NUMBER     2 AT                              ENERGY =  -13.61833620     CM-1  

  SMALLEST EIGENVALUE OF MATCHING MATRIX IS NUMBER  1 = -6.09615E-09

  WITH PRINCIPAL EIGENVECTOR COMPONENTS
  CHAN     VEC    VEC**2   L   QUANTUM NUMBERS

   1    0.5423    0.2941   0   2   2
   2    0.5533    0.3062   2   0   1
   3    0.6305    0.3975   2   2   2

  - - - - - - - - - - - - - - - - - - - - - - - - - - - - - - - - - - - - - - - - - - - - - - - - - - - - - - - - - - - 

  SEARCHING FOR BOUND STATE NUMBER     3

  CONVERGED ON STATE NUMBER     3 AT                              ENERGY =  -7.272744009     CM-1  

  SMALLEST EIGENVALUE OF MATCHING MATRIX IS NUMBER  1 =  5.12747E-08

  WITH PRINCIPAL EIGENVECTOR COMPONENTS
  CHAN     VEC    VEC**2   L   QUANTUM NUMBERS

   1    0.5193    0.2697   0   2   2
   2    0.7060    0.4985   2   0   1
   3   -0.4570    0.2089   2   2   2
   5    0.1315    0.0173   4   2   2

  - - - - - - - - - - - - - - - - - - - - - - - - - - - - - - - - - - - - - - - - - - - - - - - - - - - - - - - - - - - 

  SEARCHING FOR BOUND STATE NUMBER     4

  CONVERGED ON STATE NUMBER     4 AT                              ENERGY =  -3.908002536     CM-1  

  SMALLEST EIGENVALUE OF MATCHING MATRIX IS NUMBER  1 =  3.23325E-10

  WITH PRINCIPAL EIGENVECTOR COMPONENTS
  CHAN     VEC    VEC**2   L   QUANTUM NUMBERS

   1   -0.3250    0.1056   0   2   2
   2    0.6879    0.4732   2   0   1
   5    0.6451    0.4161   4   2   2

  - - - - - - - - - - - - - - - - - - - - - - - - - - - - - - - - - - - - - - - - - - - - - - - - - - - - - - - - - - - 

  SEARCHING FOR BOUND STATE NUMBER     5

  CONVERGED ON STATE NUMBER     5 AT                              ENERGY =  -2.532946818     CM-1  

  SMALLEST EIGENVALUE OF MATCHING MATRIX IS NUMBER  1 =  3.78542E-11

  WITH PRINCIPAL EIGENVECTOR COMPONENTS
  CHAN     VEC    VEC**2   L   QUANTUM NUMBERS

   1    0.8023    0.6437   0   2   2
   2   -0.2182    0.0476   2   0   1
   4    0.4913    0.2414   2   4   3
   5    0.2318    0.0537   4   2   2

  - - - - - - - - - - - - - - - - - - - - - - - - - - - - - - - - - - - - - - - - - - - - - - - - - - - - - - - - - - - 

  SEARCHING FOR BOUND STATE NUMBER     6

  CONVERGED ON STATE NUMBER     6 AT                              ENERGY = -0.2309943744     CM-1  

  SMALLEST EIGENVALUE OF MATCHING MATRIX IS NUMBER  1 =  5.05278E-09

  WITH PRINCIPAL EIGENVECTOR COMPONENTS
  CHAN     VEC    VEC**2   L   QUANTUM NUMBERS

   1    0.2365    0.0559   0   2   2
   2    0.4961    0.2462   2   0   1
   3    0.7928    0.6285   2   2   2
   5   -0.1365    0.0186   4   2   2
   6    0.2233    0.0499   4   4   3

  ----------------------------------------------------------------------------------------------------------------------
  TESTING CONVERGENCE OF PROPAGATION PARAMETERS: DRS CHANGED TO   6.00000E-02

  ENERGY CONVERGED: E =  -14.48257332     CM-1 FOR DR =  6.000E-02

  FOR BOUND STATE   1, RICHARDSON EXTRAPOLATION BASED ON ERROR PROPORTIONAL TO DR**4 FOR IPROPS =  5
  GIVES EXTRAPOLATED ENERGY =                                               -14.48115186     CM-1
  THIS IS THE BEST AVAILABLE EXTRAPOLATED VALUE FROM THIS SET OF CALCULATIONS.

  - - - - - - - - - - - - - - - - - - - - - - - - - - - - - - - - - - - - - - - - - - - - - - - - - - - - - - - - - - - 

  ENERGY CONVERGED: E =  -13.61966545     CM-1 FOR DR =  6.000E-02

  FOR BOUND STATE   2, RICHARDSON EXTRAPOLATION BASED ON ERROR PROPORTIONAL TO DR**4 FOR IPROPS =  5
  GIVES EXTRAPOLATED ENERGY =                                               -13.61824758     CM-1
  THIS IS THE BEST AVAILABLE EXTRAPOLATED VALUE FROM THIS SET OF CALCULATIONS.

  - - - - - - - - - - - - - - - - - - - - - - - - - - - - - - - - - - - - - - - - - - - - - - - - - - - - - - - - - - - 

  ENERGY CONVERGED: E =  -7.273563806     CM-1 FOR DR =  6.000E-02

  FOR BOUND STATE   3, RICHARDSON EXTRAPOLATION BASED ON ERROR PROPORTIONAL TO DR**4 FOR IPROPS =  5
  GIVES EXTRAPOLATED ENERGY =                                               -7.272689356     CM-1
  THIS IS THE BEST AVAILABLE EXTRAPOLATED VALUE FROM THIS SET OF CALCULATIONS.

  - - - - - - - - - - - - - - - - - - - - - - - - - - - - - - - - - - - - - - - - - - - - - - - - - - - - - - - - - - - 

  ENERGY CONVERGED: E =  -3.908723557     CM-1 FOR DR =  6.000E-02

  FOR BOUND STATE   4, RICHARDSON EXTRAPOLATION BASED ON ERROR PROPORTIONAL TO DR**4 FOR IPROPS =  5
  GIVES EXTRAPOLATED ENERGY =                                               -3.907954468     CM-1
  THIS IS THE BEST AVAILABLE EXTRAPOLATED VALUE FROM THIS SET OF CALCULATIONS.

  - - - - - - - - - - - - - - - - - - - - - - - - - - - - - - - - - - - - - - - - - - - - - - - - - - - - - - - - - - - 

  ENERGY CONVERGED: E =  -2.533771510     CM-1 FOR DR =  6.000E-02

  FOR BOUND STATE   5, RICHARDSON EXTRAPOLATION BASED ON ERROR PROPORTIONAL TO DR**4 FOR IPROPS =  5
  GIVES EXTRAPOLATED ENERGY =                                               -2.532891839     CM-1
  THIS IS THE BEST AVAILABLE EXTRAPOLATED VALUE FROM THIS SET OF CALCULATIONS.

  - - - - - - - - - - - - - - - - - - - - - - - - - - - - - - - - - - - - - - - - - - - - - - - - - - - - - - - - - - - 

  ENERGY CONVERGED: E = -0.2315996503     CM-1 FOR DR =  6.000E-02

  FOR BOUND STATE   6, RICHARDSON EXTRAPOLATION BASED ON ERROR PROPORTIONAL TO DR**4 FOR IPROPS =  5
  GIVES EXTRAPOLATED ENERGY =                                              -0.2309540227     CM-1
  THIS IS THE BEST AVAILABLE EXTRAPOLATED VALUE FROM THIS SET OF CALCULATIONS.

  - - - - - - - - - - - - - - - - - - - - - - - - - - - - - - - - - - - - - - - - - - - - - - - - - - - - - - - - - - - 

  ----------------------------------------------------------------------------------------------------------------------
  TESTING CONVERGENCE OF PROPAGATION PARAMETERS: DRS CHANGED TO   0.12000    

  ENERGY CONVERGED: E =  -14.48255081     CM-1 FOR DR =  0.120    

  FOR BOUND STATE   1, RICHARDSON EXTRAPOLATION BASED ON ERROR PROPORTIONAL TO DR**4 FOR IPROPS =  5
  GIVES EXTRAPOLATED ENERGY =                                               -14.48115336     CM-1
  THIS DIFFERS FROM FIRST EXTRAPOLATED VALUE BY  -1.5012E-06
  SUGGESTING THAT THE FIRST VALUE COULD BE UNCONVERGED BY UP TO THIS AMOUNT.

  - - - - - - - - - - - - - - - - - - - - - - - - - - - - - - - - - - - - - - - - - - - - - - - - - - - - - - - - - - - 

  ENERGY CONVERGED: E =  -13.61964237     CM-1 FOR DR =  0.120    

  FOR BOUND STATE   2, RICHARDSON EXTRAPOLATION BASED ON ERROR PROPORTIONAL TO DR**4 FOR IPROPS =  5
  GIVES EXTRAPOLATED ENERGY =                                               -13.61824912     CM-1
  THIS DIFFERS FROM FIRST EXTRAPOLATED VALUE BY  -1.5381E-06
  SUGGESTING THAT THE FIRST VALUE COULD BE UNCONVERGED BY UP TO THIS AMOUNT.

  - - - - - - - - - - - - - - - - - - - - - - - - - - - - - - - - - - - - - - - - - - - - - - - - - - - - - - - - - - - 

  ENERGY CONVERGED: E =  -7.273646972     CM-1 FOR DR =  0.120    

  FOR BOUND STATE   3, RICHARDSON EXTRAPOLATION BASED ON ERROR PROPORTIONAL TO DR**4 FOR IPROPS =  5
  GIVES EXTRAPOLATED ENERGY =                                               -7.272683811     CM-1
  THIS DIFFERS FROM FIRST EXTRAPOLATED VALUE BY   5.5444E-06
  SUGGESTING THAT THE FIRST VALUE COULD BE UNCONVERGED BY UP TO THIS AMOUNT.

  - - - - - - - - - - - - - - - - - - - - - - - - - - - - - - - - - - - - - - - - - - - - - - - - - - - - - - - - - - - 

  ENERGY CONVERGED: E =  -3.908770860     CM-1 FOR DR =  0.120    

  FOR BOUND STATE   4, RICHARDSON EXTRAPOLATION BASED ON ERROR PROPORTIONAL TO DR**4 FOR IPROPS =  5
  GIVES EXTRAPOLATED ENERGY =                                               -3.907951314     CM-1
  THIS DIFFERS FROM FIRST EXTRAPOLATED VALUE BY   3.1536E-06
  SUGGESTING THAT THE FIRST VALUE COULD BE UNCONVERGED BY UP TO THIS AMOUNT.

  - - - - - - - - - - - - - - - - - - - - - - - - - - - - - - - - - - - - - - - - - - - - - - - - - - - - - - - - - - - 

  ENERGY CONVERGED: E =  -2.533834690     CM-1 FOR DR =  0.120    

  FOR BOUND STATE   5, RICHARDSON EXTRAPOLATION BASED ON ERROR PROPORTIONAL TO DR**4 FOR IPROPS =  5
  GIVES EXTRAPOLATED ENERGY =                                               -2.532887627     CM-1
  THIS DIFFERS FROM FIRST EXTRAPOLATED VALUE BY   4.2120E-06
  SUGGESTING THAT THE FIRST VALUE COULD BE UNCONVERGED BY UP TO THIS AMOUNT.

  - - - - - - - - - - - - - - - - - - - - - - - - - - - - - - - - - - - - - - - - - - - - - - - - - - - - - - - - - - - 

  ENERGY CONVERGED: E = -0.2316170615     CM-1 FOR DR =  0.120    

  FOR BOUND STATE   6, RICHARDSON EXTRAPOLATION BASED ON ERROR PROPORTIONAL TO DR**4 FOR IPROPS =  5
  GIVES EXTRAPOLATED ENERGY =                                              -0.2309528620     CM-1
  THIS DIFFERS FROM FIRST EXTRAPOLATED VALUE BY   1.1607E-06
  SUGGESTING THAT THE FIRST VALUE COULD BE UNCONVERGED BY UP TO THIS AMOUNT.

  - - - - - - - - - - - - - - - - - - - - - - - - - - - - - - - - - - - - - - - - - - - - - - - - - - - - - - - - - - - 
  SCRATCH FILE OPENED ON UNIT           30

  *****************************  ANGULAR MOMENTUM JTOT  =   3   AND SYMMETRY BLOCK  =    2  ****************************

  CHANNEL FUNCTION LIST:

  EACH CHANNEL FUNCTION IS FORMED BY COMBINING A PAIR STATE WITH A VALUE OF L.

  CHANNEL  PAIR STATE    PAIR STATE QUANTUM NUMBERS            L        PAIR LEVEL   PAIR ENERGY (CM-1)
                         ---------      J   ---------
        1           2                   2                      1             2         2.3408017
        2           3                   4                      1             3         7.8026724
        3           1                   0                      3             1         0.0000000
        4           2                   2                      3             2         2.3408017
        5           3                   4                      3             3         7.8026724
        6           4                   6                      3             4        16.3856120
        7           2                   2                      5             2         2.3408017
        8           3                   4                      5             3         7.8026724
        9           4                   6                      5             4        16.3856120
       10           5                   8                      5             5        28.0896205
       11           3                   4                      7             3         7.8026724
       12           4                   6                      7             4        16.3856120
       13           5                   8                      7             5        28.0896205
       14           6                  10                      7             6        42.9146980
       15           4                   6                      9             4        16.3856120
       16           5                   8                      9             5        28.0896205
       17           6                  10                      9             6        42.9146980
       18           7                  12                      9             7        60.8608444
       19           5                   8                     11             5        28.0896205
       20           6                  10                     11             6        42.9146980
       21           7                  12                     11             7        60.8608444
       22           8                  14                     11             8        81.9280598
       23           6                  10                     13             6        42.9146980
       24           7                  12                     13             7        60.8608444
       25           8                  14                     13             8        81.9280598
       26           9                  16                     13             9       106.1163441
       27           7                  12                     15             7        60.8608444
       28           8                  14                     15             8        81.9280598
       29           9                  16                     15             9       106.1163441
       30          10                  18                     15            10       133.4256973
       31           8                  14                     17             8        81.9280598
       32           9                  16                     17             9       106.1163441
       33          10                  18                     17            10       133.4256973
       34          11                  20                     17            11       163.8561195
       35           9                  16                     19             9       106.1163441
       36          10                  18                     19            10       133.4256973
       37          11                  20                     19            11       163.8561195
       38          12                  22                     19            12       197.4076107
       39          10                  18                     21            10       133.4256973
       40          11                  20                     21            11       163.8561195
       41          12                  22                     21            12       197.4076107
       42          13                  24                     21            13       234.0801708
       43          11                  20                     23            11       163.8561195
       44          12                  22                     23            12       197.4076107
       45          13                  24                     23            13       234.0801708
       46          14                  26                     23            14       273.8737998
       47          12                  22                     25            12       197.4076107
       48          13                  24                     25            13       234.0801708
       49          14                  26                     25            14       273.8737998
       50          13                  24                     27            13       234.0801708
       51          14                  26                     27            14       273.8737998
       52          14                  26                     29            14       273.8737998

  NODE COUNT IMPLIES     0 STATES BELOW MINIMUM ENERGY =  -50.00000000     CM-1  
  NODE COUNT IMPLIES     6 STATES BELOW MAXIMUM ENERGY = -1.0000000000E-06 CM-1  

  - - - - - - - - - - - - - - - - - - - - - - - - - - - - - - - - - - - - - - - - - - - - - - - - - - - - - - - - - - - 

  SEARCHING FOR BOUND STATE NUMBER     1

  CONVERGED ON STATE NUMBER     1 AT                              ENERGY =  -13.15214956     CM-1  

  SMALLEST EIGENVALUE OF MATCHING MATRIX IS NUMBER  1 = -1.63678E-09

  WITH PRINCIPAL EIGENVECTOR COMPONENTS
  CHAN     VEC    VEC**2   L   QUANTUM NUMBERS

   1    0.7692    0.5917   1   2   2
   2    0.1068    0.0114   1   4   3
   3   -0.6228    0.3879   3   0   1

  - - - - - - - - - - - - - - - - - - - - - - - - - - - - - - - - - - - - - - - - - - - - - - - - - - - - - - - - - - - 

  SEARCHING FOR BOUND STATE NUMBER     2

  CONVERGED ON STATE NUMBER     2 AT                              ENERGY =  -11.56712270     CM-1  

  SMALLEST EIGENVALUE OF MATCHING MATRIX IS NUMBER  1 =  2.10456E-10

  WITH PRINCIPAL EIGENVECTOR COMPONENTS
  CHAN     VEC    VEC**2   L   QUANTUM NUMBERS

   1    0.3700    0.1369   1   2   2
   3    0.7166    0.5135   3   0   1
   4    0.5879    0.3456   3   2   2

  - - - - - - - - - - - - - - - - - - - - - - - - - - - - - - - - - - - - - - - - - - - - - - - - - - - - - - - - - - - 

  SEARCHING FOR BOUND STATE NUMBER     3

  CONVERGED ON STATE NUMBER     3 AT                              ENERGY =  -6.283462093     CM-1  

  SMALLEST EIGENVALUE OF MATCHING MATRIX IS NUMBER  1 =  2.41727E-11

  WITH PRINCIPAL EIGENVECTOR COMPONENTS
  CHAN     VEC    VEC**2   L   QUANTUM NUMBERS

   1    0.5993    0.3592   1   2   2
   3    0.6777    0.4593   3   0   1
   4   -0.4011    0.1609   3   2   2
   7    0.1058    0.0112   5   2   2

  - - - - - - - - - - - - - - - - - - - - - - - - - - - - - - - - - - - - - - - - - - - - - - - - - - - - - - - - - - - 

  SEARCHING FOR BOUND STATE NUMBER     4

  CONVERGED ON STATE NUMBER     4 AT                              ENERGY =  -3.113897133     CM-1  

  SMALLEST EIGENVALUE OF MATCHING MATRIX IS NUMBER  1 =  3.68818E-10

  WITH PRINCIPAL EIGENVECTOR COMPONENTS
  CHAN     VEC    VEC**2   L   QUANTUM NUMBERS

   1    0.7380    0.5447   1   2   2
   2   -0.4980    0.2480   1   4   3
   3   -0.4288    0.1839   3   0   1

  - - - - - - - - - - - - - - - - - - - - - - - - - - - - - - - - - - - - - - - - - - - - - - - - - - - - - - - - - - - 

  SEARCHING FOR BOUND STATE NUMBER     5

  CONVERGED ON STATE NUMBER     5 AT                              ENERGY =  -1.615244857     CM-1  

  SMALLEST EIGENVALUE OF MATCHING MATRIX IS NUMBER  1 = -5.20473E-12

  WITH PRINCIPAL EIGENVECTOR COMPONENTS
  CHAN     VEC    VEC**2   L   QUANTUM NUMBERS

   1   -0.1720    0.0296   1   2   2
   2   -0.1451    0.0211   1   4   3
   3    0.7252    0.5260   3   0   1
   7    0.6472    0.4189   5   2   2

  - - - - - - - - - - - - - - - - - - - - - - - - - - - - - - - - - - - - - - - - - - - - - - - - - - - - - - - - - - - 

  SEARCHING FOR BOUND STATE NUMBER     6

  CONVERGED ON STATE NUMBER     6 AT                              ENERGY = -0.6075529043     CM-1  

  SMALLEST EIGENVALUE OF MATCHING MATRIX IS NUMBER  1 =  1.36873E-08

  WITH PRINCIPAL EIGENVECTOR COMPONENTS
  CHAN     VEC    VEC**2   L   QUANTUM NUMBERS

   1   -0.3298    0.1088   1   2   2
   3    0.3490    0.1218   3   0   1
   4    0.6310    0.3981   3   2   2
   5   -0.5799    0.3362   3   4   3
   7   -0.1620    0.0263   5   2   2

  ----------------------------------------------------------------------------------------------------------------------
  TESTING CONVERGENCE OF PROPAGATION PARAMETERS: DRS CHANGED TO   6.00000E-02

  ENERGY CONVERGED: E =  -13.15345901     CM-1 FOR DR =  6.000E-02

  FOR BOUND STATE   1, RICHARDSON EXTRAPOLATION BASED ON ERROR PROPORTIONAL TO DR**4 FOR IPROPS =  5
  GIVES EXTRAPOLATED ENERGY =                                               -13.15206227     CM-1
  THIS IS THE BEST AVAILABLE EXTRAPOLATED VALUE FROM THIS SET OF CALCULATIONS.

  - - - - - - - - - - - - - - - - - - - - - - - - - - - - - - - - - - - - - - - - - - - - - - - - - - - - - - - - - - - 

  ENERGY CONVERGED: E =  -11.56836419     CM-1 FOR DR =  6.000E-02

  FOR BOUND STATE   2, RICHARDSON EXTRAPOLATION BASED ON ERROR PROPORTIONAL TO DR**4 FOR IPROPS =  5
  GIVES EXTRAPOLATED ENERGY =                                               -11.56703993     CM-1
  THIS IS THE BEST AVAILABLE EXTRAPOLATED VALUE FROM THIS SET OF CALCULATIONS.

  - - - - - - - - - - - - - - - - - - - - - - - - - - - - - - - - - - - - - - - - - - - - - - - - - - - - - - - - - - - 

  ENERGY CONVERGED: E =  -6.284256193     CM-1 FOR DR =  6.000E-02

  FOR BOUND STATE   3, RICHARDSON EXTRAPOLATION BASED ON ERROR PROPORTIONAL TO DR**4 FOR IPROPS =  5
  GIVES EXTRAPOLATED ENERGY =                                               -6.283409153     CM-1
  THIS IS THE BEST AVAILABLE EXTRAPOLATED VALUE FROM THIS SET OF CALCULATIONS.

  - - - - - - - - - - - - - - - - - - - - - - - - - - - - - - - - - - - - - - - - - - - - - - - - - - - - - - - - - - - 

  ENERGY CONVERGED: E =  -3.114711231     CM-1 FOR DR =  6.000E-02

  FOR BOUND STATE   4, RICHARDSON EXTRAPOLATION BASED ON ERROR PROPORTIONAL TO DR**4 FOR IPROPS =  5
  GIVES EXTRAPOLATED ENERGY =                                               -3.113842860     CM-1
  THIS IS THE BEST AVAILABLE EXTRAPOLATED VALUE FROM THIS SET OF CALCULATIONS.

  - - - - - - - - - - - - - - - - - - - - - - - - - - - - - - - - - - - - - - - - - - - - - - - - - - - - - - - - - - - 

  ENERGY CONVERGED: E =  -1.615911640     CM-1 FOR DR =  6.000E-02

  FOR BOUND STATE   5, RICHARDSON EXTRAPOLATION BASED ON ERROR PROPORTIONAL TO DR**4 FOR IPROPS =  5
  GIVES EXTRAPOLATED ENERGY =                                               -1.615200405     CM-1
  THIS IS THE BEST AVAILABLE EXTRAPOLATED VALUE FROM THIS SET OF CALCULATIONS.

  - - - - - - - - - - - - - - - - - - - - - - - - - - - - - - - - - - - - - - - - - - - - - - - - - - - - - - - - - - - 

  ENERGY CONVERGED: E = -0.6083293121     CM-1 FOR DR =  6.000E-02

  FOR BOUND STATE   6, RICHARDSON EXTRAPOLATION BASED ON ERROR PROPORTIONAL TO DR**4 FOR IPROPS =  5
  GIVES EXTRAPOLATED ENERGY =                                              -0.6075011438     CM-1
  THIS IS THE BEST AVAILABLE EXTRAPOLATED VALUE FROM THIS SET OF CALCULATIONS.

  - - - - - - - - - - - - - - - - - - - - - - - - - - - - - - - - - - - - - - - - - - - - - - - - - - - - - - - - - - - 

  ----------------------------------------------------------------------------------------------------------------------
  TESTING CONVERGENCE OF PROPAGATION PARAMETERS: DRS CHANGED TO   0.12000    

  ENERGY CONVERGED: E =  -13.15343702     CM-1 FOR DR =  0.120    

  FOR BOUND STATE   1, RICHARDSON EXTRAPOLATION BASED ON ERROR PROPORTIONAL TO DR**4 FOR IPROPS =  5
  GIVES EXTRAPOLATED ENERGY =                                               -13.15206373     CM-1
  THIS DIFFERS FROM FIRST EXTRAPOLATED VALUE BY  -1.4660E-06
  SUGGESTING THAT THE FIRST VALUE COULD BE UNCONVERGED BY UP TO THIS AMOUNT.

  - - - - - - - - - - - - - - - - - - - - - - - - - - - - - - - - - - - - - - - - - - - - - - - - - - - - - - - - - - - 

  ENERGY CONVERGED: E =  -11.56834317     CM-1 FOR DR =  0.120    

  FOR BOUND STATE   2, RICHARDSON EXTRAPOLATION BASED ON ERROR PROPORTIONAL TO DR**4 FOR IPROPS =  5
  GIVES EXTRAPOLATED ENERGY =                                               -11.56704133     CM-1
  THIS DIFFERS FROM FIRST EXTRAPOLATED VALUE BY  -1.4013E-06
  SUGGESTING THAT THE FIRST VALUE COULD BE UNCONVERGED BY UP TO THIS AMOUNT.

  - - - - - - - - - - - - - - - - - - - - - - - - - - - - - - - - - - - - - - - - - - - - - - - - - - - - - - - - - - - 

  ENERGY CONVERGED: E =  -6.284339100     CM-1 FOR DR =  0.120    

  FOR BOUND STATE   3, RICHARDSON EXTRAPOLATION BASED ON ERROR PROPORTIONAL TO DR**4 FOR IPROPS =  5
  GIVES EXTRAPOLATED ENERGY =                                               -6.283403626     CM-1
  THIS DIFFERS FROM FIRST EXTRAPOLATED VALUE BY   5.5271E-06
  SUGGESTING THAT THE FIRST VALUE COULD BE UNCONVERGED BY UP TO THIS AMOUNT.

  - - - - - - - - - - - - - - - - - - - - - - - - - - - - - - - - - - - - - - - - - - - - - - - - - - - - - - - - - - - 

  ENERGY CONVERGED: E =  -3.114758396     CM-1 FOR DR =  0.120    

  FOR BOUND STATE   4, RICHARDSON EXTRAPOLATION BASED ON ERROR PROPORTIONAL TO DR**4 FOR IPROPS =  5
  GIVES EXTRAPOLATED ENERGY =                                               -3.113839715     CM-1
  THIS DIFFERS FROM FIRST EXTRAPOLATED VALUE BY   3.1443E-06
  SUGGESTING THAT THE FIRST VALUE COULD BE UNCONVERGED BY UP TO THIS AMOUNT.

  - - - - - - - - - - - - - - - - - - - - - - - - - - - - - - - - - - - - - - - - - - - - - - - - - - - - - - - - - - - 

  ENERGY CONVERGED: E =  -1.615961444     CM-1 FOR DR =  0.120    

  FOR BOUND STATE   5, RICHARDSON EXTRAPOLATION BASED ON ERROR PROPORTIONAL TO DR**4 FOR IPROPS =  5
  GIVES EXTRAPOLATED ENERGY =                                               -1.615197085     CM-1
  THIS DIFFERS FROM FIRST EXTRAPOLATED VALUE BY   3.3203E-06
  SUGGESTING THAT THE FIRST VALUE COULD BE UNCONVERGED BY UP TO THIS AMOUNT.

  - - - - - - - - - - - - - - - - - - - - - - - - - - - - - - - - - - - - - - - - - - - - - - - - - - - - - - - - - - - 

  ENERGY CONVERGED: E = -0.6083758104     CM-1 FOR DR =  0.120    

  FOR BOUND STATE   6, RICHARDSON EXTRAPOLATION BASED ON ERROR PROPORTIONAL TO DR**4 FOR IPROPS =  5
  GIVES EXTRAPOLATED ENERGY =                                              -0.6074980439     CM-1
  THIS DIFFERS FROM FIRST EXTRAPOLATED VALUE BY   3.0999E-06
  SUGGESTING THAT THE FIRST VALUE COULD BE UNCONVERGED BY UP TO THIS AMOUNT.

  - - - - - - - - - - - - - - - - - - - - - - - - - - - - - - - - - - - - - - - - - - - - - - - - - - - - - - - - - - - 


  -- BOUND ------ BOUND ------ BOUND ------ BOUND ------ BOUND ------ BOUND --
 |                                                                            |
 |          Bound states of interacting pairs of atoms and molecules          |
 |                                                                            |
 |              Copyright (C) 2025 J. M. Hutson & C. R. Le Sueur              |
 |                                                                            |
 |                               Version 2025.0                               |
 |                                                                            |
 |                      This run used      12.05 cpu secs                     |
 |                                                                            |
  -- BOUND ------ BOUND ------ BOUND ------ BOUND ------ BOUND ------ BOUND --
