  -- BOUND ------ BOUND ------ BOUND ------ BOUND ------ BOUND ------ BOUND --
 |                                                                            |
 |          Bound states of interacting pairs of atoms and molecules          |
 |                                                                            |
 |              Copyright (C) 2025 J. M. Hutson & C. R. Le Sueur              |
 |                                                                            |
 |                               Version 2025.0                               |
 |                                                                            |
 |                       Run on 27 Feb 2026   at 15:57:10                     |
 |                                                                            |
  -- BOUND ------ BOUND ------ BOUND ------ BOUND ------ BOUND ------ BOUND --


  This program is free software: you can redistribute it and/or modify it under
  the terms of the GNU General Public License, version 3, as published by
  the Free Software Foundation.

  Publications resulting from the use of this program should cite both the
  version of the program used:

  J. M. Hutson & C. R. Le Sueur, BOUND: a program for bound states of
  interacting pairs of atoms and molecules,
  Version 2025.0, https//github.com/molscat/molscat

  and the published paper:

  J. M. Hutson & C. R. Le Sueur, Comput. Phys. Commun., 241, 1-8 (2019).


  USING CODATA 2022 RECOMMENDED VALUES OF FUNDAMENTAL PHYSICAL CONSTANTS

  PRINT LEVEL (IPRINT) =  5

  REDUCED MASS FOR INTERACTION =   3.700347571 ATOMIC MASS UNITS (DALTONS)

  ENERGY-INDEPENDENT MATRICES WILL BE SAVED TEMPORARILY ON UNIT 30

  ======================================================================================================================

  INTERACTION TYPE IS    LINEAR RIGID ROTOR  -  ATOM.  

  MOLECULAR QUANTUM NUMBERS OBTAINED FROM JMIN =  0,  JMAX = 26,  AND JSTEP = 2

  ENERGY LEVELS OBTAINED FROM B(E) =    0.346691

  QUANTUM NUMBERS FOR INTERACTING PAIR:
  EACH PAIR STATE IS LABELLED BY  1 QUANTUM NUMBER 
  EACH CHANNEL FUNCTION IS FORMED BY COMBINING A PAIR STATE WITH A VALUE OF L.
  THE RESULTING BASIS SET IS ASYMPTOTICALLY DIAGONAL.

  PAIR STATE     PAIR STATE QUANTUM NUMBERS    PAIR LEVEL     PAIR ENERGY (CM-1)
                ---------        J ---------
        1                        0                1             0.0000000
        2                        2                2             2.0801484
        3                        4                3             6.9338281
        4                        6                4            14.5610390
        5                        8                5            24.9617811
        6                       10                6            38.1360545
        7                       12                7            54.0838591
        8                       14                8            72.8051949
        9                       16                9            94.3000620
       10                       18               10           118.5684603
       11                       20               11           145.6103898
       12                       22               12           175.4258506
       13                       24               13           208.0148426
       14                       26               14           243.3773659

  ======================================================================================================================
  GENERAL-PURPOSE POTENL ROUTINE (MAY 18)

  UNEXPANDED POTENTIAL IS OBTAINED FROM VRTP ROUTINE.

  A SUITABLE VRTP ROUTINE MUST BE SUPPLIED.
 VRTP: loaded Veff0_grid.dat NR=         197  NT=          48
 VRTP: R range [bohr]=   1.5000000000000000        25.000000000000000     
 VRTP: theta range [rad]=   4.9583149999999999E-002   3.0920095000000001     
  IHOMO = 2 SPECIFIES HOMONUCLEAR SYMMETRY.
  USING  30-POINT QUADRATURE FOR THETA-1
  HOMONUCLEAR SYMMETRY: ONLY HALF OF THE THETA-1 POINTS WILL BE USED

  ANGULAR DEPENDENCE OF POTENTIAL EXPANDED IN TERMS OF
  LEGENDRE POLYNOMIALS, P(LAMBDA).
  POTENTIAL TERMS GENERATED FROM LMAX = 22 AND IHOMO = 2

  INTERACTION POTENTIAL FOR EXPANSION TERM NUMBER   1
  WHICH HAS LAMBDA =   0


  INTERACTION POTENTIAL FOR EXPANSION TERM NUMBER   2
  WHICH HAS LAMBDA =   2


  INTERACTION POTENTIAL FOR EXPANSION TERM NUMBER   3
  WHICH HAS LAMBDA =   4


  INTERACTION POTENTIAL FOR EXPANSION TERM NUMBER   4
  WHICH HAS LAMBDA =   6


  INTERACTION POTENTIAL FOR EXPANSION TERM NUMBER   5
  WHICH HAS LAMBDA =   8


  INTERACTION POTENTIAL FOR EXPANSION TERM NUMBER   6
  WHICH HAS LAMBDA =  10


  INTERACTION POTENTIAL FOR EXPANSION TERM NUMBER   7
  WHICH HAS LAMBDA =  12


  INTERACTION POTENTIAL FOR EXPANSION TERM NUMBER   8
  WHICH HAS LAMBDA =  14


  INTERACTION POTENTIAL FOR EXPANSION TERM NUMBER   9
  WHICH HAS LAMBDA =  16


  INTERACTION POTENTIAL FOR EXPANSION TERM NUMBER  10
  WHICH HAS LAMBDA =  18


  INTERACTION POTENTIAL FOR EXPANSION TERM NUMBER  11
  WHICH HAS LAMBDA =  20


  INTERACTION POTENTIAL FOR EXPANSION TERM NUMBER  12
  WHICH HAS LAMBDA =  22


  POTENL PROCESSING FINISHED.

  POTENTIAL RETURNED IN UNITS OF EPSIL  =  1.0000000     CM-1

  ALL LENGTHS ARE IN UNITS OF ANGSTROM UNLESS OTHERWISE STATED

  INTERACTION MATRIX USES  12 BLOCKS OF VL ARRAY FOR R-DEPENDENT TERMS IN POTENTIAL

  ======================================================================================================================

  PROPAGATION METHODS FOR COUPLED EQUATIONS SPECIFIED BY IPROPS =  5 AND IPROPL =  5

  COUPLED EQUATIONS WILL BE PROPAGATED TOWARDS RMATCH IN 2 SEGMENTS

  PROPAGATION RANGES ARE CONTROLLED BY VARIABLES RMIN, RMATCH AND RMAX, WITH INPUT VALUES
  RMIN =   2.400     RMATCH =   6.000     RMAX =   20.00    
  ++++++++++++++++++++++++++++++++++++++++++++++++++++++++++++++++++++++++++++++++++++++++++++++++++++++++++++++++++++++
  SEGMENT 1 WILL BE PROPAGATED OUTWARDS

  FROM RMIN =      2.40 TO RMATCH =      6.00

  COUPLED EQUATIONS SOLVED BY LOG-DERIVATIVE PROPAGATOR OF JOHNSON

  PROPAGATION STEP SIZE DETERMINED USING DR =  3.000E-02
  STEP SIZE CONSTANT THROUGHOUT RANGE
  STEP SIZE MAY BE ADJUSTED SLIGHTLY SO THAT RANGE IS A WHOLE NUMBER OF STEPS

  LOG-DERIVATIVE MATRIX INITIALISED IN THE LOCAL EIGENBASIS AT RMIN IN THE OUTWARD PROPAGATION PART
  LOCALLY CLOSED CHANNELS INITIALISED WITH A WKB BOUNDARY CONDITION
  ++++++++++++++++++++++++++++++++++++++++++++++++++++++++++++++++++++++++++++++++++++++++++++++++++++++++++++++++++++++
  SEGMENT 2 WILL BE PROPAGATED  INWARDS

  TO RMATCH =      6.00 FROM RMAX =     20.00

  COUPLED EQUATIONS SOLVED BY LOG-DERIVATIVE PROPAGATOR OF JOHNSON

  INITIAL STEP SIZE TAKEN FROM SIZE OF FINAL STEP OF SHORT-RANGE PROPAGATION
  STEP SIZE CONSTANT THROUGHOUT RANGE
  STEP SIZE MAY BE ADJUSTED SLIGHTLY SO THAT RANGE IS A WHOLE NUMBER OF STEPS

  LOG-DERIVATIVE MATRIX INITIALISED IN THE LOCAL EIGENBASIS AT RMAX IN THE INWARD PROPAGATION PART
  LOCALLY CLOSED CHANNELS INITIALISED WITH A WKB BOUNDARY CONDITION
  LOCALLY  OPEN  CHANNELS INITIALISED WITH THE VALUE  0.000E+00

  ======================================================================================================================

  PROGRAM WILL ATTEMPT TO CONVERGE ON BOUND STATES AS A FUNCTION OF ENERGY

  FOR EACH LEVEL, THE BISECTION METHOD WILL BE USED UNTIL THE VWDB METHOD OFFERS RELIABLE CONVERGENCE.

  VWDB CONVERGENCE WILL TERMINATE WHEN THE STEP SIZE IS LESS THAN 1.00000E-08 CM-1    

  INPUT ENERGIES IN UNITS OF CM-1 BY DEFAULT.

  PROGRAM WILL SEEK STATES WITH NODE COUNTS FROM    0 TO  99999
  LYING IN ENERGY RANGE  -50.000     TO -1.00000E-06 CM-1    

  ======================================================================================================================

  TOTAL ANGULAR MOMENTUM JTOT RUNS FROM   0  TO     3  IN STEPS OF   1

  EACH JTOT IS SPLIT INTO A MAXIMUM OF   2 SYMMETRY BLOCKS

  CALCULATIONS WILL BE FOR SYMMETRY BLOCK   2  ONLY

  INITIALIZATION DONE.  TIME WAS   0.02 CPU SECS.

  ============================================= He-CO2 from Cartesian PES ==============================================
  SCRATCH FILE OPENED ON UNIT           30

  *****************************  ANGULAR MOMENTUM JTOT  =   0   AND SYMMETRY BLOCK  =    2  ****************************

  CHANNEL FUNCTION LIST:

  EACH CHANNEL FUNCTION IS FORMED BY COMBINING A PAIR STATE WITH A VALUE OF L.

  CHANNEL  PAIR STATE    PAIR STATE QUANTUM NUMBERS            L        PAIR LEVEL   PAIR ENERGY (CM-1)
                         ---------      J   ---------
        1           1                   0                      0             1         0.0000000
        2           2                   2                      2             2         2.0801484
        3           3                   4                      4             3         6.9338281
        4           4                   6                      6             4        14.5610390
        5           5                   8                      8             5        24.9617811
        6           6                  10                     10             6        38.1360545
        7           7                  12                     12             7        54.0838591
        8           8                  14                     14             8        72.8051949
        9           9                  16                     16             9        94.3000620
       10          10                  18                     18            10       118.5684603
       11          11                  20                     20            11       145.6103898
       12          12                  22                     22            12       175.4258506
       13          13                  24                     24            13       208.0148426
       14          14                  26                     26            14       243.3773659

  NODE COUNT IMPLIES     0 STATES BELOW MINIMUM ENERGY =  -50.00000000     CM-1  
  NODE COUNT IMPLIES     3 STATES BELOW MAXIMUM ENERGY = -1.0000000000E-06 CM-1  

  - - - - - - - - - - - - - - - - - - - - - - - - - - - - - - - - - - - - - - - - - - - - - - - - - - - - - - - - - - - 

  SEARCHING FOR BOUND STATE NUMBER     1

  CONVERGED ON STATE NUMBER     1 AT                              ENERGY =  -16.28720775     CM-1  

  SMALLEST EIGENVALUE OF MATCHING MATRIX IS NUMBER  1 = -1.00868E-09

  WITH PRINCIPAL EIGENVECTOR COMPONENTS
  CHAN     VEC    VEC**2   L   QUANTUM NUMBERS

   1    0.9533    0.9087   0   0   1
   2   -0.2995    0.0897   2   2   2

  - - - - - - - - - - - - - - - - - - - - - - - - - - - - - - - - - - - - - - - - - - - - - - - - - - - - - - - - - - - 

  SEARCHING FOR BOUND STATE NUMBER     2

  CONVERGED ON STATE NUMBER     2 AT                              ENERGY =  -7.667731246     CM-1  

  SMALLEST EIGENVALUE OF MATCHING MATRIX IS NUMBER  1 = -1.88550E-10

  WITH PRINCIPAL EIGENVECTOR COMPONENTS
  CHAN     VEC    VEC**2   L   QUANTUM NUMBERS

   1    0.7924    0.6279   0   0   1
   2    0.6056    0.3668   2   2   2

  - - - - - - - - - - - - - - - - - - - - - - - - - - - - - - - - - - - - - - - - - - - - - - - - - - - - - - - - - - - 

  SEARCHING FOR BOUND STATE NUMBER     3

  CONVERGED ON STATE NUMBER     3 AT                              ENERGY =  -1.533983284     CM-1  

  SMALLEST EIGENVALUE OF MATCHING MATRIX IS NUMBER  1 =  8.78053E-11

  WITH PRINCIPAL EIGENVECTOR COMPONENTS
  CHAN     VEC    VEC**2   L   QUANTUM NUMBERS

   1   -0.6765    0.4576   0   0   1
   2    0.6941    0.4817   2   2   2
   3    0.2454    0.0602   4   4   3

  ----------------------------------------------------------------------------------------------------------------------
  TESTING CONVERGENCE OF PROPAGATION PARAMETERS: DRS CHANGED TO   6.00000E-02

  ENERGY CONVERGED: E =  -16.28859613     CM-1 FOR DR =  6.000E-02

  FOR BOUND STATE   1, RICHARDSON EXTRAPOLATION BASED ON ERROR PROPORTIONAL TO DR**4 FOR IPROPS =  5
  GIVES EXTRAPOLATED ENERGY =                                               -16.28711519     CM-1
  THIS IS THE BEST AVAILABLE EXTRAPOLATED VALUE FROM THIS SET OF CALCULATIONS.

  - - - - - - - - - - - - - - - - - - - - - - - - - - - - - - - - - - - - - - - - - - - - - - - - - - - - - - - - - - - 

  ENERGY CONVERGED: E =  -7.668577073     CM-1 FOR DR =  6.000E-02

  FOR BOUND STATE   2, RICHARDSON EXTRAPOLATION BASED ON ERROR PROPORTIONAL TO DR**4 FOR IPROPS =  5
  GIVES EXTRAPOLATED ENERGY =                                               -7.667674857     CM-1
  THIS IS THE BEST AVAILABLE EXTRAPOLATED VALUE FROM THIS SET OF CALCULATIONS.

  - - - - - - - - - - - - - - - - - - - - - - - - - - - - - - - - - - - - - - - - - - - - - - - - - - - - - - - - - - - 

  ENERGY CONVERGED: E =  -1.534645447     CM-1 FOR DR =  6.000E-02

  FOR BOUND STATE   3, RICHARDSON EXTRAPOLATION BASED ON ERROR PROPORTIONAL TO DR**4 FOR IPROPS =  5
  GIVES EXTRAPOLATED ENERGY =                                               -1.533939140     CM-1
  THIS IS THE BEST AVAILABLE EXTRAPOLATED VALUE FROM THIS SET OF CALCULATIONS.

  - - - - - - - - - - - - - - - - - - - - - - - - - - - - - - - - - - - - - - - - - - - - - - - - - - - - - - - - - - - 

  ----------------------------------------------------------------------------------------------------------------------
  TESTING CONVERGENCE OF PROPAGATION PARAMETERS: DRS CHANGED TO   0.12000    

  ENERGY CONVERGED: E =  -16.28857141     CM-1 FOR DR =  0.120    

  FOR BOUND STATE   1, RICHARDSON EXTRAPOLATION BASED ON ERROR PROPORTIONAL TO DR**4 FOR IPROPS =  5
  GIVES EXTRAPOLATED ENERGY =                                               -16.28711684     CM-1
  THIS DIFFERS FROM FIRST EXTRAPOLATED VALUE BY  -1.6479E-06
  SUGGESTING THAT THE FIRST VALUE COULD BE UNCONVERGED BY UP TO THIS AMOUNT.

  - - - - - - - - - - - - - - - - - - - - - - - - - - - - - - - - - - - - - - - - - - - - - - - - - - - - - - - - - - - 

  ENERGY CONVERGED: E =  -7.668675728     CM-1 FOR DR =  0.120    

  FOR BOUND STATE   2, RICHARDSON EXTRAPOLATION BASED ON ERROR PROPORTIONAL TO DR**4 FOR IPROPS =  5
  GIVES EXTRAPOLATED ENERGY =                                               -7.667668280     CM-1
  THIS DIFFERS FROM FIRST EXTRAPOLATED VALUE BY   6.5770E-06
  SUGGESTING THAT THE FIRST VALUE COULD BE UNCONVERGED BY UP TO THIS AMOUNT.

  - - - - - - - - - - - - - - - - - - - - - - - - - - - - - - - - - - - - - - - - - - - - - - - - - - - - - - - - - - - 

  ENERGY CONVERGED: E =  -1.534685335     CM-1 FOR DR =  0.120    

  FOR BOUND STATE   3, RICHARDSON EXTRAPOLATION BASED ON ERROR PROPORTIONAL TO DR**4 FOR IPROPS =  5
  GIVES EXTRAPOLATED ENERGY =                                               -1.533936481     CM-1
  THIS DIFFERS FROM FIRST EXTRAPOLATED VALUE BY   2.6592E-06
  SUGGESTING THAT THE FIRST VALUE COULD BE UNCONVERGED BY UP TO THIS AMOUNT.

  - - - - - - - - - - - - - - - - - - - - - - - - - - - - - - - - - - - - - - - - - - - - - - - - - - - - - - - - - - - 
  SCRATCH FILE OPENED ON UNIT           30

  *****************************  ANGULAR MOMENTUM JTOT  =   1   AND SYMMETRY BLOCK  =    2  ****************************

  CHANNEL FUNCTION LIST:

  EACH CHANNEL FUNCTION IS FORMED BY COMBINING A PAIR STATE WITH A VALUE OF L.

  CHANNEL  PAIR STATE    PAIR STATE QUANTUM NUMBERS            L        PAIR LEVEL   PAIR ENERGY (CM-1)
                         ---------      J   ---------
        1           1                   0                      1             1         0.0000000
        2           2                   2                      1             2         2.0801484
        3           2                   2                      3             2         2.0801484
        4           3                   4                      3             3         6.9338281
        5           3                   4                      5             3         6.9338281
        6           4                   6                      5             4        14.5610390
        7           4                   6                      7             4        14.5610390
        8           5                   8                      7             5        24.9617811
        9           5                   8                      9             5        24.9617811
       10           6                  10                      9             6        38.1360545
       11           6                  10                     11             6        38.1360545
       12           7                  12                     11             7        54.0838591
       13           7                  12                     13             7        54.0838591
       14           8                  14                     13             8        72.8051949
       15           8                  14                     15             8        72.8051949
       16           9                  16                     15             9        94.3000620
       17           9                  16                     17             9        94.3000620
       18          10                  18                     17            10       118.5684603
       19          10                  18                     19            10       118.5684603
       20          11                  20                     19            11       145.6103898
       21          11                  20                     21            11       145.6103898
       22          12                  22                     21            12       175.4258506
       23          12                  22                     23            12       175.4258506
       24          13                  24                     23            13       208.0148426
       25          13                  24                     25            13       208.0148426
       26          14                  26                     25            14       243.3773659
       27          14                  26                     27            14       243.3773659

  NODE COUNT IMPLIES     0 STATES BELOW MINIMUM ENERGY =  -50.00000000     CM-1  
  NODE COUNT IMPLIES     4 STATES BELOW MAXIMUM ENERGY = -1.0000000000E-06 CM-1  

  - - - - - - - - - - - - - - - - - - - - - - - - - - - - - - - - - - - - - - - - - - - - - - - - - - - - - - - - - - - 

  SEARCHING FOR BOUND STATE NUMBER     1

  CONVERGED ON STATE NUMBER     1 AT                              ENERGY =  -15.71930294     CM-1  

  SMALLEST EIGENVALUE OF MATCHING MATRIX IS NUMBER  1 =  8.38909E-07

  WITH PRINCIPAL EIGENVECTOR COMPONENTS
  CHAN     VEC    VEC**2   L   QUANTUM NUMBERS

   1    0.9354    0.8750   1   0   1
   2    0.3123    0.0975   1   2   2
   3   -0.1588    0.0252   3   2   2

  - - - - - - - - - - - - - - - - - - - - - - - - - - - - - - - - - - - - - - - - - - - - - - - - - - - - - - - - - - - 

  SEARCHING FOR BOUND STATE NUMBER     2

  CONVERGED ON STATE NUMBER     2 AT                              ENERGY =  -7.857253614     CM-1  

  SMALLEST EIGENVALUE OF MATCHING MATRIX IS NUMBER  1 = -3.98117E-11

  WITH PRINCIPAL EIGENVECTOR COMPONENTS
  CHAN     VEC    VEC**2   L   QUANTUM NUMBERS

   1    0.7145    0.5105   1   0   1
   2   -0.6695    0.4483   1   2   2
   3    0.1897    0.0360   3   2   2

  - - - - - - - - - - - - - - - - - - - - - - - - - - - - - - - - - - - - - - - - - - - - - - - - - - - - - - - - - - - 

  SEARCHING FOR BOUND STATE NUMBER     3

  CONVERGED ON STATE NUMBER     3 AT                              ENERGY =  -5.872240116     CM-1  

  SMALLEST EIGENVALUE OF MATCHING MATRIX IS NUMBER  1 =  9.29848E-10

  WITH PRINCIPAL EIGENVECTOR COMPONENTS
  CHAN     VEC    VEC**2   L   QUANTUM NUMBERS

   1    0.6404    0.4101   1   0   1
   2    0.2205    0.0486   1   2   2
   3    0.7325    0.5366   3   2   2

  - - - - - - - - - - - - - - - - - - - - - - - - - - - - - - - - - - - - - - - - - - - - - - - - - - - - - - - - - - - 

  SEARCHING FOR BOUND STATE NUMBER     4

  CONVERGED ON STATE NUMBER     4 AT                              ENERGY =  -2.255570315     CM-1  

  SMALLEST EIGENVALUE OF MATCHING MATRIX IS NUMBER  1 =  7.73755E-09

  WITH PRINCIPAL EIGENVECTOR COMPONENTS
  CHAN     VEC    VEC**2   L   QUANTUM NUMBERS

   1    0.4574    0.2092   1   0   1
   2    0.7458    0.5562   1   2   2
   3   -0.2349    0.0552   3   2   2
   4    0.4201    0.1765   3   4   3

  ----------------------------------------------------------------------------------------------------------------------
  TESTING CONVERGENCE OF PROPAGATION PARAMETERS: DRS CHANGED TO   6.00000E-02

  ENERGY CONVERGED: E =  -15.72067455     CM-1 FOR DR =  6.000E-02

  FOR BOUND STATE   1, RICHARDSON EXTRAPOLATION BASED ON ERROR PROPORTIONAL TO DR**4 FOR IPROPS =  5
  GIVES EXTRAPOLATED ENERGY =                                               -15.71921150     CM-1
  THIS IS THE BEST AVAILABLE EXTRAPOLATED VALUE FROM THIS SET OF CALCULATIONS.

  - - - - - - - - - - - - - - - - - - - - - - - - - - - - - - - - - - - - - - - - - - - - - - - - - - - - - - - - - - - 

  ENERGY CONVERGED: E =  -7.858091155     CM-1 FOR DR =  6.000E-02

  FOR BOUND STATE   2, RICHARDSON EXTRAPOLATION BASED ON ERROR PROPORTIONAL TO DR**4 FOR IPROPS =  5
  GIVES EXTRAPOLATED ENERGY =                                               -7.857197778     CM-1
  THIS IS THE BEST AVAILABLE EXTRAPOLATED VALUE FROM THIS SET OF CALCULATIONS.

  - - - - - - - - - - - - - - - - - - - - - - - - - - - - - - - - - - - - - - - - - - - - - - - - - - - - - - - - - - - 

  ENERGY CONVERGED: E =  -5.873025750     CM-1 FOR DR =  6.000E-02

  FOR BOUND STATE   3, RICHARDSON EXTRAPOLATION BASED ON ERROR PROPORTIONAL TO DR**4 FOR IPROPS =  5
  GIVES EXTRAPOLATED ENERGY =                                               -5.872187740     CM-1
  THIS IS THE BEST AVAILABLE EXTRAPOLATED VALUE FROM THIS SET OF CALCULATIONS.

  - - - - - - - - - - - - - - - - - - - - - - - - - - - - - - - - - - - - - - - - - - - - - - - - - - - - - - - - - - - 

  ENERGY CONVERGED: E =  -2.256358142     CM-1 FOR DR =  6.000E-02

  FOR BOUND STATE   4, RICHARDSON EXTRAPOLATION BASED ON ERROR PROPORTIONAL TO DR**4 FOR IPROPS =  5
  GIVES EXTRAPOLATED ENERGY =                                               -2.255517794     CM-1
  THIS IS THE BEST AVAILABLE EXTRAPOLATED VALUE FROM THIS SET OF CALCULATIONS.

  - - - - - - - - - - - - - - - - - - - - - - - - - - - - - - - - - - - - - - - - - - - - - - - - - - - - - - - - - - - 

  ----------------------------------------------------------------------------------------------------------------------
  TESTING CONVERGENCE OF PROPAGATION PARAMETERS: DRS CHANGED TO   0.12000    

  ENERGY CONVERGED: E =  -15.72064990     CM-1 FOR DR =  0.120    

  FOR BOUND STATE   1, RICHARDSON EXTRAPOLATION BASED ON ERROR PROPORTIONAL TO DR**4 FOR IPROPS =  5
  GIVES EXTRAPOLATED ENERGY =                                               -15.71921314     CM-1
  THIS DIFFERS FROM FIRST EXTRAPOLATED VALUE BY  -1.6432E-06
  SUGGESTING THAT THE FIRST VALUE COULD BE UNCONVERGED BY UP TO THIS AMOUNT.

  - - - - - - - - - - - - - - - - - - - - - - - - - - - - - - - - - - - - - - - - - - - - - - - - - - - - - - - - - - - 

  ENERGY CONVERGED: E =  -7.858174593     CM-1 FOR DR =  0.120    

  FOR BOUND STATE   2, RICHARDSON EXTRAPOLATION BASED ON ERROR PROPORTIONAL TO DR**4 FOR IPROPS =  5
  GIVES EXTRAPOLATED ENERGY =                                               -7.857192215     CM-1
  THIS DIFFERS FROM FIRST EXTRAPOLATED VALUE BY   5.5625E-06
  SUGGESTING THAT THE FIRST VALUE COULD BE UNCONVERGED BY UP TO THIS AMOUNT.

  - - - - - - - - - - - - - - - - - - - - - - - - - - - - - - - - - - - - - - - - - - - - - - - - - - - - - - - - - - - 

  ENERGY CONVERGED: E =  -5.873084863     CM-1 FOR DR =  0.120    

  FOR BOUND STATE   3, RICHARDSON EXTRAPOLATION BASED ON ERROR PROPORTIONAL TO DR**4 FOR IPROPS =  5
  GIVES EXTRAPOLATED ENERGY =                                               -5.872183799     CM-1
  THIS DIFFERS FROM FIRST EXTRAPOLATED VALUE BY   3.9409E-06
  SUGGESTING THAT THE FIRST VALUE COULD BE UNCONVERGED BY UP TO THIS AMOUNT.

  - - - - - - - - - - - - - - - - - - - - - - - - - - - - - - - - - - - - - - - - - - - - - - - - - - - - - - - - - - - 

  ENERGY CONVERGED: E =  -2.256420932     CM-1 FOR DR =  0.120    

  FOR BOUND STATE   4, RICHARDSON EXTRAPOLATION BASED ON ERROR PROPORTIONAL TO DR**4 FOR IPROPS =  5
  GIVES EXTRAPOLATED ENERGY =                                               -2.255513608     CM-1
  THIS DIFFERS FROM FIRST EXTRAPOLATED VALUE BY   4.1860E-06
  SUGGESTING THAT THE FIRST VALUE COULD BE UNCONVERGED BY UP TO THIS AMOUNT.

  - - - - - - - - - - - - - - - - - - - - - - - - - - - - - - - - - - - - - - - - - - - - - - - - - - - - - - - - - - - 
  SCRATCH FILE OPENED ON UNIT           30

  *****************************  ANGULAR MOMENTUM JTOT  =   2   AND SYMMETRY BLOCK  =    2  ****************************

  CHANNEL FUNCTION LIST:

  EACH CHANNEL FUNCTION IS FORMED BY COMBINING A PAIR STATE WITH A VALUE OF L.

  CHANNEL  PAIR STATE    PAIR STATE QUANTUM NUMBERS            L        PAIR LEVEL   PAIR ENERGY (CM-1)
                         ---------      J   ---------
        1           2                   2                      0             2         2.0801484
        2           1                   0                      2             1         0.0000000
        3           2                   2                      2             2         2.0801484
        4           3                   4                      2             3         6.9338281
        5           2                   2                      4             2         2.0801484
        6           3                   4                      4             3         6.9338281
        7           4                   6                      4             4        14.5610390
        8           3                   4                      6             3         6.9338281
        9           4                   6                      6             4        14.5610390
       10           5                   8                      6             5        24.9617811
       11           4                   6                      8             4        14.5610390
       12           5                   8                      8             5        24.9617811
       13           6                  10                      8             6        38.1360545
       14           5                   8                     10             5        24.9617811
       15           6                  10                     10             6        38.1360545
       16           7                  12                     10             7        54.0838591
       17           6                  10                     12             6        38.1360545
       18           7                  12                     12             7        54.0838591
       19           8                  14                     12             8        72.8051949
       20           7                  12                     14             7        54.0838591
       21           8                  14                     14             8        72.8051949
       22           9                  16                     14             9        94.3000620
       23           8                  14                     16             8        72.8051949
       24           9                  16                     16             9        94.3000620
       25          10                  18                     16            10       118.5684603
       26           9                  16                     18             9        94.3000620
       27          10                  18                     18            10       118.5684603
       28          11                  20                     18            11       145.6103898
       29          10                  18                     20            10       118.5684603
       30          11                  20                     20            11       145.6103898
       31          12                  22                     20            12       175.4258506
       32          11                  20                     22            11       145.6103898
       33          12                  22                     22            12       175.4258506
       34          13                  24                     22            13       208.0148426
       35          12                  22                     24            12       175.4258506
       36          13                  24                     24            13       208.0148426
       37          14                  26                     24            14       243.3773659
       38          13                  24                     26            13       208.0148426
       39          14                  26                     26            14       243.3773659
       40          14                  26                     28            14       243.3773659

  NODE COUNT IMPLIES     0 STATES BELOW MINIMUM ENERGY =  -50.00000000     CM-1  
  NODE COUNT IMPLIES     6 STATES BELOW MAXIMUM ENERGY = -1.0000000000E-06 CM-1  

  - - - - - - - - - - - - - - - - - - - - - - - - - - - - - - - - - - - - - - - - - - - - - - - - - - - - - - - - - - - 

  SEARCHING FOR BOUND STATE NUMBER     1

  CONVERGED ON STATE NUMBER     1 AT                              ENERGY =  -14.81469494     CM-1  

  SMALLEST EIGENVALUE OF MATCHING MATRIX IS NUMBER  1 =  1.73747E-07

  WITH PRINCIPAL EIGENVECTOR COMPONENTS
  CHAN     VEC    VEC**2   L   QUANTUM NUMBERS

   1   -0.6510    0.4237   0   2   2
   2    0.7472    0.5583   2   0   1

  - - - - - - - - - - - - - - - - - - - - - - - - - - - - - - - - - - - - - - - - - - - - - - - - - - - - - - - - - - - 

  SEARCHING FOR BOUND STATE NUMBER     2

  CONVERGED ON STATE NUMBER     2 AT                              ENERGY =  -14.01116208     CM-1  

  SMALLEST EIGENVALUE OF MATCHING MATRIX IS NUMBER  1 =  4.72203E-07

  WITH PRINCIPAL EIGENVECTOR COMPONENTS
  CHAN     VEC    VEC**2   L   QUANTUM NUMBERS

   1    0.4622    0.2137   0   2   2
   2    0.6077    0.3693   2   0   1
   3    0.6430    0.4135   2   2   2

  - - - - - - - - - - - - - - - - - - - - - - - - - - - - - - - - - - - - - - - - - - - - - - - - - - - - - - - - - - - 

  SEARCHING FOR BOUND STATE NUMBER     3

  CONVERGED ON STATE NUMBER     3 AT                              ENERGY =  -7.419008404     CM-1  

  SMALLEST EIGENVALUE OF MATCHING MATRIX IS NUMBER  1 =  4.45574E-08

  WITH PRINCIPAL EIGENVECTOR COMPONENTS
  CHAN     VEC    VEC**2   L   QUANTUM NUMBERS

   1    0.5318    0.2828   0   2   2
   2    0.6925    0.4795   2   0   1
   3   -0.4641    0.2154   2   2   2
   5    0.1256    0.0158   4   2   2

  - - - - - - - - - - - - - - - - - - - - - - - - - - - - - - - - - - - - - - - - - - - - - - - - - - - - - - - - - - - 

  SEARCHING FOR BOUND STATE NUMBER     4

  CONVERGED ON STATE NUMBER     4 AT                              ENERGY =  -4.129459394     CM-1  

  SMALLEST EIGENVALUE OF MATCHING MATRIX IS NUMBER  1 =  1.07099E-09

  WITH PRINCIPAL EIGENVECTOR COMPONENTS
  CHAN     VEC    VEC**2   L   QUANTUM NUMBERS

   1   -0.3010    0.0906   0   2   2
   2    0.6831    0.4667   2   0   1
   5    0.6616    0.4378   4   2   2

  - - - - - - - - - - - - - - - - - - - - - - - - - - - - - - - - - - - - - - - - - - - - - - - - - - - - - - - - - - - 

  SEARCHING FOR BOUND STATE NUMBER     5

  CONVERGED ON STATE NUMBER     5 AT                              ENERGY =  -3.207860729     CM-1  

  SMALLEST EIGENVALUE OF MATCHING MATRIX IS NUMBER  1 =  3.55038E-09

  WITH PRINCIPAL EIGENVECTOR COMPONENTS
  CHAN     VEC    VEC**2   L   QUANTUM NUMBERS

   1    0.7876    0.6203   0   2   2
   2   -0.1891    0.0358   2   0   1
   4    0.5373    0.2886   2   4   3
   5    0.1970    0.0388   4   2   2

  - - - - - - - - - - - - - - - - - - - - - - - - - - - - - - - - - - - - - - - - - - - - - - - - - - - - - - - - - - - 

  SEARCHING FOR BOUND STATE NUMBER     6

  CONVERGED ON STATE NUMBER     6 AT                              ENERGY = -0.7028711973     CM-1  

  SMALLEST EIGENVALUE OF MATCHING MATRIX IS NUMBER  1 =  1.95566E-10

  WITH PRINCIPAL EIGENVECTOR COMPONENTS
  CHAN     VEC    VEC**2   L   QUANTUM NUMBERS

   1    0.2446    0.0598   0   2   2
   2    0.4036    0.1629   2   0   1
   3    0.8283    0.6861   2   2   2
   6    0.2775    0.0770   4   4   3

  ----------------------------------------------------------------------------------------------------------------------
  TESTING CONVERGENCE OF PROPAGATION PARAMETERS: DRS CHANGED TO   6.00000E-02

  ENERGY CONVERGED: E =  -14.81606106     CM-1 FOR DR =  6.000E-02

  FOR BOUND STATE   1, RICHARDSON EXTRAPOLATION BASED ON ERROR PROPORTIONAL TO DR**4 FOR IPROPS =  5
  GIVES EXTRAPOLATED ENERGY =                                               -14.81460386     CM-1
  THIS IS THE BEST AVAILABLE EXTRAPOLATED VALUE FROM THIS SET OF CALCULATIONS.

  - - - - - - - - - - - - - - - - - - - - - - - - - - - - - - - - - - - - - - - - - - - - - - - - - - - - - - - - - - - 

  ENERGY CONVERGED: E =  -14.01251180     CM-1 FOR DR =  6.000E-02

  FOR BOUND STATE   2, RICHARDSON EXTRAPOLATION BASED ON ERROR PROPORTIONAL TO DR**4 FOR IPROPS =  5
  GIVES EXTRAPOLATED ENERGY =                                               -14.01107210     CM-1
  THIS IS THE BEST AVAILABLE EXTRAPOLATED VALUE FROM THIS SET OF CALCULATIONS.

  - - - - - - - - - - - - - - - - - - - - - - - - - - - - - - - - - - - - - - - - - - - - - - - - - - - - - - - - - - - 

  ENERGY CONVERGED: E =  -7.419829525     CM-1 FOR DR =  6.000E-02

  FOR BOUND STATE   3, RICHARDSON EXTRAPOLATION BASED ON ERROR PROPORTIONAL TO DR**4 FOR IPROPS =  5
  GIVES EXTRAPOLATED ENERGY =                                               -7.418953662     CM-1
  THIS IS THE BEST AVAILABLE EXTRAPOLATED VALUE FROM THIS SET OF CALCULATIONS.

  - - - - - - - - - - - - - - - - - - - - - - - - - - - - - - - - - - - - - - - - - - - - - - - - - - - - - - - - - - - 

  ENERGY CONVERGED: E =  -4.130187805     CM-1 FOR DR =  6.000E-02

  FOR BOUND STATE   4, RICHARDSON EXTRAPOLATION BASED ON ERROR PROPORTIONAL TO DR**4 FOR IPROPS =  5
  GIVES EXTRAPOLATED ENERGY =                                               -4.129410833     CM-1
  THIS IS THE BEST AVAILABLE EXTRAPOLATED VALUE FROM THIS SET OF CALCULATIONS.

  - - - - - - - - - - - - - - - - - - - - - - - - - - - - - - - - - - - - - - - - - - - - - - - - - - - - - - - - - - - 

  ENERGY CONVERGED: E =  -3.208696668     CM-1 FOR DR =  6.000E-02

  FOR BOUND STATE   5, RICHARDSON EXTRAPOLATION BASED ON ERROR PROPORTIONAL TO DR**4 FOR IPROPS =  5
  GIVES EXTRAPOLATED ENERGY =                                               -3.207805000     CM-1
  THIS IS THE BEST AVAILABLE EXTRAPOLATED VALUE FROM THIS SET OF CALCULATIONS.

  - - - - - - - - - - - - - - - - - - - - - - - - - - - - - - - - - - - - - - - - - - - - - - - - - - - - - - - - - - - 

  ENERGY CONVERGED: E = -0.7035239098     CM-1 FOR DR =  6.000E-02

  FOR BOUND STATE   6, RICHARDSON EXTRAPOLATION BASED ON ERROR PROPORTIONAL TO DR**4 FOR IPROPS =  5
  GIVES EXTRAPOLATED ENERGY =                                              -0.7028276831     CM-1
  THIS IS THE BEST AVAILABLE EXTRAPOLATED VALUE FROM THIS SET OF CALCULATIONS.

  - - - - - - - - - - - - - - - - - - - - - - - - - - - - - - - - - - - - - - - - - - - - - - - - - - - - - - - - - - - 

  ----------------------------------------------------------------------------------------------------------------------
  TESTING CONVERGENCE OF PROPAGATION PARAMETERS: DRS CHANGED TO   0.12000    

  ENERGY CONVERGED: E =  -14.81603618     CM-1 FOR DR =  0.120    

  FOR BOUND STATE   1, RICHARDSON EXTRAPOLATION BASED ON ERROR PROPORTIONAL TO DR**4 FOR IPROPS =  5
  GIVES EXTRAPOLATED ENERGY =                                               -14.81460552     CM-1
  THIS DIFFERS FROM FIRST EXTRAPOLATED VALUE BY  -1.6589E-06
  SUGGESTING THAT THE FIRST VALUE COULD BE UNCONVERGED BY UP TO THIS AMOUNT.

  - - - - - - - - - - - - - - - - - - - - - - - - - - - - - - - - - - - - - - - - - - - - - - - - - - - - - - - - - - - 

  ENERGY CONVERGED: E =  -14.01248667     CM-1 FOR DR =  0.120    

  FOR BOUND STATE   2, RICHARDSON EXTRAPOLATION BASED ON ERROR PROPORTIONAL TO DR**4 FOR IPROPS =  5
  GIVES EXTRAPOLATED ENERGY =                                               -14.01107378     CM-1
  THIS DIFFERS FROM FIRST EXTRAPOLATED VALUE BY  -1.6753E-06
  SUGGESTING THAT THE FIRST VALUE COULD BE UNCONVERGED BY UP TO THIS AMOUNT.

  - - - - - - - - - - - - - - - - - - - - - - - - - - - - - - - - - - - - - - - - - - - - - - - - - - - - - - - - - - - 

  ENERGY CONVERGED: E =  -7.419912271     CM-1 FOR DR =  0.120    

  FOR BOUND STATE   3, RICHARDSON EXTRAPOLATION BASED ON ERROR PROPORTIONAL TO DR**4 FOR IPROPS =  5
  GIVES EXTRAPOLATED ENERGY =                                               -7.418948146     CM-1
  THIS DIFFERS FROM FIRST EXTRAPOLATED VALUE BY   5.5164E-06
  SUGGESTING THAT THE FIRST VALUE COULD BE UNCONVERGED BY UP TO THIS AMOUNT.

  - - - - - - - - - - - - - - - - - - - - - - - - - - - - - - - - - - - - - - - - - - - - - - - - - - - - - - - - - - - 

  ENERGY CONVERGED: E =  -4.130237881     CM-1 FOR DR =  0.120    

  FOR BOUND STATE   4, RICHARDSON EXTRAPOLATION BASED ON ERROR PROPORTIONAL TO DR**4 FOR IPROPS =  5
  GIVES EXTRAPOLATED ENERGY =                                               -4.129407494     CM-1
  THIS DIFFERS FROM FIRST EXTRAPOLATED VALUE BY   3.3384E-06
  SUGGESTING THAT THE FIRST VALUE COULD BE UNCONVERGED BY UP TO THIS AMOUNT.

  - - - - - - - - - - - - - - - - - - - - - - - - - - - - - - - - - - - - - - - - - - - - - - - - - - - - - - - - - - - 

  ENERGY CONVERGED: E =  -3.208762179     CM-1 FOR DR =  0.120    

  FOR BOUND STATE   5, RICHARDSON EXTRAPOLATION BASED ON ERROR PROPORTIONAL TO DR**4 FOR IPROPS =  5
  GIVES EXTRAPOLATED ENERGY =                                               -3.207800632     CM-1
  THIS DIFFERS FROM FIRST EXTRAPOLATED VALUE BY   4.3674E-06
  SUGGESTING THAT THE FIRST VALUE COULD BE UNCONVERGED BY UP TO THIS AMOUNT.

  - - - - - - - - - - - - - - - - - - - - - - - - - - - - - - - - - - - - - - - - - - - - - - - - - - - - - - - - - - - 

  ENERGY CONVERGED: E = -0.7035433506     CM-1 FOR DR =  0.120    

  FOR BOUND STATE   6, RICHARDSON EXTRAPOLATION BASED ON ERROR PROPORTIONAL TO DR**4 FOR IPROPS =  5
  GIVES EXTRAPOLATED ENERGY =                                              -0.7028263870     CM-1
  THIS DIFFERS FROM FIRST EXTRAPOLATED VALUE BY   1.2961E-06
  SUGGESTING THAT THE FIRST VALUE COULD BE UNCONVERGED BY UP TO THIS AMOUNT.

  - - - - - - - - - - - - - - - - - - - - - - - - - - - - - - - - - - - - - - - - - - - - - - - - - - - - - - - - - - - 
  SCRATCH FILE OPENED ON UNIT           30

  *****************************  ANGULAR MOMENTUM JTOT  =   3   AND SYMMETRY BLOCK  =    2  ****************************

  CHANNEL FUNCTION LIST:

  EACH CHANNEL FUNCTION IS FORMED BY COMBINING A PAIR STATE WITH A VALUE OF L.

  CHANNEL  PAIR STATE    PAIR STATE QUANTUM NUMBERS            L        PAIR LEVEL   PAIR ENERGY (CM-1)
                         ---------      J   ---------
        1           2                   2                      1             2         2.0801484
        2           3                   4                      1             3         6.9338281
        3           1                   0                      3             1         0.0000000
        4           2                   2                      3             2         2.0801484
        5           3                   4                      3             3         6.9338281
        6           4                   6                      3             4        14.5610390
        7           2                   2                      5             2         2.0801484
        8           3                   4                      5             3         6.9338281
        9           4                   6                      5             4        14.5610390
       10           5                   8                      5             5        24.9617811
       11           3                   4                      7             3         6.9338281
       12           4                   6                      7             4        14.5610390
       13           5                   8                      7             5        24.9617811
       14           6                  10                      7             6        38.1360545
       15           4                   6                      9             4        14.5610390
       16           5                   8                      9             5        24.9617811
       17           6                  10                      9             6        38.1360545
       18           7                  12                      9             7        54.0838591
       19           5                   8                     11             5        24.9617811
       20           6                  10                     11             6        38.1360545
       21           7                  12                     11             7        54.0838591
       22           8                  14                     11             8        72.8051949
       23           6                  10                     13             6        38.1360545
       24           7                  12                     13             7        54.0838591
       25           8                  14                     13             8        72.8051949
       26           9                  16                     13             9        94.3000620
       27           7                  12                     15             7        54.0838591
       28           8                  14                     15             8        72.8051949
       29           9                  16                     15             9        94.3000620
       30          10                  18                     15            10       118.5684603
       31           8                  14                     17             8        72.8051949
       32           9                  16                     17             9        94.3000620
       33          10                  18                     17            10       118.5684603
       34          11                  20                     17            11       145.6103898
       35           9                  16                     19             9        94.3000620
       36          10                  18                     19            10       118.5684603
       37          11                  20                     19            11       145.6103898
       38          12                  22                     19            12       175.4258506
       39          10                  18                     21            10       118.5684603
       40          11                  20                     21            11       145.6103898
       41          12                  22                     21            12       175.4258506
       42          13                  24                     21            13       208.0148426
       43          11                  20                     23            11       145.6103898
       44          12                  22                     23            12       175.4258506
       45          13                  24                     23            13       208.0148426
       46          14                  26                     23            14       243.3773659
       47          12                  22                     25            12       175.4258506
       48          13                  24                     25            13       208.0148426
       49          14                  26                     25            14       243.3773659
       50          13                  24                     27            13       208.0148426
       51          14                  26                     27            14       243.3773659
       52          14                  26                     29            14       243.3773659

  NODE COUNT IMPLIES     0 STATES BELOW MINIMUM ENERGY =  -50.00000000     CM-1  
  NODE COUNT IMPLIES     6 STATES BELOW MAXIMUM ENERGY = -1.0000000000E-06 CM-1  

  - - - - - - - - - - - - - - - - - - - - - - - - - - - - - - - - - - - - - - - - - - - - - - - - - - - - - - - - - - - 

  SEARCHING FOR BOUND STATE NUMBER     1

  CONVERGED ON STATE NUMBER     1 AT                              ENERGY =  -13.56496159     CM-1  

  SMALLEST EIGENVALUE OF MATCHING MATRIX IS NUMBER  1 =  1.77820E-08

  WITH PRINCIPAL EIGENVECTOR COMPONENTS
  CHAN     VEC    VEC**2   L   QUANTUM NUMBERS

   1    0.8073    0.6517   1   2   2
   2    0.1371    0.0188   1   4   3
   3   -0.5614    0.3151   3   0   1
   4    0.1000    0.0100   3   2   2

  - - - - - - - - - - - - - - - - - - - - - - - - - - - - - - - - - - - - - - - - - - - - - - - - - - - - - - - - - - - 

  SEARCHING FOR BOUND STATE NUMBER     2

  CONVERGED ON STATE NUMBER     2 AT                              ENERGY =  -11.93602785     CM-1  

  SMALLEST EIGENVALUE OF MATCHING MATRIX IS NUMBER  1 = -1.74918E-10

  WITH PRINCIPAL EIGENVECTOR COMPONENTS
  CHAN     VEC    VEC**2   L   QUANTUM NUMBERS

   1    0.3078    0.0947   1   2   2
   3    0.7217    0.5209   3   0   1
   4    0.6154    0.3788   3   2   2

  - - - - - - - - - - - - - - - - - - - - - - - - - - - - - - - - - - - - - - - - - - - - - - - - - - - - - - - - - - - 

  SEARCHING FOR BOUND STATE NUMBER     3

  CONVERGED ON STATE NUMBER     3 AT                              ENERGY =  -6.427586732     CM-1  

  SMALLEST EIGENVALUE OF MATCHING MATRIX IS NUMBER  1 =  9.19092E-09

  WITH PRINCIPAL EIGENVECTOR COMPONENTS
  CHAN     VEC    VEC**2   L   QUANTUM NUMBERS

   1    0.6147    0.3779   1   2   2
   3    0.6622    0.4384   3   0   1
   4   -0.4017    0.1613   3   2   2
   7    0.1031    0.0106   5   2   2

  - - - - - - - - - - - - - - - - - - - - - - - - - - - - - - - - - - - - - - - - - - - - - - - - - - - - - - - - - - - 

  SEARCHING FOR BOUND STATE NUMBER     4

  CONVERGED ON STATE NUMBER     4 AT                              ENERGY =  -3.781098534     CM-1  

  SMALLEST EIGENVALUE OF MATCHING MATRIX IS NUMBER  1 =  6.70148E-10

  WITH PRINCIPAL EIGENVECTOR COMPONENTS
  CHAN     VEC    VEC**2   L   QUANTUM NUMBERS

   1    0.7227    0.5223   1   2   2
   2   -0.5707    0.3257   1   4   3
   3   -0.3638    0.1324   3   0   1
   4    0.1042    0.0109   3   2   2

  - - - - - - - - - - - - - - - - - - - - - - - - - - - - - - - - - - - - - - - - - - - - - - - - - - - - - - - - - - - 

  SEARCHING FOR BOUND STATE NUMBER     5

  CONVERGED ON STATE NUMBER     5 AT                              ENERGY =  -1.887722485     CM-1  

  SMALLEST EIGENVALUE OF MATCHING MATRIX IS NUMBER  1 =  3.95832E-09

  WITH PRINCIPAL EIGENVECTOR COMPONENTS
  CHAN     VEC    VEC**2   L   QUANTUM NUMBERS

   1   -0.2220    0.0493   1   2   2
   2   -0.1091    0.0119   1   4   3
   3    0.7177    0.5151   3   0   1
   7    0.6449    0.4159   5   2   2

  - - - - - - - - - - - - - - - - - - - - - - - - - - - - - - - - - - - - - - - - - - - - - - - - - - - - - - - - - - - 

  SEARCHING FOR BOUND STATE NUMBER     6

  CONVERGED ON STATE NUMBER     6 AT                              ENERGY =  -1.407378376     CM-1  

  SMALLEST EIGENVALUE OF MATCHING MATRIX IS NUMBER  2 =  6.64215E-11

  WITH PRINCIPAL EIGENVECTOR COMPONENTS
  CHAN     VEC    VEC**2   L   QUANTUM NUMBERS

   1    0.3667    0.1345   1   2   2
   3   -0.2972    0.0883   3   0   1
   4   -0.5739    0.3294   3   2   2
   5    0.6512    0.4241   3   4   3
   7    0.1213    0.0147   5   2   2

  ----------------------------------------------------------------------------------------------------------------------
  TESTING CONVERGENCE OF PROPAGATION PARAMETERS: DRS CHANGED TO   6.00000E-02

  ENERGY CONVERGED: E =  -13.56630398     CM-1 FOR DR =  6.000E-02

  FOR BOUND STATE   1, RICHARDSON EXTRAPOLATION BASED ON ERROR PROPORTIONAL TO DR**4 FOR IPROPS =  5
  GIVES EXTRAPOLATED ENERGY =                                               -13.56487210     CM-1
  THIS IS THE BEST AVAILABLE EXTRAPOLATED VALUE FROM THIS SET OF CALCULATIONS.

  - - - - - - - - - - - - - - - - - - - - - - - - - - - - - - - - - - - - - - - - - - - - - - - - - - - - - - - - - - - 

  ENERGY CONVERGED: E =  -11.93729418     CM-1 FOR DR =  6.000E-02

  FOR BOUND STATE   2, RICHARDSON EXTRAPOLATION BASED ON ERROR PROPORTIONAL TO DR**4 FOR IPROPS =  5
  GIVES EXTRAPOLATED ENERGY =                                               -11.93594343     CM-1
  THIS IS THE BEST AVAILABLE EXTRAPOLATED VALUE FROM THIS SET OF CALCULATIONS.

  - - - - - - - - - - - - - - - - - - - - - - - - - - - - - - - - - - - - - - - - - - - - - - - - - - - - - - - - - - - 

  ENERGY CONVERGED: E =  -6.428382359     CM-1 FOR DR =  6.000E-02

  FOR BOUND STATE   3, RICHARDSON EXTRAPOLATION BASED ON ERROR PROPORTIONAL TO DR**4 FOR IPROPS =  5
  GIVES EXTRAPOLATED ENERGY =                                               -6.427533690     CM-1
  THIS IS THE BEST AVAILABLE EXTRAPOLATED VALUE FROM THIS SET OF CALCULATIONS.

  - - - - - - - - - - - - - - - - - - - - - - - - - - - - - - - - - - - - - - - - - - - - - - - - - - - - - - - - - - - 

  ENERGY CONVERGED: E =  -3.781926568     CM-1 FOR DR =  6.000E-02

  FOR BOUND STATE   4, RICHARDSON EXTRAPOLATION BASED ON ERROR PROPORTIONAL TO DR**4 FOR IPROPS =  5
  GIVES EXTRAPOLATED ENERGY =                                               -3.781043331     CM-1
  THIS IS THE BEST AVAILABLE EXTRAPOLATED VALUE FROM THIS SET OF CALCULATIONS.

  - - - - - - - - - - - - - - - - - - - - - - - - - - - - - - - - - - - - - - - - - - - - - - - - - - - - - - - - - - - 

  ENERGY CONVERGED: E =  -1.888390900     CM-1 FOR DR =  6.000E-02

  FOR BOUND STATE   5, RICHARDSON EXTRAPOLATION BASED ON ERROR PROPORTIONAL TO DR**4 FOR IPROPS =  5
  GIVES EXTRAPOLATED ENERGY =                                               -1.887677924     CM-1
  THIS IS THE BEST AVAILABLE EXTRAPOLATED VALUE FROM THIS SET OF CALCULATIONS.

  - - - - - - - - - - - - - - - - - - - - - - - - - - - - - - - - - - - - - - - - - - - - - - - - - - - - - - - - - - - 

  ENERGY CONVERGED: E =  -1.408172731     CM-1 FOR DR =  6.000E-02

  FOR BOUND STATE   6, RICHARDSON EXTRAPOLATION BASED ON ERROR PROPORTIONAL TO DR**4 FOR IPROPS =  5
  GIVES EXTRAPOLATED ENERGY =                                               -1.407325419     CM-1
  THIS IS THE BEST AVAILABLE EXTRAPOLATED VALUE FROM THIS SET OF CALCULATIONS.

  - - - - - - - - - - - - - - - - - - - - - - - - - - - - - - - - - - - - - - - - - - - - - - - - - - - - - - - - - - - 

  ----------------------------------------------------------------------------------------------------------------------
  TESTING CONVERGENCE OF PROPAGATION PARAMETERS: DRS CHANGED TO   0.12000    

  ENERGY CONVERGED: E =  -13.56627969     CM-1 FOR DR =  0.120    

  FOR BOUND STATE   1, RICHARDSON EXTRAPOLATION BASED ON ERROR PROPORTIONAL TO DR**4 FOR IPROPS =  5
  GIVES EXTRAPOLATED ENERGY =                                               -13.56487372     CM-1
  THIS DIFFERS FROM FIRST EXTRAPOLATED VALUE BY  -1.6196E-06
  SUGGESTING THAT THE FIRST VALUE COULD BE UNCONVERGED BY UP TO THIS AMOUNT.

  - - - - - - - - - - - - - - - - - - - - - - - - - - - - - - - - - - - - - - - - - - - - - - - - - - - - - - - - - - - 

  ENERGY CONVERGED: E =  -11.93727065     CM-1 FOR DR =  0.120    

  FOR BOUND STATE   2, RICHARDSON EXTRAPOLATION BASED ON ERROR PROPORTIONAL TO DR**4 FOR IPROPS =  5
  GIVES EXTRAPOLATED ENERGY =                                               -11.93594500     CM-1
  THIS DIFFERS FROM FIRST EXTRAPOLATED VALUE BY  -1.5686E-06
  SUGGESTING THAT THE FIRST VALUE COULD BE UNCONVERGED BY UP TO THIS AMOUNT.

  - - - - - - - - - - - - - - - - - - - - - - - - - - - - - - - - - - - - - - - - - - - - - - - - - - - - - - - - - - - 

  ENERGY CONVERGED: E =  -6.428465883     CM-1 FOR DR =  0.120    

  FOR BOUND STATE   3, RICHARDSON EXTRAPOLATION BASED ON ERROR PROPORTIONAL TO DR**4 FOR IPROPS =  5
  GIVES EXTRAPOLATED ENERGY =                                               -6.427528122     CM-1
  THIS DIFFERS FROM FIRST EXTRAPOLATED VALUE BY   5.5683E-06
  SUGGESTING THAT THE FIRST VALUE COULD BE UNCONVERGED BY UP TO THIS AMOUNT.

  - - - - - - - - - - - - - - - - - - - - - - - - - - - - - - - - - - - - - - - - - - - - - - - - - - - - - - - - - - - 

  ENERGY CONVERGED: E =  -3.781977853     CM-1 FOR DR =  0.120    

  FOR BOUND STATE   4, RICHARDSON EXTRAPOLATION BASED ON ERROR PROPORTIONAL TO DR**4 FOR IPROPS =  5
  GIVES EXTRAPOLATED ENERGY =                                               -3.781039912     CM-1
  THIS DIFFERS FROM FIRST EXTRAPOLATED VALUE BY   3.4190E-06
  SUGGESTING THAT THE FIRST VALUE COULD BE UNCONVERGED BY UP TO THIS AMOUNT.

  - - - - - - - - - - - - - - - - - - - - - - - - - - - - - - - - - - - - - - - - - - - - - - - - - - - - - - - - - - - 

  ENERGY CONVERGED: E =  -1.888440067     CM-1 FOR DR =  0.120    

  FOR BOUND STATE   5, RICHARDSON EXTRAPOLATION BASED ON ERROR PROPORTIONAL TO DR**4 FOR IPROPS =  5
  GIVES EXTRAPOLATED ENERGY =                                               -1.887674646     CM-1
  THIS DIFFERS FROM FIRST EXTRAPOLATED VALUE BY   3.2777E-06
  SUGGESTING THAT THE FIRST VALUE COULD BE UNCONVERGED BY UP TO THIS AMOUNT.

  - - - - - - - - - - - - - - - - - - - - - - - - - - - - - - - - - - - - - - - - - - - - - - - - - - - - - - - - - - - 

  ENERGY CONVERGED: E =  -1.408221950     CM-1 FOR DR =  0.120    

  FOR BOUND STATE   6, RICHARDSON EXTRAPOLATION BASED ON ERROR PROPORTIONAL TO DR**4 FOR IPROPS =  5
  GIVES EXTRAPOLATED ENERGY =                                               -1.407322137     CM-1
  THIS DIFFERS FROM FIRST EXTRAPOLATED VALUE BY   3.2813E-06
  SUGGESTING THAT THE FIRST VALUE COULD BE UNCONVERGED BY UP TO THIS AMOUNT.

  - - - - - - - - - - - - - - - - - - - - - - - - - - - - - - - - - - - - - - - - - - - - - - - - - - - - - - - - - - - 


  -- BOUND ------ BOUND ------ BOUND ------ BOUND ------ BOUND ------ BOUND --
 |                                                                            |
 |          Bound states of interacting pairs of atoms and molecules          |
 |                                                                            |
 |              Copyright (C) 2025 J. M. Hutson & C. R. Le Sueur              |
 |                                                                            |
 |                               Version 2025.0                               |
 |                                                                            |
 |                      This run used      12.09 cpu secs                     |
 |                                                                            |
  -- BOUND ------ BOUND ------ BOUND ------ BOUND ------ BOUND ------ BOUND --
